#
# A fatal error has been detected by the Java Runtime Environment:
#
#  SIGSEGV (0xb) at pc=0x0000000113059873, pid=20318, tid=0x0000000000000307
#
# JRE version: Java(TM) SE Runtime Environment (8.0_131-b11) (build 1.8.0_131-b11)
# Java VM: Java HotSpot(TM) 64-Bit Server VM (25.131-b11 mixed mode bsd-amd64 compressed oops)
# Problematic frame:
# C  [libglfw.dylib+0x9873]
#
# Failed to write core dump. Core dumps have been disabled. To enable core dumping, try "ulimit -c unlimited" before starting Java again
#
# If you would like to submit a bug report, please visit:
#   http://bugreport.java.com/bugreport/crash.jsp
# The crash happened outside the Java Virtual Machine in native code.
# See problematic frame for where to report the bug.
#

---------------  T H R E A D  ---------------

Current thread (0x00007fc23e001000):  JavaThread "main" [_thread_in_native, id=775, stack(0x00007ffee3bac000,0x00007ffee43ac000)]

siginfo: si_signo: 11 (SIGSEGV), si_code: 1 (SEGV_MAPERR), si_addr: 0x0000000000000000

Registers:
RAX=0x0000000000000000, RBX=0x00007fc23ce58340, RCX=0x0000000000000000, RDX=0x0000000000000000
RSP=0x00007ffee43a6ba0, RBP=0x00007ffee43a6bb0, RSI=0x00007fff4ecd30e6, RDI=0x00007fc23d0360e0
R8 =0x0000000000000000, R9 =0x00007fc23cf08a80, R10=0x00007fffab24c668, R11=0x00007fc23cf03cd0
R12=0x0000000000000000, R13=0x00007ffee43a6c18, R14=0x00007ffee43a6bf0, R15=0x00007fc23e001000
RIP=0x0000000113059873, EFLAGS=0x0000000000010287, ERR=0x0000000000000004
  TRAPNO=0x000000000000000e

Top of Stack: (sp=0x00007ffee43a6ba0)
0x00007ffee43a6ba0:   000000010ff4abd8 000000010ff4abd8
0x00007ffee43a6bb0:   00007ffee43a6c00 0000000117f988b6
0x00007ffee43a6bc0:   00007ffee43a6c00 000000011306115e
0x00007ffee43a6bd0:   00000007abb2aa30 000000010fec6f68
0x00007ffee43a6be0:   00007ffee43a6ce8 0000000117f993ac
0x00007ffee43a6bf0:   00000007abb2aa30 00007fc23e001000
0x00007ffee43a6c00:   00007ffee43a6c78 0000000117cbf2bd
0x00007ffee43a6c10:   0000000117cbf2bd 00007fc23ce58340
0x00007ffee43a6c20:   00007ffee43a6c70 0000000113059810
0x00007ffee43a6c30:   00007ffee43a6c80 00007ffee43a6c38
0x00007ffee43a6c40:   000000010fec3646 00007ffee43a6ca0
0x00007ffee43a6c50:   000000010fed4b40 0000000000000000
0x00007ffee43a6c60:   000000010fec3678 00007ffee43a6c18
0x00007ffee43a6c70:   00007ffee43a6c98 00007ffee43a6ce8
0x00007ffee43a6c80:   0000000117cbf2bd 0000000113059810
0x00007ffee43a6c90:   0000000000000000 00007fc23ce58340
0x00007ffee43a6ca0:   0000000000000001 00007ffee43a6ca8
0x00007ffee43a6cb0:   000000010feba5e4 00007ffee43a6d18
0x00007ffee43a6cc0:   000000010feba710 0000000000000000
0x00007ffee43a6cd0:   000000010feba698 00007ffee43a6c98
0x00007ffee43a6ce0:   00007ffee43a6d18 00007ffee43a6d80
0x00007ffee43a6cf0:   0000000117cb77a7 000000003eb33331
0x00007ffee43a6d00:   00000000bdb851e8 00007fc23ce58340
0x00007ffee43a6d10:   0000000000000000 00000007abb1d578
0x00007ffee43a6d20:   0000000100001fa1 000000000000000a
0x00007ffee43a6d30:   00007fc23e001000 0000000000000001
0x00007ffee43a6d40:   0000000117cb771f 000000010feba698
0x00007ffee43a6d50:   00007ffee43a6e18 00007ffee43a71a0
0x00007ffee43a6d60:   000000010000000a 000000010feba698
0x00007ffee43a6d70:   0000000117cc9c80 00007ffee43a6f58
0x00007ffee43a6d80:   00007ffee43a6f30 000000010c4ee5b6
0x00007ffee43a6d90:   8600eedf00000001 00007fc23e001000 

Instructions: (pc=0x0000000113059873)
0x0000000113059853:   e8 28 b1 ff ff 48 89 df e8 20 68 00 00 b8 e8 03
0x0000000113059863:   00 00 48 03 05 e4 f7 01 00 0f 1f 40 00 48 89 c1
0x0000000113059873:   48 8b 01 48 39 d8 75 f5 48 8b 03 48 89 01 48 89
0x0000000113059883:   df 48 83 c4 08 5b 5d e9 7d ae 00 00 bf 01 00 01 

Register to memory mapping:

RAX=0x0000000000000000 is an unknown value
RBX=0x00007fc23ce58340 is an unknown value
RCX=0x0000000000000000 is an unknown value
RDX=0x0000000000000000 is an unknown value
RSP=0x00007ffee43a6ba0 is pointing into the stack for thread: 0x00007fc23e001000
RBP=0x00007ffee43a6bb0 is pointing into the stack for thread: 0x00007fc23e001000
RSI=0x00007fff4ecd30e6: .str.41.llvm.371263A9+0x3a370 in /System/Library/Frameworks/AppKit.framework/Versions/C/AppKit at 0x00007fff4e003000
RDI=0x00007fc23d0360e0 is an unknown value
R8 =0x0000000000000000 is an unknown value
R9 =0x00007fc23cf08a80 is an unknown value
R10=0x00007fffab24c668: OBJC_CLASS_$_NSAutoreleasePool+0 in /System/Library/Frameworks/Foundation.framework/Versions/C/Foundation at 0x00007fff52b21000
R11=0x00007fc23cf03cd0 is an unknown value
R12=0x0000000000000000 is an unknown value
R13=0x00007ffee43a6c18 is pointing into the stack for thread: 0x00007fc23e001000
R14=0x00007ffee43a6bf0 is pointing into the stack for thread: 0x00007fc23e001000
R15=0x00007fc23e001000 is a thread


Stack: [0x00007ffee3bac000,0x00007ffee43ac000],  sp=0x00007ffee43a6ba0,  free space=8170k
Native frames: (J=compiled Java code, j=interpreted, Vv=VM code, C=native code)
C  [libglfw.dylib+0x9873]
J 677  org.lwjgl.system.JNI.invokePV(JJ)V (0 bytes) @ 0x0000000117f988b6 [0x0000000117f98800+0xb6]
j  org.lwjgl.glfw.GLFW.glfwDestroyWindow(J)V+6
j  com.lwGame.first.Main.main([Ljava/lang/String;)V+148
v  ~StubRoutines::call_stub
V  [libjvm.dylib+0x2ee5b6]
V  [libjvm.dylib+0x3253ce]
V  [libjvm.dylib+0x31e145]
C  [java+0x3931]  JavaMain+0x9c4
C  [java+0x5590]  -[JavaLaunchHelper launchJava:]+0x2a
C  [Foundation+0x68125]  __NSThreadPerformPerform+0x14e
C  [CoreFoundation+0xa35a1]  __CFRUNLOOP_IS_CALLING_OUT_TO_A_SOURCE0_PERFORM_FUNCTION__+0x11
C  [CoreFoundation+0x15d35c]  __CFRunLoopDoSource0+0x6c
C  [CoreFoundation+0x86040]  __CFRunLoopDoSources0+0xd0
C  [CoreFoundation+0x854bd]  __CFRunLoopRun+0x50d
C  [CoreFoundation+0x84d23]  CFRunLoopRunSpecific+0x1e3
C  [java+0x6465]  CreateExecutionEnvironment+0x367
C  [java+0x218c]  JLI_Launch+0x7a0
C  [java+0x84c2]  main+0x65
C  [java+0x19e4]  start+0x34
C  0x0000000000000006

Java frames: (J=compiled Java code, j=interpreted, Vv=VM code)
J 677  org.lwjgl.system.JNI.invokePV(JJ)V (0 bytes) @ 0x0000000117f98844 [0x0000000117f98800+0x44]
j  org.lwjgl.glfw.GLFW.glfwDestroyWindow(J)V+6
j  com.lwGame.first.Main.main([Ljava/lang/String;)V+148
v  ~StubRoutines::call_stub

---------------  P R O C E S S  ---------------

Java Threads: ( => current thread )
  0x00007fc23d816000 JavaThread "Service Thread" daemon [_thread_blocked, id=14339, stack(0x0000700001c3f000,0x0000700001d3f000)]
  0x00007fc23e013800 JavaThread "C1 CompilerThread2" daemon [_thread_blocked, id=18435, stack(0x0000700001b3c000,0x0000700001c3c000)]
  0x00007fc23e012800 JavaThread "C2 CompilerThread1" daemon [_thread_blocked, id=18691, stack(0x0000700001a39000,0x0000700001b39000)]
  0x00007fc23e00e000 JavaThread "C2 CompilerThread0" daemon [_thread_blocked, id=19203, stack(0x0000700001936000,0x0000700001a36000)]
  0x00007fc23d03a800 JavaThread "Signal Dispatcher" daemon [_thread_blocked, id=19719, stack(0x0000700001833000,0x0000700001933000)]
  0x00007fc23d815800 JavaThread "Finalizer" daemon [_thread_blocked, id=12035, stack(0x0000700001730000,0x0000700001830000)]
  0x00007fc23e815000 JavaThread "Reference Handler" daemon [_thread_blocked, id=11523, stack(0x000070000162d000,0x000070000172d000)]
=>0x00007fc23e001000 JavaThread "main" [_thread_in_native, id=775, stack(0x00007ffee3bac000,0x00007ffee43ac000)]

Other Threads:
  0x00007fc23d014000 VMThread [stack: 0x000070000152a000,0x000070000162a000] [id=11011]
  0x00007fc23e82e800 WatcherThread [stack: 0x0000700001d42000,0x0000700001e42000] [id=14595]

VM state:not at safepoint (normal execution)

VM Mutex/Monitor currently owned by a thread: None

Heap:
 PSYoungGen      total 18944K, used 3683K [0x00000007aab00000, 0x00000007ac000000, 0x00000007c0000000)
  eden space 16384K, 6% used [0x00000007aab00000,0x00000007aac1d490,0x00000007abb00000)
  from space 2560K, 99% used [0x00000007abb00000,0x00000007abd7bb18,0x00000007abd80000)
  to   space 2560K, 0% used [0x00000007abd80000,0x00000007abd80000,0x00000007ac000000)
 ParOldGen       total 44032K, used 8K [0x0000000780000000, 0x0000000782b00000, 0x00000007aab00000)
  object space 44032K, 0% used [0x0000000780000000,0x0000000780002000,0x0000000782b00000)
 Metaspace       used 6944K, capacity 7105K, committed 7168K, reserved 1056768K
  class space    used 645K, capacity 743K, committed 768K, reserved 1048576K

Card table byte_map: [0x000000010d563000,0x000000010d764000] byte_map_base: 0x0000000109963000

Marking Bits: (ParMarkBitMap*) 0x000000010caf1ea0
 Begin Bits: [0x000000010d8ba000, 0x000000010e8ba000)
 End Bits:   [0x000000010e8ba000, 0x000000010f8ba000)

Polling page: 0x000000010b8d0000

CodeCache: size=245760Kb used=3004Kb max_used=3041Kb free=242755Kb
 bounds [0x0000000117cb7000, 0x0000000117fb7000, 0x0000000126cb7000]
 total_blobs=1451 nmethods=687 adapters=678
 compilation: enabled

Compilation events (10 events):
Event: 1.095 Thread 0x00007fc23e013800 nmethod 674 0x0000000117f99110 code [0x0000000117f992a0, 0x0000000117f99598]
Event: 1.140 Thread 0x00007fc23e013800  678       3       org.lwjgl.glfw.EventLoop$OnScreen::check (1 bytes)
Event: 1.140 Thread 0x00007fc23e013800 nmethod 678 0x0000000117f98390 code [0x0000000117f984e0, 0x0000000117f98610]
Event: 1.140 Thread 0x00007fc23e013800  679       3       org.lwjgl.glfw.GLFW::glfwWindowShouldClose (29 bytes)
Event: 1.141 Thread 0x00007fc23e013800 nmethod 679 0x0000000117f97d50 code [0x0000000117f97ee0, 0x0000000117f98218]
Event: 1.142 Thread 0x00007fc23e013800  681       3       org.lwjgl.glfw.GLFW::glfwPollEvents (12 bytes)
Event: 1.142 Thread 0x00007fc23e013800 nmethod 681 0x0000000117f975d0 code [0x0000000117f97740, 0x0000000117f97908]
Event: 1.149 Thread 0x00007fc23e013800  687       3       org.lwjgl.glfw.GLFW::glfwSwapBuffers (21 bytes)
Event: 1.149 Thread 0x00007fc23e013800 nmethod 687 0x0000000117f9a010 code [0x0000000117f9a1a0, 0x0000000117f9a478]
Event: 1.278 Thread 0x00007fc23e00e000 nmethod 594 0x0000000117fa3790 code [0x0000000117fa3d80, 0x0000000117faa1e8]

GC Heap History (2 events):
Event: 0.958 GC heap before
{Heap before GC invocations=1 (full 0):
 PSYoungGen      total 18944K, used 16384K [0x00000007aab00000, 0x00000007ac000000, 0x00000007c0000000)
  eden space 16384K, 100% used [0x00000007aab00000,0x00000007abb00000,0x00000007abb00000)
  from space 2560K, 0% used [0x00000007abd80000,0x00000007abd80000,0x00000007ac000000)
  to   space 2560K, 0% used [0x00000007abb00000,0x00000007abb00000,0x00000007abd80000)
 ParOldGen       total 44032K, used 0K [0x0000000780000000, 0x0000000782b00000, 0x00000007aab00000)
  object space 44032K, 0% used [0x0000000780000000,0x0000000780000000,0x0000000782b00000)
 Metaspace       used 6627K, capacity 6825K, committed 7168K, reserved 1056768K
  class space    used 601K, capacity 671K, committed 768K, reserved 1048576K
Event: 0.966 GC heap after
Heap after GC invocations=1 (full 0):
 PSYoungGen      total 18944K, used 2542K [0x00000007aab00000, 0x00000007ac000000, 0x00000007c0000000)
  eden space 16384K, 0% used [0x00000007aab00000,0x00000007aab00000,0x00000007abb00000)
  from space 2560K, 99% used [0x00000007abb00000,0x00000007abd7bb18,0x00000007abd80000)
  to   space 2560K, 0% used [0x00000007abd80000,0x00000007abd80000,0x00000007ac000000)
 ParOldGen       total 44032K, used 8K [0x0000000780000000, 0x0000000782b00000, 0x00000007aab00000)
  object space 44032K, 0% used [0x0000000780000000,0x0000000780002000,0x0000000782b00000)
 Metaspace       used 6627K, capacity 6825K, committed 7168K, reserved 1056768K
  class space    used 601K, capacity 671K, committed 768K, reserved 1048576K
}

Deoptimization events (4 events):
Event: 0.139 Thread 0x00007fc23e001000 Uncommon trap: reason=unstable_if action=reinterpret pc=0x0000000117dc3b68 method=java.lang.String.hashCode()I @ 14
Event: 0.349 Thread 0x00007fc23e001000 Uncommon trap: reason=unstable_if action=reinterpret pc=0x0000000117e8fd38 method=java.lang.String.indexOf([CII[CIII)I @ 134
Event: 0.356 Thread 0x00007fc23e001000 Uncommon trap: reason=unstable_if action=reinterpret pc=0x0000000117e415fc method=java.io.BufferedReader.readLine(Z)Ljava/lang/String; @ 153
Event: 0.357 Thread 0x00007fc23e001000 Uncommon trap: reason=bimorphic action=maybe_recompile pc=0x0000000117e9faa0 method=java.util.HashMap.getNode(ILjava/lang/Object;)Ljava/util/HashMap$Node; @ 126

Internal exceptions (10 events):
Event: 0.042 Thread 0x00007fc23e001000 Exception <a 'java/lang/NoSuchMethodError': Method sun.misc.Unsafe.defineClass(Ljava/lang/String;[BII)Ljava/lang/Class; name or signature does not match> (0x00000007aab07ca8) thrown at [/Users/java_re/workspace/8-2-build-macosx-x86_64/jdk8u131/8869/hotspo
Event: 0.042 Thread 0x00007fc23e001000 Exception <a 'java/lang/NoSuchMethodError': Method sun.misc.Unsafe.prefetchRead(Ljava/lang/Object;J)V name or signature does not match> (0x00000007aab07f90) thrown at [/Users/java_re/workspace/8-2-build-macosx-x86_64/jdk8u131/8869/hotspot/src/share/vm/pri
Event: 0.283 Thread 0x00007fc23e001000 Exception <a 'java/lang/NoSuchMethodError': java.lang.Object.lambda$static$0(Ljava/lang/String;)Ljava/lang/Boolean;> (0x00000007ab132418) thrown at [/Users/java_re/workspace/8-2-build-macosx-x86_64/jdk8u131/8869/hotspot/src/share/vm/interpreter/linkResolv
Event: 0.300 Thread 0x00007fc23e001000 Exception <a 'java/lang/NoSuchFieldError': method resolution failed> (0x00000007ab1aa800) thrown at [/Users/java_re/workspace/8-2-build-macosx-x86_64/jdk8u131/8869/hotspot/src/share/vm/prims/methodHandles.cpp, line 1146]
Event: 0.303 Thread 0x00007fc23e001000 Exception <a 'java/lang/NoSuchFieldError': method resolution failed> (0x00000007ab1b7bd0) thrown at [/Users/java_re/workspace/8-2-build-macosx-x86_64/jdk8u131/8869/hotspot/src/share/vm/prims/methodHandles.cpp, line 1146]
Event: 0.401 Thread 0x00007fc23e001000 Exception <a 'java/security/PrivilegedActionException'> (0x00000007ab397b20) thrown at [/Users/java_re/workspace/8-2-build-macosx-x86_64/jdk8u131/8869/hotspot/src/share/vm/prims/jvm.cpp, line 1390]
Event: 0.401 Thread 0x00007fc23e001000 Exception <a 'java/security/PrivilegedActionException'> (0x00000007ab397d30) thrown at [/Users/java_re/workspace/8-2-build-macosx-x86_64/jdk8u131/8869/hotspot/src/share/vm/prims/jvm.cpp, line 1390]
Event: 0.401 Thread 0x00007fc23e001000 Exception <a 'java/security/PrivilegedActionException'> (0x00000007ab39b060) thrown at [/Users/java_re/workspace/8-2-build-macosx-x86_64/jdk8u131/8869/hotspot/src/share/vm/prims/jvm.cpp, line 1390]
Event: 0.401 Thread 0x00007fc23e001000 Exception <a 'java/security/PrivilegedActionException'> (0x00000007ab39b270) thrown at [/Users/java_re/workspace/8-2-build-macosx-x86_64/jdk8u131/8869/hotspot/src/share/vm/prims/jvm.cpp, line 1390]
Event: 0.554 Thread 0x00007fc23e001000 Exception <a 'sun/nio/fs/UnixException'> (0x00000007ab6a73a0) thrown at [/Users/java_re/workspace/8-2-build-macosx-x86_64/jdk8u131/8869/hotspot/src/share/vm/prims/jni.cpp, line 709]

Events (10 events):
Event: 0.997 loading class java/nio/InvalidMarkException
Event: 0.997 loading class java/nio/InvalidMarkException done
Event: 0.997 loading class java/nio/BufferUnderflowException
Event: 0.997 loading class java/nio/BufferUnderflowException done
Event: 0.997 loading class sun/reflect/UnsafeQualifiedLongFieldAccessorImpl
Event: 0.998 loading class sun/reflect/UnsafeQualifiedFieldAccessorImpl
Event: 0.998 loading class sun/reflect/UnsafeQualifiedFieldAccessorImpl done
Event: 0.998 loading class sun/reflect/UnsafeQualifiedLongFieldAccessorImpl done
Event: 4.158 Executing VM operation: EnableBiasedLocking
Event: 4.159 Executing VM operation: EnableBiasedLocking done


Dynamic libraries:
0x0000000029035000 	/System/Library/Frameworks/Cocoa.framework/Versions/A/Cocoa
0x0000000029035000 	/System/Library/Frameworks/Security.framework/Versions/A/Security
0x0000000029035000 	/System/Library/Frameworks/ApplicationServices.framework/Versions/A/ApplicationServices
0x0000000029035000 	/usr/lib/libz.1.dylib
0x0000000029035000 	/usr/lib/libSystem.B.dylib
0x0000000029035000 	/usr/lib/libobjc.A.dylib
0x0000000029035000 	/System/Library/Frameworks/CoreFoundation.framework/Versions/A/CoreFoundation
0x0000000029035000 	/System/Library/Frameworks/Foundation.framework/Versions/C/Foundation
0x0000000029035000 	/System/Library/Frameworks/AppKit.framework/Versions/C/AppKit
0x0000000029035000 	/System/Library/Frameworks/CoreData.framework/Versions/A/CoreData
0x0000000029035000 	/System/Library/PrivateFrameworks/RemoteViewServices.framework/Versions/A/RemoteViewServices
0x0000000029035000 	/System/Library/PrivateFrameworks/UIFoundation.framework/Versions/A/UIFoundation
0x0000000029035000 	/System/Library/PrivateFrameworks/DFRFoundation.framework/Versions/A/DFRFoundation
0x0000000029035000 	/System/Library/Frameworks/Metal.framework/Versions/A/Metal
0x0000000029035000 	/System/Library/PrivateFrameworks/DesktopServicesPriv.framework/Versions/A/DesktopServicesPriv
0x0000000029035000 	/usr/lib/libenergytrace.dylib
0x0000000029035000 	/System/Library/PrivateFrameworks/SkyLight.framework/Versions/A/SkyLight
0x0000000029035000 	/System/Library/Frameworks/CoreGraphics.framework/Versions/A/CoreGraphics
0x0000000029035000 	/usr/lib/libScreenReader.dylib
0x0000000029035000 	/System/Library/Frameworks/Accelerate.framework/Versions/A/Accelerate
0x0000000029035000 	/System/Library/Frameworks/IOSurface.framework/Versions/A/IOSurface
0x0000000029035000 	/System/Library/Frameworks/AudioToolbox.framework/Versions/A/AudioToolbox
0x0000000029035000 	/System/Library/Frameworks/AudioUnit.framework/Versions/A/AudioUnit
0x0000000029035000 	/System/Library/PrivateFrameworks/DataDetectorsCore.framework/Versions/A/DataDetectorsCore
0x0000000029035000 	/System/Library/Frameworks/Carbon.framework/Versions/A/Frameworks/HIToolbox.framework/Versions/A/HIToolbox
0x0000000029035000 	/usr/lib/libicucore.A.dylib
0x0000000029035000 	/System/Library/Frameworks/QuartzCore.framework/Versions/A/QuartzCore
0x0000000029035000 	/System/Library/Frameworks/Carbon.framework/Versions/A/Frameworks/SpeechRecognition.framework/Versions/A/SpeechRecognition
0x0000000029035000 	/usr/lib/libauto.dylib
0x0000000029035000 	/usr/lib/libxml2.2.dylib
0x0000000029035000 	/System/Library/PrivateFrameworks/CoreUI.framework/Versions/A/CoreUI
0x0000000029035000 	/System/Library/Frameworks/CoreAudio.framework/Versions/A/CoreAudio
0x0000000029035000 	/System/Library/Frameworks/DiskArbitration.framework/Versions/A/DiskArbitration
0x0000000029035000 	/usr/lib/liblangid.dylib
0x0000000029035000 	/System/Library/PrivateFrameworks/MultitouchSupport.framework/Versions/A/MultitouchSupport
0x0000000029035000 	/System/Library/Frameworks/IOKit.framework/Versions/A/IOKit
0x0000000029035000 	/usr/lib/libDiagnosticMessagesClient.dylib
0x0000000029035000 	/System/Library/Frameworks/CoreServices.framework/Versions/A/CoreServices
0x0000000029035000 	/System/Library/PrivateFrameworks/PerformanceAnalysis.framework/Versions/A/PerformanceAnalysis
0x0000000029035000 	/System/Library/Frameworks/OpenGL.framework/Versions/A/OpenGL
0x0000000029035000 	/System/Library/Frameworks/ColorSync.framework/Versions/A/ColorSync
0x0000000029035000 	/System/Library/Frameworks/CoreImage.framework/Versions/A/CoreImage
0x0000000029035000 	/System/Library/Frameworks/CoreText.framework/Versions/A/CoreText
0x0000000029035000 	/System/Library/Frameworks/ImageIO.framework/Versions/A/ImageIO
0x0000000029035000 	/System/Library/PrivateFrameworks/Backup.framework/Versions/A/Backup
0x0000000029035000 	/usr/lib/libarchive.2.dylib
0x0000000029035000 	/System/Library/Frameworks/CFNetwork.framework/Versions/A/CFNetwork
0x0000000029035000 	/System/Library/Frameworks/SystemConfiguration.framework/Versions/A/SystemConfiguration
0x0000000029035000 	/usr/lib/libCRFSuite.dylib
0x0000000029035000 	/usr/lib/libc++.1.dylib
0x0000000029035000 	/usr/lib/libc++abi.dylib
0x0000000029035000 	/usr/lib/system/libcache.dylib
0x0000000029035000 	/usr/lib/system/libcommonCrypto.dylib
0x0000000029035000 	/usr/lib/system/libcompiler_rt.dylib
0x0000000029035000 	/usr/lib/system/libcopyfile.dylib
0x0000000029035000 	/usr/lib/system/libcorecrypto.dylib
0x0000000029035000 	/usr/lib/system/libdispatch.dylib
0x0000000029035000 	/usr/lib/system/libdyld.dylib
0x0000000029035000 	/usr/lib/system/libkeymgr.dylib
0x0000000029035000 	/usr/lib/system/liblaunch.dylib
0x0000000029035000 	/usr/lib/system/libmacho.dylib
0x0000000029035000 	/usr/lib/system/libquarantine.dylib
0x0000000029035000 	/usr/lib/system/libremovefile.dylib
0x0000000029035000 	/usr/lib/system/libsystem_asl.dylib
0x0000000029035000 	/usr/lib/system/libsystem_blocks.dylib
0x0000000029035000 	/usr/lib/system/libsystem_c.dylib
0x0000000029035000 	/usr/lib/system/libsystem_configuration.dylib
0x0000000029035000 	/usr/lib/system/libsystem_coreservices.dylib
0x0000000029035000 	/usr/lib/system/libsystem_darwin.dylib
0x0000000029035000 	/usr/lib/system/libsystem_dnssd.dylib
0x0000000029035000 	/usr/lib/system/libsystem_info.dylib
0x0000000029035000 	/usr/lib/system/libsystem_m.dylib
0x0000000029035000 	/usr/lib/system/libsystem_malloc.dylib
0x0000000029035000 	/usr/lib/system/libsystem_network.dylib
0x0000000029035000 	/usr/lib/system/libsystem_networkextension.dylib
0x0000000029035000 	/usr/lib/system/libsystem_notify.dylib
0x0000000029035000 	/usr/lib/system/libsystem_sandbox.dylib
0x0000000029035000 	/usr/lib/system/libsystem_secinit.dylib
0x0000000029035000 	/usr/lib/system/libsystem_kernel.dylib
0x0000000029035000 	/usr/lib/system/libsystem_platform.dylib
0x0000000029035000 	/usr/lib/system/libsystem_pthread.dylib
0x0000000029035000 	/usr/lib/system/libsystem_symptoms.dylib
0x0000000029035000 	/usr/lib/system/libsystem_trace.dylib
0x0000000029035000 	/usr/lib/system/libunwind.dylib
0x0000000029035000 	/usr/lib/system/libxpc.dylib
0x0000000029035000 	/usr/lib/closure/libclosured.dylib
0x0000000029035000 	/usr/lib/libbsm.0.dylib
0x0000000029035000 	/usr/lib/system/libkxld.dylib
0x0000000029035000 	/usr/lib/libOpenScriptingUtil.dylib
0x0000000029035000 	/usr/lib/libcoretls.dylib
0x0000000029035000 	/usr/lib/libcoretls_cfhelpers.dylib
0x0000000029035000 	/usr/lib/libpam.2.dylib
0x0000000029035000 	/usr/lib/libsqlite3.dylib
0x0000000029035000 	/usr/lib/libxar.1.dylib
0x0000000029035000 	/usr/lib/libbz2.1.0.dylib
0x0000000029035000 	/usr/lib/liblzma.5.dylib
0x0000000029035000 	/usr/lib/libnetwork.dylib
0x0000000029035000 	/usr/lib/libapple_nghttp2.dylib
0x0000000029035000 	/usr/lib/libpcap.A.dylib
0x0000000029035000 	/usr/lib/libboringssl.dylib
0x0000000029035000 	/usr/lib/libusrtcp.dylib
0x0000000029035000 	/usr/lib/libapple_crypto.dylib
0x0000000029035000 	/System/Library/Frameworks/CoreServices.framework/Versions/A/Frameworks/FSEvents.framework/Versions/A/FSEvents
0x0000000029035000 	/System/Library/Frameworks/CoreServices.framework/Versions/A/Frameworks/CarbonCore.framework/Versions/A/CarbonCore
0x0000000029035000 	/System/Library/Frameworks/CoreServices.framework/Versions/A/Frameworks/Metadata.framework/Versions/A/Metadata
0x0000000029035000 	/System/Library/Frameworks/CoreServices.framework/Versions/A/Frameworks/OSServices.framework/Versions/A/OSServices
0x0000000029035000 	/System/Library/Frameworks/CoreServices.framework/Versions/A/Frameworks/SearchKit.framework/Versions/A/SearchKit
0x0000000029035000 	/System/Library/Frameworks/CoreServices.framework/Versions/A/Frameworks/AE.framework/Versions/A/AE
0x0000000029035000 	/System/Library/Frameworks/CoreServices.framework/Versions/A/Frameworks/LaunchServices.framework/Versions/A/LaunchServices
0x0000000029035000 	/System/Library/Frameworks/CoreServices.framework/Versions/A/Frameworks/DictionaryServices.framework/Versions/A/DictionaryServices
0x0000000029035000 	/System/Library/Frameworks/CoreServices.framework/Versions/A/Frameworks/SharedFileList.framework/Versions/A/SharedFileList
0x0000000029035000 	/System/Library/Frameworks/NetFS.framework/Versions/A/NetFS
0x0000000029035000 	/System/Library/PrivateFrameworks/NetAuth.framework/Versions/A/NetAuth
0x0000000029035000 	/System/Library/PrivateFrameworks/login.framework/Versions/A/Frameworks/loginsupport.framework/Versions/A/loginsupport
0x0000000029035000 	/System/Library/PrivateFrameworks/TCC.framework/Versions/A/TCC
0x0000000029035000 	/usr/lib/libmecabra.dylib
0x0000000029035000 	/System/Library/Frameworks/ApplicationServices.framework/Versions/A/Frameworks/ATS.framework/Versions/A/ATS
0x0000000029035000 	/System/Library/Frameworks/ApplicationServices.framework/Versions/A/Frameworks/ColorSyncLegacy.framework/Versions/A/ColorSyncLegacy
0x0000000029035000 	/System/Library/Frameworks/ApplicationServices.framework/Versions/A/Frameworks/HIServices.framework/Versions/A/HIServices
0x0000000029035000 	/System/Library/Frameworks/ApplicationServices.framework/Versions/A/Frameworks/LangAnalysis.framework/Versions/A/LangAnalysis
0x0000000029035000 	/System/Library/Frameworks/ApplicationServices.framework/Versions/A/Frameworks/PrintCore.framework/Versions/A/PrintCore
0x0000000029035000 	/System/Library/Frameworks/ApplicationServices.framework/Versions/A/Frameworks/QD.framework/Versions/A/QD
0x0000000029035000 	/System/Library/Frameworks/ApplicationServices.framework/Versions/A/Frameworks/SpeechSynthesis.framework/Versions/A/SpeechSynthesis
0x0000000029035000 	/System/Library/Frameworks/CoreDisplay.framework/Versions/A/CoreDisplay
0x0000000029035000 	/System/Library/Frameworks/Accelerate.framework/Versions/A/Frameworks/vImage.framework/Versions/A/vImage
0x0000000029035000 	/System/Library/Frameworks/Accelerate.framework/Versions/A/Frameworks/vecLib.framework/Versions/A/vecLib
0x0000000029035000 	/System/Library/Frameworks/Accelerate.framework/Versions/A/Frameworks/vecLib.framework/Versions/A/libvDSP.dylib
0x0000000029035000 	/System/Library/Frameworks/Accelerate.framework/Versions/A/Frameworks/vecLib.framework/Versions/A/libBNNS.dylib
0x0000000029035000 	/System/Library/Frameworks/Accelerate.framework/Versions/A/Frameworks/vecLib.framework/Versions/A/libQuadrature.dylib
0x0000000029035000 	/System/Library/Frameworks/Accelerate.framework/Versions/A/Frameworks/vecLib.framework/Versions/A/libvMisc.dylib
0x0000000029035000 	/System/Library/Frameworks/Accelerate.framework/Versions/A/Frameworks/vecLib.framework/Versions/A/libLAPACK.dylib
0x0000000029035000 	/System/Library/Frameworks/Accelerate.framework/Versions/A/Frameworks/vecLib.framework/Versions/A/libBLAS.dylib
0x0000000029035000 	/System/Library/Frameworks/Accelerate.framework/Versions/A/Frameworks/vecLib.framework/Versions/A/libLinearAlgebra.dylib
0x0000000029035000 	/System/Library/Frameworks/Accelerate.framework/Versions/A/Frameworks/vecLib.framework/Versions/A/libSparse.dylib
0x0000000029035000 	/System/Library/Frameworks/Accelerate.framework/Versions/A/Frameworks/vecLib.framework/Versions/A/libSparseBLAS.dylib
0x0000000029035000 	/System/Library/PrivateFrameworks/IOAccelerator.framework/Versions/A/IOAccelerator
0x0000000029035000 	/System/Library/PrivateFrameworks/IOPresentment.framework/Versions/A/IOPresentment
0x0000000029035000 	/System/Library/PrivateFrameworks/DSExternalDisplay.framework/Versions/A/DSExternalDisplay
0x0000000029035000 	/System/Library/Frameworks/OpenGL.framework/Versions/A/Libraries/libCoreFSCache.dylib
0x0000000029035000 	/System/Library/Frameworks/CoreVideo.framework/Versions/A/CoreVideo
0x0000000029035000 	/System/Library/PrivateFrameworks/GraphVisualizer.framework/Versions/A/GraphVisualizer
0x0000000029035000 	/System/Library/Frameworks/MetalPerformanceShaders.framework/Versions/A/MetalPerformanceShaders
0x0000000029035000 	/usr/lib/libFosl_dynamic.dylib
0x0000000029035000 	/System/Library/PrivateFrameworks/FaceCore.framework/Versions/A/FaceCore
0x0000000029035000 	/System/Library/Frameworks/OpenCL.framework/Versions/A/OpenCL
0x0000000029035000 	/usr/lib/libcompression.dylib
0x0000000029035000 	/System/Library/Frameworks/ApplicationServices.framework/Versions/A/Frameworks/ATS.framework/Versions/A/Resources/libFontParser.dylib
0x0000000029035000 	/System/Library/Frameworks/ApplicationServices.framework/Versions/A/Frameworks/ATS.framework/Versions/A/Resources/libFontRegistry.dylib
0x0000000029035000 	/System/Library/Frameworks/ImageIO.framework/Versions/A/Resources/libJPEG.dylib
0x0000000029035000 	/System/Library/Frameworks/ImageIO.framework/Versions/A/Resources/libTIFF.dylib
0x0000000029035000 	/System/Library/Frameworks/ImageIO.framework/Versions/A/Resources/libPng.dylib
0x0000000029035000 	/System/Library/Frameworks/ImageIO.framework/Versions/A/Resources/libGIF.dylib
0x0000000029035000 	/System/Library/Frameworks/ImageIO.framework/Versions/A/Resources/libJP2.dylib
0x0000000029035000 	/System/Library/Frameworks/ImageIO.framework/Versions/A/Resources/libRadiance.dylib
0x0000000029035000 	/System/Library/PrivateFrameworks/AppleJPEG.framework/Versions/A/AppleJPEG
0x0000000029035000 	/System/Library/PrivateFrameworks/MetalTools.framework/Versions/A/MetalTools
0x0000000029035000 	/System/Library/Frameworks/MetalPerformanceShaders.framework/Frameworks/MPSCore.framework/Versions/A/MPSCore
0x0000000029035000 	/System/Library/Frameworks/MetalPerformanceShaders.framework/Frameworks/MPSImage.framework/Versions/A/MPSImage
0x0000000029035000 	/System/Library/Frameworks/MetalPerformanceShaders.framework/Frameworks/MPSMatrix.framework/Versions/A/MPSMatrix
0x0000000029035000 	/System/Library/Frameworks/MetalPerformanceShaders.framework/Frameworks/MPSNeuralNetwork.framework/Versions/A/MPSNeuralNetwork
0x0000000029035000 	/System/Library/Frameworks/OpenGL.framework/Versions/A/Libraries/libGLU.dylib
0x0000000029035000 	/System/Library/Frameworks/OpenGL.framework/Versions/A/Libraries/libGFXShared.dylib
0x0000000029035000 	/System/Library/Frameworks/OpenGL.framework/Versions/A/Libraries/libGL.dylib
0x0000000029035000 	/System/Library/Frameworks/OpenGL.framework/Versions/A/Libraries/libGLImage.dylib
0x0000000029035000 	/System/Library/Frameworks/OpenGL.framework/Versions/A/Libraries/libCVMSPluginSupport.dylib
0x0000000029035000 	/System/Library/Frameworks/OpenGL.framework/Versions/A/Libraries/libCoreVMClient.dylib
0x0000000029035000 	/usr/lib/libcups.2.dylib
0x0000000029035000 	/System/Library/Frameworks/Kerberos.framework/Versions/A/Kerberos
0x0000000029035000 	/System/Library/Frameworks/GSS.framework/Versions/A/GSS
0x0000000029035000 	/usr/lib/libresolv.9.dylib
0x0000000029035000 	/usr/lib/libiconv.2.dylib
0x0000000029035000 	/System/Library/PrivateFrameworks/Heimdal.framework/Versions/A/Heimdal
0x0000000029035000 	/usr/lib/libheimdal-asn1.dylib
0x0000000029035000 	/System/Library/Frameworks/OpenDirectory.framework/Versions/A/OpenDirectory
0x0000000029035000 	/System/Library/PrivateFrameworks/CommonAuth.framework/Versions/A/CommonAuth
0x0000000029035000 	/System/Library/Frameworks/OpenDirectory.framework/Versions/A/Frameworks/CFOpenDirectory.framework/Versions/A/CFOpenDirectory
0x0000000029035000 	/System/Library/Frameworks/SecurityFoundation.framework/Versions/A/SecurityFoundation
0x0000000029035000 	/System/Library/PrivateFrameworks/APFS.framework/Versions/A/APFS
0x0000000029035000 	/usr/lib/libutil.dylib
0x0000000029035000 	/System/Library/PrivateFrameworks/AppleSauce.framework/Versions/A/AppleSauce
0x0000000029035000 	/System/Library/PrivateFrameworks/LinguisticData.framework/Versions/A/LinguisticData
0x0000000029035000 	/usr/lib/libmarisa.dylib
0x0000000029035000 	/System/Library/PrivateFrameworks/Lexicon.framework/Versions/A/Lexicon
0x0000000029035000 	/usr/lib/libChineseTokenizer.dylib
0x0000000029035000 	/usr/lib/libcmph.dylib
0x0000000029035000 	/System/Library/PrivateFrameworks/LanguageModeling.framework/Versions/A/LanguageModeling
0x0000000029035000 	/System/Library/PrivateFrameworks/CoreEmoji.framework/Versions/A/CoreEmoji
0x0000000029035000 	/System/Library/Frameworks/ServiceManagement.framework/Versions/A/ServiceManagement
0x0000000029035000 	/System/Library/PrivateFrameworks/BackgroundTaskManagement.framework/Versions/A/BackgroundTaskManagement
0x0000000029035000 	/usr/lib/libxslt.1.dylib
0x0000000029035000 	/System/Library/Frameworks/Carbon.framework/Versions/A/Frameworks/Ink.framework/Versions/A/Ink
0x0000000029035000 	/System/Library/PrivateFrameworks/TextureIO.framework/Versions/A/TextureIO
0x0000000029035000 	/usr/lib/libate.dylib
0x0000000029035000 	/System/Library/PrivateFrameworks/CrashReporterSupport.framework/Versions/A/CrashReporterSupport
0x0000000029035000 	/System/Library/PrivateFrameworks/Sharing.framework/Versions/A/Sharing
0x0000000029035000 	/System/Library/PrivateFrameworks/IconServices.framework/Versions/A/IconServices
0x0000000029035000 	/System/Library/PrivateFrameworks/ProtocolBuffer.framework/Versions/A/ProtocolBuffer
0x0000000029035000 	/System/Library/PrivateFrameworks/Apple80211.framework/Versions/A/Apple80211
0x0000000029035000 	/System/Library/Frameworks/CoreWLAN.framework/Versions/A/CoreWLAN
0x0000000029035000 	/System/Library/PrivateFrameworks/CoreUtils.framework/Versions/A/CoreUtils
0x0000000029035000 	/System/Library/Frameworks/IOBluetooth.framework/Versions/A/IOBluetooth
0x0000000029035000 	/System/Library/PrivateFrameworks/CoreWiFi.framework/Versions/A/CoreWiFi
0x0000000029035000 	/System/Library/Frameworks/CoreBluetooth.framework/Versions/A/CoreBluetooth
0x0000000029035000 	/System/Library/PrivateFrameworks/SignpostNotification.framework/Versions/A/SignpostNotification
0x0000000029035000 	/System/Library/PrivateFrameworks/DebugSymbols.framework/Versions/A/DebugSymbols
0x0000000029035000 	/System/Library/PrivateFrameworks/CoreSymbolication.framework/Versions/A/CoreSymbolication
0x0000000029035000 	/System/Library/PrivateFrameworks/Symbolication.framework/Versions/A/Symbolication
0x0000000029035000 	/System/Library/PrivateFrameworks/AppleFSCompression.framework/Versions/A/AppleFSCompression
0x0000000029035000 	/System/Library/PrivateFrameworks/SpeechRecognitionCore.framework/Versions/A/SpeechRecognitionCore
0x000000010c200000 	/Library/Java/JavaVirtualMachines/jdk1.8.0_131.jdk/Contents/Home/jre/lib/server/libjvm.dylib
0x0000000029035000 	/usr/lib/libstdc++.6.0.9.dylib
0x000000010b88d000 	/Library/Java/JavaVirtualMachines/jdk1.8.0_131.jdk/Contents/Home/jre/lib/libverify.dylib
0x000000010b89b000 	/Library/Java/JavaVirtualMachines/jdk1.8.0_131.jdk/Contents/Home/jre/lib/libjava.dylib
0x000000010b91a000 	/Library/Java/JavaVirtualMachines/jdk1.8.0_131.jdk/Contents/Home/jre/lib/libzip.dylib
0x0000000029035000 	/System/Library/Frameworks/JavaVM.framework/Versions/A/Frameworks/JavaRuntimeSupport.framework/Versions/A/JavaRuntimeSupport
0x0000000029035000 	/System/Library/Frameworks/JavaVM.framework/Versions/A/Frameworks/JavaNativeFoundation.framework/Versions/A/JavaNativeFoundation
0x0000000029035000 	/System/Library/Frameworks/JavaVM.framework/Versions/A/JavaVM
0x0000000029035000 	/System/Library/Frameworks/Carbon.framework/Versions/A/Carbon
0x0000000029035000 	/System/Library/PrivateFrameworks/JavaLaunching.framework/Versions/A/JavaLaunching
0x0000000029035000 	/System/Library/Frameworks/Carbon.framework/Versions/A/Frameworks/CommonPanels.framework/Versions/A/CommonPanels
0x0000000029035000 	/System/Library/Frameworks/Carbon.framework/Versions/A/Frameworks/Help.framework/Versions/A/Help
0x0000000029035000 	/System/Library/Frameworks/Carbon.framework/Versions/A/Frameworks/ImageCapture.framework/Versions/A/ImageCapture
0x0000000029035000 	/System/Library/Frameworks/Carbon.framework/Versions/A/Frameworks/OpenScripting.framework/Versions/A/OpenScripting
0x0000000029035000 	/System/Library/Frameworks/Carbon.framework/Versions/A/Frameworks/Print.framework/Versions/A/Print
0x0000000029035000 	/System/Library/Frameworks/Carbon.framework/Versions/A/Frameworks/SecurityHI.framework/Versions/A/SecurityHI
0x0000000112fba000 	/Library/Java/JavaVirtualMachines/jdk1.8.0_131.jdk/Contents/Home/jre/lib/libnio.dylib
0x0000000112fca000 	/Library/Java/JavaVirtualMachines/jdk1.8.0_131.jdk/Contents/Home/jre/lib/./libnet.dylib
0x0000000113029000 	/private/var/folders/z9/f6x3dy614j55cy19chzcnhvw0000gn/T/lwjglmac/3.1.6-build-14/liblwjgl.dylib
0x0000000113050000 	/var/folders/z9/f6x3dy614j55cy19chzcnhvw0000gn/T/lwjglmac/3.1.6-build-14/libglfw.dylib
0x0000000029035000 	/System/Library/PrivateFrameworks/CoreServicesInternal.framework/Versions/A/CoreServicesInternal
0x0000000029035000 	/System/Library/PrivateFrameworks/FamilyControls.framework/Versions/A/FamilyControls
0x0000000029035000 	/System/Library/PrivateFrameworks/CommerceKit.framework/Versions/A/Frameworks/CommerceCore.framework/Versions/A/CommerceCore
0x0000000029035000 	/System/Library/PrivateFrameworks/SystemAdministration.framework/Versions/A/SystemAdministration
0x0000000029035000 	/System/Library/PrivateFrameworks/AppContainer.framework/Versions/A/AppContainer
0x0000000029035000 	/System/Library/PrivateFrameworks/SecCodeWrapper.framework/Versions/A/SecCodeWrapper
0x0000000029035000 	/System/Library/PrivateFrameworks/DiskManagement.framework/Versions/A/DiskManagement
0x0000000029035000 	/System/Library/Frameworks/DirectoryService.framework/Versions/A/DirectoryService
0x0000000029035000 	/System/Library/PrivateFrameworks/DiskImages.framework/Versions/A/DiskImages
0x0000000029035000 	/System/Library/PrivateFrameworks/LoginUIKit.framework/Versions/A/Frameworks/LoginUICore.framework/Versions/A/LoginUICore
0x0000000029035000 	/usr/lib/libCoreStorage.dylib
0x0000000029035000 	/usr/lib/libcsfde.dylib
0x0000000029035000 	/usr/lib/libodfde.dylib
0x0000000029035000 	/System/Library/PrivateFrameworks/MediaKit.framework/Versions/A/MediaKit
0x0000000029035000 	/System/Library/Frameworks/DiscRecording.framework/Versions/A/DiscRecording
0x0000000029035000 	/System/Library/PrivateFrameworks/EFILogin.framework/Versions/A/EFILogin
0x0000000029035000 	/System/Library/PrivateFrameworks/ProtectedCloudStorage.framework/Versions/A/ProtectedCloudStorage
0x0000000029035000 	/usr/lib/libcurl.4.dylib
0x0000000029035000 	/usr/lib/libcrypto.35.dylib
0x0000000029035000 	/usr/lib/libssl.35.dylib
0x0000000029035000 	/System/Library/Frameworks/LDAP.framework/Versions/A/LDAP
0x0000000029035000 	/System/Library/PrivateFrameworks/TrustEvaluationAgent.framework/Versions/A/TrustEvaluationAgent
0x0000000029035000 	/usr/lib/libsasl2.2.dylib
0x0000000029035000 	/System/Library/PrivateFrameworks/CoreDaemon.framework/Versions/B/CoreDaemon
0x0000000029035000 	/System/Library/PrivateFrameworks/AppleSRP.framework/Versions/A/AppleSRP
0x0000000029035000 	/System/Library/Frameworks/ApplicationServices.framework/Versions/A/Frameworks/ATS.framework/Versions/A/Resources/libTrueTypeScaler.dylib
0x0000000029035000 	/System/Library/Frameworks/Accelerate.framework/Versions/A/Frameworks/vImage.framework/Versions/A/Libraries/libCGInterfaces.dylib
0x0000000029035000 	/System/Library/Frameworks/OpenGL.framework/Versions/A/Resources/GLEngine.bundle/GLEngine
0x0000000029035000 	/System/Library/Frameworks/OpenGL.framework/Versions/A/Libraries/libGLProgrammability.dylib
0x0000000114137000 	/System/Library/Extensions/AppleIntelHD5000GraphicsGLDriver.bundle/Contents/MacOS/AppleIntelHD5000GraphicsGLDriver
0x0000000029035000 	/System/Library/PrivateFrameworks/GPUSupport.framework/Versions/A/Libraries/libGPUSupportMercury.dylib
0x0000000029035000 	/System/Library/Frameworks/OpenGL.framework/Versions/A/Resources/GLRendererFloat.bundle/GLRendererFloat
0x0000000029035000 	/System/Library/Frameworks/OpenCL.framework/Versions/A/Libraries/libcldcpuengine.dylib
0x00000001158a9000 	/private/var/folders/z9/f6x3dy614j55cy19chzcnhvw0000gn/T/lwjglmac/3.1.6-build-14/liblwjgl_opengl.dylib
0x0000000029035000 	/System/Library/Extensions/AppleIntelHD5000GraphicsMTLDriver.bundle/Contents/MacOS/AppleIntelHD5000GraphicsMTLDriver
0x0000000029035000 	/System/Library/PrivateFrameworks/GPUCompiler.framework/Versions/3802/Libraries/libmetal_timestamp.dylib
0x0000000029035000 	/System/Library/PrivateFrameworks/ViewBridge.framework/Versions/A/ViewBridge
0x0000000029035000 	/System/Library/PrivateFrameworks/login.framework/Versions/A/login

VM Arguments:
jvm_args: -Dfile.encoding=UTF-8 
java_command: com.lwGame.first.Main
java_class_path (initial): /Library/Java/JavaVirtualMachines/jdk1.8.0_131.jdk/Contents/Home/jre/lib/resources.jar:/Library/Java/JavaVirtualMachines/jdk1.8.0_131.jdk/Contents/Home/jre/lib/rt.jar:/Library/Java/JavaVirtualMachines/jdk1.8.0_131.jdk/Contents/Home/jre/lib/jsse.jar:/Library/Java/JavaVirtualMachines/jdk1.8.0_131.jdk/Contents/Home/jre/lib/jce.jar:/Library/Java/JavaVirtualMachines/jdk1.8.0_131.jdk/Contents/Home/jre/lib/charsets.jar:/Library/Java/JavaVirtualMachines/jdk1.8.0_131.jdk/Contents/Home/jre/lib/jfr.jar:/Library/Java/JavaVirtualMachines/jdk1.8.0_131.jdk/Contents/Home/jre/lib/ext/sunec.jar:/Library/Java/JavaVirtualMachines/jdk1.8.0_131.jdk/Contents/Home/jre/lib/ext/nashorn.jar:/Library/Java/JavaVirtualMachines/jdk1.8.0_131.jdk/Contents/Home/jre/lib/ext/cldrdata.jar:/Library/Java/JavaVirtualMachines/jdk1.8.0_131.jdk/Contents/Home/jre/lib/ext/jfxrt.jar:/Library/Java/JavaVirtualMachines/jdk1.8.0_131.jdk/Contents/Home/jre/lib/ext/dnsns.jar:/Library/Java/JavaVirtualMachines/jdk1.8.0_131.jdk/Contents/Home/jre/lib/ext/localedata.jar:/Library/Java/JavaVirtualMachines/jdk1.8.0_131.jdk/Contents/Home/jre/lib/ext/sunjce_provider.jar:/Library/Java/JavaVirtualMachines/jdk1.8.0_131.jdk/Contents/Home/jre/lib/ext/sunpkcs11.jar:/Library/Java/JavaVirtualMachines/jdk1.8.0_131.jdk/Contents/Home/jre/lib/ext/jaccess.jar:/Library/Java/JavaVirtualMachines/jdk1.8.0_131.jdk/Contents/Home/jre/lib/ext/zipfs.jar:/System/Library/Java/Extensions/MRJToolkit.jar:/Users/mac/eclipse-workspace/LWJGLGame/bin:/Users/mac/Downloads/lwjgl/lwjgl3/all Jars/lwjgl-assimp-natives-linux.jar:/Users/mac/Downloads/lwjgl/lwjgl3/all Jars/lwjgl-assimp-natives-macos.jar:/Users/mac/Downloads/lwjgl/lwjgl3/all Jars/lwjgl-assimp-natives-windows.jar:/Users/mac/Downloads/lwjgl/lwjgl3/all Jars/lwjgl-assimp.jar:/Users/mac/Downloads/lwjgl/lwjgl3/all Jars/lwjgl-bgfx-natives-linux.jar:/Users/mac/Downloads/lwjgl/lwjgl3/all Jars/lwjgl-bgfx-natives-macos.jar:/Users/mac/Downloads/lwjgl/lwjgl3/all Jars/lwjgl-bgfx-native
Launcher Type: SUN_STANDARD

Environment Variables:
PATH=/usr/bin:/bin:/usr/sbin:/sbin
SHELL=/bin/bash

Signal Handlers:
SIGSEGV: [libjvm.dylib+0x5b1eb1], sa_mask[0]=11111111011111110111111111111111, sa_flags=SA_ONSTACK|SA_RESTART|SA_SIGINFO
SIGBUS: [libjvm.dylib+0x5b1eb1], sa_mask[0]=11111111011111110111111111111111, sa_flags=SA_RESTART|SA_SIGINFO
SIGFPE: [libjvm.dylib+0x488988], sa_mask[0]=11111111011111110111111111111111, sa_flags=SA_RESTART|SA_SIGINFO
SIGPIPE: [libjvm.dylib+0x488988], sa_mask[0]=11111111011111110111111111111111, sa_flags=SA_RESTART|SA_SIGINFO
SIGXFSZ: [libjvm.dylib+0x488988], sa_mask[0]=11111111011111110111111111111111, sa_flags=SA_RESTART|SA_SIGINFO
SIGILL: [libjvm.dylib+0x488988], sa_mask[0]=11111111011111110111111111111111, sa_flags=SA_RESTART|SA_SIGINFO
SIGUSR1: SIG_DFL, sa_mask[0]=00000000000000000000000000000000, sa_flags=none
SIGUSR2: [libjvm.dylib+0x4884a6], sa_mask[0]=00100000000000000000000000000000, sa_flags=SA_RESTART|SA_SIGINFO
SIGHUP: [libjvm.dylib+0x486a7d], sa_mask[0]=11111111011111110111111111111111, sa_flags=SA_RESTART|SA_SIGINFO
SIGINT: [libjvm.dylib+0x486a7d], sa_mask[0]=11111111011111110111111111111111, sa_flags=SA_RESTART|SA_SIGINFO
SIGTERM: [libjvm.dylib+0x486a7d], sa_mask[0]=11111111011111110111111111111111, sa_flags=SA_RESTART|SA_SIGINFO
SIGQUIT: [libjvm.dylib+0x486a7d], sa_mask[0]=11111111011111110111111111111111, sa_flags=SA_RESTART|SA_SIGINFO


---------------  S Y S T E M  ---------------

OS:Bsduname:Darwin 17.3.0 Darwin Kernel Version 17.3.0: Thu Nov  9 18:09:22 PST 2017; root:xnu-4570.31.3~1/RELEASE_X86_64 x86_64
rlimit: STACK 8192k, CORE 0k, NPROC 709, NOFILE 10240, AS infinity
load average:2.89 2.81 2.78

CPU:total 4 (initial active 4) (2 cores per cpu, 2 threads per core) family 6 model 69 stepping 1, cmov, cx8, fxsr, mmx, sse, sse2, sse3, ssse3, sse4.1, sse4.2, popcnt, avx, avx2, aes, clmul, erms, lzcnt, ht, tsc, tscinvbit, bmi1, bmi2

Memory: 4k page, physical 4194304k(29600k free)

/proc/meminfo:


vm_info: Java HotSpot(TM) 64-Bit Server VM (25.131-b11) for bsd-amd64 JRE (1.8.0_131-b11), built on Mar 15 2017 01:32:22 by "java_re" with gcc 4.2.1 (Based on Apple Inc. build 5658) (LLVM build 2336.11.00)

time: Mon Feb 12 13:36:48 2018
elapsed time: 8 seconds (0d 0h 0m 8s)

