12:28:34.277 [JavaFX Application Thread] DEBUG GameApplication      - Logger initialized
12:28:35.286 [JavaFX Application Thread] DEBUG GameApplication      - Starting FXGL
12:28:35.287 [JavaFX Application Thread] INFO  Version              - FXGL-0.4.0
12:28:35.287 [JavaFX Application Thread] INFO  Version              - Source code and latest versions at: https://github.com/AlmasB/FXGL
12:28:35.288 [JavaFX Application Thread] INFO  Version              -              Join the FXGL chat at: https://gitter.im/AlmasB/FXGL
12:28:35.388 [FXGL Launcher Thread     ] DEBUG FXGL                 - Loading FXGL system data
12:28:35.396 [FXGL Launcher Thread     ] DEBUG IOTask               - Executing task: readDataTask(system/fxgl.bundle)
12:28:35.423 [FXGL Launcher Thread     ] DEBUG FS                   - Reading from: system/fxgl.bundle
12:28:35.477 [FXGL Launcher Thread     ] DEBUG IOTask               - Task succeeded: readDataTask(system/fxgl.bundle)
12:28:35.477 [FXGL Launcher Thread     ] DEBUG Bundle               - Logging bundle: FXGL
12:28:35.479 [FXGL Launcher Thread     ] DEBUG Bundle               - FXGL.offline.timer.version.check=2017-12-20T22:26:57.887
12:28:35.480 [FXGL Launcher Thread     ] DEBUG GameApplication      - FXGL configuration complete
12:28:35.490 [FXGL Launcher Thread     ] INFO  GameApplication      - FXGL configuration took:  0.192 sec
12:28:35.491 [FXGL Launcher Thread     ] DEBUG GameApplication      - Logging game settings
Title: My App
Version: 0.1
Width: 1280
Height: 780
Fullscreen: false
Intro: false
Menus: false
Profiling: false
Single step:false
App Mode: DEVELOPER
Menu Key: ESCAPE
Stage Style: DECORATED
Scene Factory: class com.almasb.fxgl.scene.SceneFactory
Dialog Factory: class com.almasb.fxgl.ui.FXGLDialogFactory
UI Factory: class com.almasb.fxgl.ui.FXGLUIFactory
Notification Service: class com.almasb.fxgl.gameplay.notification.XboxNotificationView
Exception Handler: class com.almasb.fxgl.app.FXGLExceptionHandler
12:28:35.508 [JavaFX Application Thread] DEBUG UpdaterTask          - Checking for updates
12:28:35.618 [JavaFX Application Thread] DEBUG IOTask               - Showing dialog
12:28:35.623 [FXGL Background Thread 1 ] DEBUG IOTask               - Executing task: openStream(https://raw.githubusercontent.com/AlmasB/FXGL/master/pom.xml)
12:28:35.623 [FXGL Background Thread 1 ] DEBUG IOTask               - Executing task: openStream(https://raw.githubusercontent.com/AlmasB/FXGL/master/pom.xml)
12:28:36.136 [JavaFX Application Thread] DEBUG IOTask               - fail(): Dismissing dialog
12:28:36.137 [JavaFX Application Thread] WARN  IOTask               - Task failed: openStream(https://raw.githubusercontent.com/AlmasB/FXGL/master/pom.xml) Error: java.net.UnknownHostException: raw.githubusercontent.com
12:28:36.137 [JavaFX Application Thread] WARN  UpdaterTask          - Failed to find updates: java.net.UnknownHostException: raw.githubusercontent.com
12:28:37.145 [FXGL Launcher Thread     ] DEBUG GameApplication      - Configuring GameApplication
12:28:37.150 [FXGL Launcher Thread     ] DEBUG AppStateMachine      - Initializing application states
12:28:37.161 [FXGL Launcher Thread     ] DEBUG AssetLoader          - Loading from disk: /assets/ui/cursors/fxgl_default.png
12:28:37.192 [FXGL Launcher Thread     ] DEBUG AssetLoader          - Loading from disk: /assets/ui/cursors/fxgl_default.png
12:28:37.201 [FXGL Launcher Thread     ] DEBUG AssetLoader          - Loading from disk: /assets/sounds/core/notification.wav
12:28:37.267 [FXGL Launcher Thread     ] DEBUG AssetLoader          - Loading from disk: /assets/sounds/menu/select.wav
12:28:37.269 [FXGL Launcher Thread     ] DEBUG AssetLoader          - Loading from disk: /assets/sounds/menu/back.wav
12:28:37.270 [FXGL Launcher Thread     ] DEBUG AssetLoader          - Loading from disk: /assets/sounds/menu/press.wav
12:28:37.272 [FXGL Launcher Thread     ] DEBUG AssetLoader          - Loading from disk: /assets/ui/fonts/VarelaRound-Regular.ttf
12:28:37.281 [FXGL Launcher Thread     ] DEBUG AssetLoader          - Loading from disk: /assets/ui/fonts/lucida_console.ttf
12:28:37.287 [FXGL Launcher Thread     ] DEBUG AssetLoader          - Loading from disk: /assets/ui/css/fxgl_dark.css
12:28:37.287 [FXGL Launcher Thread     ] DEBUG AssetLoader          - Loading from disk: /assets/ui/icons/fxgl_icon.png
12:28:37.315 [FXGL Launcher Thread     ] DEBUG AssetLoader          - Loading from disk: /assets/ui/cursors/fxgl_default.png
12:28:37.358 [FXGL Launcher Thread     ] DEBUG FXGL.GameScene       - Game scene initialized: 1280x780
12:28:37.362 [FXGL Launcher Thread     ] DEBUG FXGL.GameWorld       - Game world initialized
12:28:37.520 [FXGL Launcher Thread     ] DEBUG FXGL.PhysicsWorld    - Physics world initialized: appHeight=780, physics.ppm=50.0
12:28:37.546 [FXGL Launcher Thread     ] DEBUG Input                - Registered new binding: Pause - Esc
12:28:37.565 [FXGL Launcher Thread     ] INFO  GameApplication      - Game configuration took:  0.419 sec
12:28:37.568 [JavaFX Application Thread] DEBUG MainWindow           - App size > screen size
12:28:37.568 [JavaFX Application Thread] DEBUG MainWindow           - Target size: 1280.0 x 780.0 @ 1.0
12:28:37.569 [JavaFX Application Thread] DEBUG MainWindow           - New size:    1222.0 x 744.65625 @ 0.9546875
12:28:37.569 [JavaFX Application Thread] DEBUG MainWindow           - Opening main window
12:28:37.645 [JavaFX Application Thread] DEBUG MainWindow           - Root size:  1280.0x780.0
12:28:37.645 [JavaFX Application Thread] DEBUG MainWindow           - Scene size: 1280.0x780.0
12:28:37.645 [JavaFX Application Thread] DEBUG MainWindow           - Stage size: 1280.0x802.0
12:28:37.645 [JavaFX Application Thread] DEBUG GameApplication      - Running preInit()
12:28:37.748 [JavaFX Application Thread] DEBUG AnnotationParser     - @SetAchievementStore: []
12:28:37.750 [JavaFX Application Thread] DEBUG Input                - Registered new binding: Screenshot - P
12:28:37.751 [JavaFX Application Thread] DEBUG Input                - Registered new binding: Dev Options - CTRL+0
12:28:37.751 [JavaFX Application Thread] DEBUG Input                - Registered new binding: Player1 Move Right - D
12:28:37.752 [JavaFX Application Thread] DEBUG Input                - Registered new binding: Player1 Move Left - A
12:28:37.752 [JavaFX Application Thread] DEBUG Input                - Registered new binding: Player1 Move Up - W
12:28:37.752 [JavaFX Application Thread] DEBUG Input                - Registered new binding: Player1 Move Down - S
12:28:37.752 [JavaFX Application Thread] DEBUG Input                - Registered new binding: Player2 Move Up - Up
12:28:37.753 [JavaFX Application Thread] DEBUG Input                - Registered new binding: Player2 Move Down - Down
12:28:37.753 [JavaFX Application Thread] DEBUG Input                - Registered new binding: Player2 Move Right - Right
12:28:37.754 [JavaFX Application Thread] DEBUG Input                - Registered new binding: Player2 Move Left - Left
12:28:37.839 [JavaFX Application Thread] DEBUG GameApplication      - Starting main loop
12:28:37.860 [JavaFX Application Thread] DEBUG StartupState         - STARTUP
12:28:37.861 [JavaFX Application Thread] DEBUG GameApplication      - Starting new game
12:28:37.861 [JavaFX Application Thread] DEBUG Input                - Clearing active input actions
12:28:37.861 [JavaFX Application Thread] DEBUG AppStateMachine      - StartupState -> LoadingState
12:28:37.907 [JavaFX Application Thread] DEBUG InitAppTask          - Parsing annotations
12:28:38.004 [JavaFX Application Thread] DEBUG AnnotationParser     - @SetEventHandler: []
12:28:38.005 [JavaFX Application Thread] DEBUG AnnotationParser     - @AddCollisionHandler: []
12:28:38.005 [JavaFX Application Thread] DEBUG AnnotationParser     - @SetEntityFactory: []
12:28:38.011 [FXGL Background Thread 1 ] DEBUG InitAppTask          - Clearing previous game
12:28:38.011 [FXGL Background Thread 1 ] DEBUG FXGL.GameWorld       - Clearing game world
12:28:38.012 [FXGL Background Thread 1 ] DEBUG FXGL.PhysicsWorld    - Clearing physics world
12:28:38.013 [FXGL Background Thread 1 ] DEBUG FXGL.GameScene       - Clearing game scene
12:28:38.013 [FXGL Background Thread 1 ] DEBUG InitAppTask          - Initializing Assets
12:28:38.022 [FXGL Background Thread 1 ] DEBUG InitAppTask          - Initializing Game
12:28:38.107 [FXGL Background Thread 1 ] DEBUG AssetLoader          - Loading from disk: /assets/textures/cat2.png
12:28:38.121 [FXGL Background Thread 1 ] DEBUG FXGL.GameScene       - Creating render group for layer: TOP(2147483647)
12:28:38.129 [FXGL Background Thread 1 ] DEBUG AssetLoader          - Loading from disk: /assets/textures/jerry.png
12:28:38.162 [FXGL Background Thread 1 ] DEBUG InitAppTask          - Initializing Physics
12:28:38.163 [FXGL Background Thread 1 ] DEBUG InitAppTask          - Initializing UI
12:28:38.167 [FXGL Background Thread 1 ] DEBUG InitAppTask          - Initialization Complete
12:28:38.167 [FXGL Background Thread 1 ] INFO  InitAppTask          - Game initialization took: 0.156 sec
12:28:38.175 [JavaFX Application Thread] DEBUG Input                - Clearing active input actions
12:28:38.175 [JavaFX Application Thread] DEBUG AppStateMachine      - LoadingState -> PlayState
12:28:40.657 [JavaFX Application Thread] DEBUG AssetLoader          - Loading from disk: /assets/textures/cat3.png
12:28:40.675 [JavaFX Application Thread] DEBUG AssetLoader          - Loading from disk: /assets/textures/cat4.png
12:28:40.692 [JavaFX Application Thread] DEBUG AssetLoader          - Loading from disk: /assets/textures/cat5.png
12:28:40.709 [JavaFX Application Thread] DEBUG AssetLoader          - Loading from disk: /assets/textures/cat6.png
12:28:40.725 [JavaFX Application Thread] DEBUG AssetLoader          - Loading from disk: /assets/textures/cat7.png
12:28:40.742 [JavaFX Application Thread] DEBUG AssetLoader          - Loading from cache: /assets/textures/cat2.png
12:28:40.758 [JavaFX Application Thread] DEBUG AssetLoader          - Loading from cache: /assets/textures/cat3.png
12:28:40.776 [JavaFX Application Thread] DEBUG AssetLoader          - Loading from cache: /assets/textures/cat4.png
12:28:40.792 [JavaFX Application Thread] DEBUG AssetLoader          - Loading from cache: /assets/textures/cat5.png
12:28:40.809 [JavaFX Application Thread] DEBUG AssetLoader          - Loading from cache: /assets/textures/cat6.png
12:28:40.825 [JavaFX Application Thread] DEBUG AssetLoader          - Loading from cache: /assets/textures/cat7.png
12:28:40.842 [JavaFX Application Thread] DEBUG AssetLoader          - Loading from cache: /assets/textures/cat2.png
12:28:40.858 [JavaFX Application Thread] DEBUG AssetLoader          - Loading from cache: /assets/textures/cat3.png
12:28:40.875 [JavaFX Application Thread] DEBUG AssetLoader          - Loading from cache: /assets/textures/cat4.png
12:28:40.892 [JavaFX Application Thread] DEBUG AssetLoader          - Loading from cache: /assets/textures/cat5.png
12:28:40.909 [JavaFX Application Thread] DEBUG AssetLoader          - Loading from cache: /assets/textures/cat6.png
12:28:40.925 [JavaFX Application Thread] DEBUG AssetLoader          - Loading from cache: /assets/textures/cat7.png
12:28:40.942 [JavaFX Application Thread] DEBUG AssetLoader          - Loading from cache: /assets/textures/cat2.png
12:28:40.959 [JavaFX Application Thread] DEBUG AssetLoader          - Loading from cache: /assets/textures/cat3.png
12:28:40.975 [JavaFX Application Thread] DEBUG AssetLoader          - Loading from cache: /assets/textures/cat4.png
12:28:40.991 [JavaFX Application Thread] DEBUG AssetLoader          - Loading from cache: /assets/textures/cat5.png
12:28:41.009 [JavaFX Application Thread] DEBUG AssetLoader          - Loading from cache: /assets/textures/cat6.png
12:28:41.025 [JavaFX Application Thread] DEBUG AssetLoader          - Loading from cache: /assets/textures/cat7.png
12:28:41.041 [JavaFX Application Thread] DEBUG AssetLoader          - Loading from cache: /assets/textures/cat2.png
12:28:41.058 [JavaFX Application Thread] DEBUG AssetLoader          - Loading from cache: /assets/textures/cat3.png
12:28:41.075 [JavaFX Application Thread] DEBUG AssetLoader          - Loading from cache: /assets/textures/cat4.png
12:28:41.092 [JavaFX Application Thread] DEBUG AssetLoader          - Loading from cache: /assets/textures/cat5.png
12:28:41.109 [JavaFX Application Thread] DEBUG AssetLoader          - Loading from cache: /assets/textures/cat6.png
12:28:41.125 [JavaFX Application Thread] DEBUG AssetLoader          - Loading from cache: /assets/textures/cat7.png
12:28:41.142 [JavaFX Application Thread] DEBUG AssetLoader          - Loading from cache: /assets/textures/cat2.png
12:28:41.163 [JavaFX Application Thread] DEBUG AssetLoader          - Loading from cache: /assets/textures/cat3.png
12:28:41.174 [JavaFX Application Thread] DEBUG AssetLoader          - Loading from cache: /assets/textures/cat4.png
12:28:41.192 [JavaFX Application Thread] DEBUG AssetLoader          - Loading from cache: /assets/textures/cat5.png
12:28:41.208 [JavaFX Application Thread] DEBUG AssetLoader          - Loading from cache: /assets/textures/cat6.png
12:28:41.224 [JavaFX Application Thread] DEBUG AssetLoader          - Loading from cache: /assets/textures/cat7.png
12:28:41.244 [JavaFX Application Thread] DEBUG AssetLoader          - Loading from cache: /assets/textures/cat2.png
12:28:41.258 [JavaFX Application Thread] DEBUG AssetLoader          - Loading from cache: /assets/textures/cat3.png
12:28:41.275 [JavaFX Application Thread] DEBUG AssetLoader          - Loading from cache: /assets/textures/cat4.png
12:28:41.292 [JavaFX Application Thread] DEBUG AssetLoader          - Loading from cache: /assets/textures/cat5.png
12:28:41.308 [JavaFX Application Thread] DEBUG AssetLoader          - Loading from cache: /assets/textures/cat6.png
12:28:41.324 [JavaFX Application Thread] DEBUG AssetLoader          - Loading from cache: /assets/textures/cat7.png
12:28:41.342 [JavaFX Application Thread] DEBUG AssetLoader          - Loading from cache: /assets/textures/cat2.png
12:28:41.725 [JavaFX Application Thread] DEBUG AssetLoader          - Loading from cache: /assets/textures/cat3.png
12:28:41.742 [JavaFX Application Thread] DEBUG AssetLoader          - Loading from cache: /assets/textures/cat4.png
12:28:41.759 [JavaFX Application Thread] DEBUG AssetLoader          - Loading from cache: /assets/textures/cat5.png
12:28:41.775 [JavaFX Application Thread] DEBUG AssetLoader          - Loading from cache: /assets/textures/cat6.png
12:28:41.792 [JavaFX Application Thread] DEBUG AssetLoader          - Loading from cache: /assets/textures/cat7.png
12:28:41.809 [JavaFX Application Thread] DEBUG AssetLoader          - Loading from cache: /assets/textures/cat2.png
12:28:41.825 [JavaFX Application Thread] DEBUG AssetLoader          - Loading from cache: /assets/textures/cat3.png
12:28:41.842 [JavaFX Application Thread] DEBUG AssetLoader          - Loading from cache: /assets/textures/cat4.png
12:28:41.859 [JavaFX Application Thread] DEBUG AssetLoader          - Loading from cache: /assets/textures/cat5.png
12:28:41.875 [JavaFX Application Thread] DEBUG AssetLoader          - Loading from cache: /assets/textures/cat6.png
12:28:41.892 [JavaFX Application Thread] DEBUG AssetLoader          - Loading from cache: /assets/textures/cat7.png
12:28:41.909 [JavaFX Application Thread] DEBUG AssetLoader          - Loading from cache: /assets/textures/cat2.png
12:28:41.925 [JavaFX Application Thread] DEBUG AssetLoader          - Loading from cache: /assets/textures/cat3.png
12:28:41.942 [JavaFX Application Thread] DEBUG AssetLoader          - Loading from cache: /assets/textures/cat4.png
12:28:41.959 [JavaFX Application Thread] DEBUG AssetLoader          - Loading from cache: /assets/textures/cat5.png
12:28:41.975 [JavaFX Application Thread] DEBUG AssetLoader          - Loading from cache: /assets/textures/cat6.png
12:28:41.992 [JavaFX Application Thread] DEBUG AssetLoader          - Loading from cache: /assets/textures/cat7.png
12:28:42.009 [JavaFX Application Thread] DEBUG AssetLoader          - Loading from cache: /assets/textures/cat2.png
12:28:42.025 [JavaFX Application Thread] DEBUG AssetLoader          - Loading from cache: /assets/textures/cat3.png
12:28:42.042 [JavaFX Application Thread] DEBUG AssetLoader          - Loading from cache: /assets/textures/cat4.png
12:28:42.058 [JavaFX Application Thread] DEBUG AssetLoader          - Loading from cache: /assets/textures/cat5.png
12:28:42.075 [JavaFX Application Thread] DEBUG AssetLoader          - Loading from cache: /assets/textures/cat6.png
12:28:42.092 [JavaFX Application Thread] DEBUG AssetLoader          - Loading from cache: /assets/textures/cat7.png
12:28:42.108 [JavaFX Application Thread] DEBUG AssetLoader          - Loading from cache: /assets/textures/cat2.png
12:28:42.125 [JavaFX Application Thread] DEBUG AssetLoader          - Loading from cache: /assets/textures/cat3.png
12:28:42.141 [JavaFX Application Thread] DEBUG AssetLoader          - Loading from cache: /assets/textures/cat4.png
12:28:42.308 [JavaFX Application Thread] DEBUG AssetLoader          - Loading from cache: /assets/textures/cat5.png
12:28:42.325 [JavaFX Application Thread] DEBUG AssetLoader          - Loading from cache: /assets/textures/cat6.png
12:28:42.342 [JavaFX Application Thread] DEBUG AssetLoader          - Loading from cache: /assets/textures/cat7.png
12:28:42.359 [JavaFX Application Thread] DEBUG AssetLoader          - Loading from cache: /assets/textures/cat2.png
12:28:42.375 [JavaFX Application Thread] DEBUG AssetLoader          - Loading from cache: /assets/textures/cat3.png
12:28:42.392 [JavaFX Application Thread] DEBUG AssetLoader          - Loading from cache: /assets/textures/cat4.png
12:28:42.409 [JavaFX Application Thread] DEBUG AssetLoader          - Loading from cache: /assets/textures/cat5.png
12:28:42.426 [JavaFX Application Thread] DEBUG AssetLoader          - Loading from cache: /assets/textures/cat6.png
12:28:42.442 [JavaFX Application Thread] DEBUG AssetLoader          - Loading from cache: /assets/textures/cat7.png
12:28:42.459 [JavaFX Application Thread] DEBUG AssetLoader          - Loading from cache: /assets/textures/cat2.png
12:28:42.475 [JavaFX Application Thread] DEBUG AssetLoader          - Loading from cache: /assets/textures/cat3.png
12:28:42.492 [JavaFX Application Thread] DEBUG AssetLoader          - Loading from cache: /assets/textures/cat4.png
12:28:42.508 [JavaFX Application Thread] DEBUG AssetLoader          - Loading from cache: /assets/textures/cat5.png
12:28:42.525 [JavaFX Application Thread] DEBUG AssetLoader          - Loading from cache: /assets/textures/cat6.png
12:28:42.542 [JavaFX Application Thread] DEBUG AssetLoader          - Loading from cache: /assets/textures/cat7.png
12:28:42.559 [JavaFX Application Thread] DEBUG AssetLoader          - Loading from cache: /assets/textures/cat2.png
12:28:42.575 [JavaFX Application Thread] DEBUG AssetLoader          - Loading from cache: /assets/textures/cat3.png
12:28:42.592 [JavaFX Application Thread] DEBUG AssetLoader          - Loading from cache: /assets/textures/cat4.png
12:28:42.593 [JavaFX Application Thread] DEBUG AssetLoader          - Loading from disk: /assets/sounds/explosion.wav
12:28:42.641 [JavaFX Application Thread] DEBUG AssetLoader          - Loading from cache: /assets/textures/cat5.png
12:28:42.658 [JavaFX Application Thread] DEBUG AssetLoader          - Loading from cache: /assets/textures/cat6.png
12:28:42.675 [JavaFX Application Thread] DEBUG AssetLoader          - Loading from cache: /assets/textures/cat7.png
12:28:42.691 [JavaFX Application Thread] DEBUG AssetLoader          - Loading from cache: /assets/textures/cat2.png
12:28:42.707 [JavaFX Application Thread] DEBUG AssetLoader          - Loading from cache: /assets/textures/cat3.png
12:28:42.724 [JavaFX Application Thread] DEBUG AssetLoader          - Loading from cache: /assets/textures/cat4.png
12:28:42.744 [JavaFX Application Thread] DEBUG AssetLoader          - Loading from cache: /assets/textures/cat5.png
12:28:42.758 [JavaFX Application Thread] DEBUG AssetLoader          - Loading from cache: /assets/textures/cat6.png
12:28:42.774 [JavaFX Application Thread] DEBUG AssetLoader          - Loading from cache: /assets/textures/cat7.png
12:28:42.792 [JavaFX Application Thread] DEBUG AssetLoader          - Loading from cache: /assets/textures/cat2.png
12:28:42.808 [JavaFX Application Thread] DEBUG AssetLoader          - Loading from cache: /assets/textures/cat3.png
12:28:42.825 [JavaFX Application Thread] DEBUG AssetLoader          - Loading from cache: /assets/textures/cat4.png
12:28:42.842 [JavaFX Application Thread] DEBUG AssetLoader          - Loading from cache: /assets/textures/cat5.png
12:28:42.858 [JavaFX Application Thread] DEBUG AssetLoader          - Loading from cache: /assets/textures/cat6.png
12:28:42.874 [JavaFX Application Thread] DEBUG AssetLoader          - Loading from cache: /assets/textures/cat7.png
12:28:42.891 [JavaFX Application Thread] DEBUG AssetLoader          - Loading from cache: /assets/textures/cat2.png
12:28:42.908 [JavaFX Application Thread] DEBUG AssetLoader          - Loading from cache: /assets/textures/cat3.png
12:28:42.925 [JavaFX Application Thread] DEBUG AssetLoader          - Loading from cache: /assets/textures/cat4.png
12:28:42.942 [JavaFX Application Thread] DEBUG AssetLoader          - Loading from cache: /assets/textures/cat5.png
12:28:42.959 [JavaFX Application Thread] DEBUG AssetLoader          - Loading from cache: /assets/textures/cat6.png
12:28:42.975 [JavaFX Application Thread] DEBUG AssetLoader          - Loading from cache: /assets/textures/cat7.png
12:28:42.992 [JavaFX Application Thread] DEBUG AssetLoader          - Loading from cache: /assets/textures/cat2.png
12:28:43.008 [JavaFX Application Thread] DEBUG AssetLoader          - Loading from cache: /assets/textures/cat3.png
12:28:43.025 [JavaFX Application Thread] DEBUG AssetLoader          - Loading from cache: /assets/textures/cat4.png
12:28:43.041 [JavaFX Application Thread] DEBUG AssetLoader          - Loading from cache: /assets/textures/cat5.png
12:28:43.058 [JavaFX Application Thread] DEBUG AssetLoader          - Loading from cache: /assets/textures/cat6.png
12:28:43.075 [JavaFX Application Thread] DEBUG AssetLoader          - Loading from cache: /assets/textures/cat7.png
12:28:43.092 [JavaFX Application Thread] DEBUG AssetLoader          - Loading from cache: /assets/textures/cat2.png
12:28:47.618 [JavaFX Application Thread] DEBUG GameApplication      - Exiting game application
12:28:47.619 [JavaFX Application Thread] DEBUG GameApplication      - Shutting down background threads
12:28:47.619 [JavaFX Application Thread] DEBUG GameApplication      - Exiting FXGL
12:28:47.619 [JavaFX Application Thread] DEBUG FXGL                 - Saving FXGL system data
12:28:47.621 [JavaFX Application Thread] DEBUG IOTask               - Executing task: writeDataTask(system/fxgl.bundle)
12:28:47.633 [JavaFX Application Thread] DEBUG FS                   - Writing to: system/fxgl.bundle
12:28:47.640 [JavaFX Application Thread] DEBUG IOTask               - Task succeeded: writeDataTask(system/fxgl.bundle)
12:28:47.641 [JavaFX Application Thread] DEBUG GameApplication      - Closing logger and exiting JavaFX
