12:06:20.937 [JavaFX Application Thread] DEBUG GameApplication      - Logger initialized
12:06:21.772 [JavaFX Application Thread] DEBUG GameApplication      - Starting FXGL
12:06:21.773 [JavaFX Application Thread] INFO  Version              - FXGL-0.4.0
12:06:21.773 [JavaFX Application Thread] INFO  Version              - Source code and latest versions at: https://github.com/AlmasB/FXGL
12:06:21.773 [JavaFX Application Thread] INFO  Version              -              Join the FXGL chat at: https://gitter.im/AlmasB/FXGL
12:06:21.887 [FXGL Launcher Thread     ] DEBUG FXGL                 - Loading FXGL system data
12:06:21.904 [FXGL Launcher Thread     ] DEBUG IOTask               - Executing task: readDataTask(system/fxgl.bundle)
12:06:21.930 [FXGL Launcher Thread     ] DEBUG FS                   - Reading from: system/fxgl.bundle
12:06:21.949 [FXGL Launcher Thread     ] DEBUG IOTask               - Task succeeded: readDataTask(system/fxgl.bundle)
12:06:21.949 [FXGL Launcher Thread     ] DEBUG Bundle               - Logging bundle: FXGL
12:06:21.950 [FXGL Launcher Thread     ] DEBUG Bundle               - FXGL.offline.timer.version.check=2017-12-20T22:26:57.887
12:06:21.980 [FXGL Launcher Thread     ] DEBUG GameApplication      - FXGL configuration complete
12:06:22.005 [FXGL Launcher Thread     ] INFO  GameApplication      - FXGL configuration took:  0.207 sec
12:06:22.020 [FXGL Launcher Thread     ] DEBUG GameApplication      - Logging game settings
Title: My App
Version: 0.1
Width: 1280
Height: 780
Fullscreen: false
Intro: false
Menus: false
Profiling: false
Single step:false
App Mode: DEVELOPER
Menu Key: ESCAPE
Stage Style: DECORATED
Scene Factory: class com.almasb.fxgl.scene.SceneFactory
Dialog Factory: class com.almasb.fxgl.ui.FXGLDialogFactory
UI Factory: class com.almasb.fxgl.ui.FXGLUIFactory
Notification Service: class com.almasb.fxgl.gameplay.notification.XboxNotificationView
Exception Handler: class com.almasb.fxgl.app.FXGLExceptionHandler
12:06:22.105 [JavaFX Application Thread] DEBUG UpdaterTask          - Checking for updates
12:06:22.225 [JavaFX Application Thread] DEBUG IOTask               - Showing dialog
12:06:22.230 [FXGL Background Thread 1 ] DEBUG IOTask               - Executing task: openStream(https://raw.githubusercontent.com/AlmasB/FXGL/master/pom.xml)
12:06:22.230 [FXGL Background Thread 1 ] DEBUG IOTask               - Executing task: openStream(https://raw.githubusercontent.com/AlmasB/FXGL/master/pom.xml)
12:06:22.585 [JavaFX Application Thread] DEBUG IOTask               - fail(): Dismissing dialog
12:06:22.585 [JavaFX Application Thread] WARN  IOTask               - Task failed: openStream(https://raw.githubusercontent.com/AlmasB/FXGL/master/pom.xml) Error: java.net.UnknownHostException: raw.githubusercontent.com
12:06:22.586 [JavaFX Application Thread] WARN  UpdaterTask          - Failed to find updates: java.net.UnknownHostException: raw.githubusercontent.com
12:06:23.362 [FXGL Launcher Thread     ] DEBUG GameApplication      - Configuring GameApplication
12:06:23.368 [FXGL Launcher Thread     ] DEBUG AppStateMachine      - Initializing application states
12:06:23.379 [FXGL Launcher Thread     ] DEBUG AssetLoader          - Loading from disk: /assets/ui/cursors/fxgl_default.png
12:06:23.411 [FXGL Launcher Thread     ] DEBUG AssetLoader          - Loading from disk: /assets/ui/cursors/fxgl_default.png
12:06:23.418 [FXGL Launcher Thread     ] DEBUG AssetLoader          - Loading from disk: /assets/sounds/core/notification.wav
12:06:23.475 [FXGL Launcher Thread     ] DEBUG AssetLoader          - Loading from disk: /assets/sounds/menu/select.wav
12:06:23.477 [FXGL Launcher Thread     ] DEBUG AssetLoader          - Loading from disk: /assets/sounds/menu/back.wav
12:06:23.479 [FXGL Launcher Thread     ] DEBUG AssetLoader          - Loading from disk: /assets/sounds/menu/press.wav
12:06:23.482 [FXGL Launcher Thread     ] DEBUG AssetLoader          - Loading from disk: /assets/ui/fonts/VarelaRound-Regular.ttf
12:06:23.492 [FXGL Launcher Thread     ] DEBUG AssetLoader          - Loading from disk: /assets/ui/fonts/lucida_console.ttf
12:06:23.496 [FXGL Launcher Thread     ] DEBUG AssetLoader          - Loading from disk: /assets/ui/css/fxgl_dark.css
12:06:23.497 [FXGL Launcher Thread     ] DEBUG AssetLoader          - Loading from disk: /assets/ui/icons/fxgl_icon.png
12:06:23.525 [FXGL Launcher Thread     ] DEBUG AssetLoader          - Loading from disk: /assets/ui/cursors/fxgl_default.png
12:06:23.565 [FXGL Launcher Thread     ] DEBUG FXGL.GameScene       - Game scene initialized: 1280x780
12:06:23.568 [FXGL Launcher Thread     ] DEBUG FXGL.GameWorld       - Game world initialized
12:06:23.718 [FXGL Launcher Thread     ] DEBUG FXGL.PhysicsWorld    - Physics world initialized: appHeight=780, physics.ppm=50.0
12:06:23.747 [FXGL Launcher Thread     ] DEBUG Input                - Registered new binding: Pause - Esc
12:06:23.771 [FXGL Launcher Thread     ] INFO  GameApplication      - Game configuration took:  0.409 sec
12:06:23.774 [JavaFX Application Thread] DEBUG MainWindow           - App size > screen size
12:06:23.774 [JavaFX Application Thread] DEBUG MainWindow           - Target size: 1280.0 x 780.0 @ 1.0
12:06:23.774 [JavaFX Application Thread] DEBUG MainWindow           - New size:    1222.0 x 744.65625 @ 0.9546875
12:06:23.775 [JavaFX Application Thread] DEBUG MainWindow           - Opening main window
12:06:23.848 [JavaFX Application Thread] DEBUG MainWindow           - Root size:  1280.0x780.0
12:06:23.848 [JavaFX Application Thread] DEBUG MainWindow           - Scene size: 1280.0x780.0
12:06:23.849 [JavaFX Application Thread] DEBUG MainWindow           - Stage size: 1280.0x802.0
12:06:23.849 [JavaFX Application Thread] DEBUG GameApplication      - Running preInit()
12:06:23.947 [JavaFX Application Thread] DEBUG AnnotationParser     - @SetAchievementStore: []
12:06:23.949 [JavaFX Application Thread] DEBUG Input                - Registered new binding: Screenshot - P
12:06:23.950 [JavaFX Application Thread] DEBUG Input                - Registered new binding: Dev Options - CTRL+0
12:06:23.950 [JavaFX Application Thread] DEBUG Input                - Registered new binding: Player1 Move Right - D
12:06:23.951 [JavaFX Application Thread] DEBUG Input                - Registered new binding: Player1 Move Left - A
12:06:23.951 [JavaFX Application Thread] DEBUG Input                - Registered new binding: Player1 Move Up - W
12:06:23.951 [JavaFX Application Thread] DEBUG Input                - Registered new binding: Player1 Move Down - S
12:06:23.951 [JavaFX Application Thread] DEBUG Input                - Registered new binding: Player2 Move Up - Up
12:06:23.952 [JavaFX Application Thread] DEBUG Input                - Registered new binding: Player2 Move Down - Down
12:06:23.952 [JavaFX Application Thread] DEBUG Input                - Registered new binding: Player2 Move Right - Right
12:06:23.952 [JavaFX Application Thread] DEBUG Input                - Registered new binding: Player2 Move Left - Left
12:06:24.029 [JavaFX Application Thread] DEBUG GameApplication      - Starting main loop
12:06:24.049 [JavaFX Application Thread] DEBUG StartupState         - STARTUP
12:06:24.049 [JavaFX Application Thread] DEBUG GameApplication      - Starting new game
12:06:24.049 [JavaFX Application Thread] DEBUG Input                - Clearing active input actions
12:06:24.050 [JavaFX Application Thread] DEBUG AppStateMachine      - StartupState -> LoadingState
12:06:24.090 [JavaFX Application Thread] DEBUG InitAppTask          - Parsing annotations
12:06:24.122 [JavaFX Application Thread] DEBUG AnnotationParser     - @SetEventHandler: []
12:06:24.123 [JavaFX Application Thread] DEBUG AnnotationParser     - @SetEntityFactory: []
12:06:24.123 [JavaFX Application Thread] DEBUG AnnotationParser     - @AddCollisionHandler: []
12:06:24.128 [FXGL Background Thread 1 ] DEBUG InitAppTask          - Clearing previous game
12:06:24.128 [FXGL Background Thread 1 ] DEBUG FXGL.GameWorld       - Clearing game world
12:06:24.130 [FXGL Background Thread 1 ] DEBUG FXGL.PhysicsWorld    - Clearing physics world
12:06:24.130 [FXGL Background Thread 1 ] DEBUG FXGL.GameScene       - Clearing game scene
12:06:24.130 [FXGL Background Thread 1 ] DEBUG InitAppTask          - Initializing Assets
12:06:24.139 [FXGL Background Thread 1 ] DEBUG InitAppTask          - Initializing Game
12:06:24.201 [FXGL Background Thread 1 ] DEBUG AssetLoader          - Loading from disk: /assets/textures/cat2.png
12:06:24.220 [FXGL Background Thread 1 ] DEBUG FXGL.GameScene       - Creating render group for layer: TOP(2147483647)
12:06:24.226 [FXGL Background Thread 1 ] DEBUG AssetLoader          - Loading from disk: /assets/textures/jerry.png
12:06:24.262 [FXGL Background Thread 1 ] DEBUG InitAppTask          - Initializing Physics
12:06:24.263 [FXGL Background Thread 1 ] DEBUG InitAppTask          - Initializing UI
12:06:24.266 [FXGL Background Thread 1 ] DEBUG InitAppTask          - Initialization Complete
12:06:24.266 [FXGL Background Thread 1 ] INFO  InitAppTask          - Game initialization took: 0.138 sec
12:06:24.274 [JavaFX Application Thread] DEBUG Input                - Clearing active input actions
12:06:24.274 [JavaFX Application Thread] DEBUG AppStateMachine      - LoadingState -> PlayState
12:06:26.111 [JavaFX Application Thread] DEBUG AssetLoader          - Loading from disk: /assets/textures/cat3.png
12:06:26.124 [JavaFX Application Thread] DEBUG AssetLoader          - Loading from disk: /assets/textures/cat4.png
12:06:26.139 [JavaFX Application Thread] DEBUG AssetLoader          - Loading from disk: /assets/textures/cat5.png
12:06:26.158 [JavaFX Application Thread] DEBUG AssetLoader          - Loading from disk: /assets/textures/cat6.png
12:06:26.174 [JavaFX Application Thread] DEBUG AssetLoader          - Loading from disk: /assets/textures/cat7.png
12:06:26.191 [JavaFX Application Thread] DEBUG AssetLoader          - Loading from cache: /assets/textures/cat2.png
12:06:26.208 [JavaFX Application Thread] DEBUG AssetLoader          - Loading from cache: /assets/textures/cat3.png
12:06:26.224 [JavaFX Application Thread] DEBUG AssetLoader          - Loading from cache: /assets/textures/cat4.png
12:06:26.240 [JavaFX Application Thread] DEBUG AssetLoader          - Loading from cache: /assets/textures/cat5.png
12:06:26.258 [JavaFX Application Thread] DEBUG AssetLoader          - Loading from cache: /assets/textures/cat6.png
12:06:26.274 [JavaFX Application Thread] DEBUG AssetLoader          - Loading from cache: /assets/textures/cat7.png
12:06:26.290 [JavaFX Application Thread] DEBUG AssetLoader          - Loading from cache: /assets/textures/cat2.png
12:06:26.307 [JavaFX Application Thread] DEBUG AssetLoader          - Loading from cache: /assets/textures/cat3.png
12:06:26.323 [JavaFX Application Thread] DEBUG AssetLoader          - Loading from cache: /assets/textures/cat4.png
12:06:26.341 [JavaFX Application Thread] DEBUG AssetLoader          - Loading from cache: /assets/textures/cat5.png
12:06:26.358 [JavaFX Application Thread] DEBUG AssetLoader          - Loading from cache: /assets/textures/cat6.png
12:06:26.373 [JavaFX Application Thread] DEBUG AssetLoader          - Loading from cache: /assets/textures/cat7.png
12:06:26.390 [JavaFX Application Thread] DEBUG AssetLoader          - Loading from cache: /assets/textures/cat2.png
12:06:26.408 [JavaFX Application Thread] DEBUG AssetLoader          - Loading from cache: /assets/textures/cat3.png
12:06:26.423 [JavaFX Application Thread] DEBUG AssetLoader          - Loading from cache: /assets/textures/cat4.png
12:06:26.440 [JavaFX Application Thread] DEBUG AssetLoader          - Loading from cache: /assets/textures/cat5.png
12:06:26.457 [JavaFX Application Thread] DEBUG AssetLoader          - Loading from cache: /assets/textures/cat6.png
12:06:28.190 [JavaFX Application Thread] DEBUG AssetLoader          - Loading from cache: /assets/textures/cat7.png
12:06:28.208 [JavaFX Application Thread] DEBUG AssetLoader          - Loading from cache: /assets/textures/cat2.png
12:06:28.223 [JavaFX Application Thread] DEBUG AssetLoader          - Loading from cache: /assets/textures/cat3.png
12:06:28.241 [JavaFX Application Thread] DEBUG AssetLoader          - Loading from cache: /assets/textures/cat4.png
12:06:28.258 [JavaFX Application Thread] DEBUG AssetLoader          - Loading from cache: /assets/textures/cat5.png
12:06:28.273 [JavaFX Application Thread] DEBUG AssetLoader          - Loading from cache: /assets/textures/cat6.png
12:06:28.290 [JavaFX Application Thread] DEBUG AssetLoader          - Loading from cache: /assets/textures/cat7.png
12:06:28.307 [JavaFX Application Thread] DEBUG AssetLoader          - Loading from cache: /assets/textures/cat2.png
12:06:28.323 [JavaFX Application Thread] DEBUG AssetLoader          - Loading from cache: /assets/textures/cat3.png
12:06:28.340 [JavaFX Application Thread] DEBUG AssetLoader          - Loading from cache: /assets/textures/cat4.png
12:06:28.357 [JavaFX Application Thread] DEBUG AssetLoader          - Loading from cache: /assets/textures/cat5.png
12:06:28.374 [JavaFX Application Thread] DEBUG AssetLoader          - Loading from cache: /assets/textures/cat6.png
12:06:28.391 [JavaFX Application Thread] DEBUG AssetLoader          - Loading from cache: /assets/textures/cat7.png
12:06:28.408 [JavaFX Application Thread] DEBUG AssetLoader          - Loading from cache: /assets/textures/cat2.png
12:06:28.423 [JavaFX Application Thread] DEBUG AssetLoader          - Loading from cache: /assets/textures/cat3.png
12:06:28.440 [JavaFX Application Thread] DEBUG AssetLoader          - Loading from cache: /assets/textures/cat4.png
12:06:28.458 [JavaFX Application Thread] DEBUG AssetLoader          - Loading from cache: /assets/textures/cat5.png
12:06:28.474 [JavaFX Application Thread] DEBUG AssetLoader          - Loading from cache: /assets/textures/cat6.png
12:06:28.491 [JavaFX Application Thread] DEBUG AssetLoader          - Loading from cache: /assets/textures/cat7.png
12:06:28.507 [JavaFX Application Thread] DEBUG AssetLoader          - Loading from cache: /assets/textures/cat2.png
12:06:28.524 [JavaFX Application Thread] DEBUG AssetLoader          - Loading from cache: /assets/textures/cat3.png
12:06:28.541 [JavaFX Application Thread] DEBUG AssetLoader          - Loading from cache: /assets/textures/cat4.png
12:06:28.558 [JavaFX Application Thread] DEBUG AssetLoader          - Loading from cache: /assets/textures/cat5.png
12:06:28.574 [JavaFX Application Thread] DEBUG AssetLoader          - Loading from cache: /assets/textures/cat6.png
12:06:28.590 [JavaFX Application Thread] DEBUG AssetLoader          - Loading from cache: /assets/textures/cat7.png
12:06:28.607 [JavaFX Application Thread] DEBUG AssetLoader          - Loading from cache: /assets/textures/cat2.png
12:06:28.624 [JavaFX Application Thread] DEBUG AssetLoader          - Loading from cache: /assets/textures/cat3.png
12:06:28.641 [JavaFX Application Thread] DEBUG AssetLoader          - Loading from cache: /assets/textures/cat4.png
12:06:28.658 [JavaFX Application Thread] DEBUG AssetLoader          - Loading from cache: /assets/textures/cat5.png
12:06:28.673 [JavaFX Application Thread] DEBUG AssetLoader          - Loading from cache: /assets/textures/cat6.png
12:06:28.690 [JavaFX Application Thread] DEBUG AssetLoader          - Loading from cache: /assets/textures/cat7.png
12:06:28.706 [JavaFX Application Thread] DEBUG AssetLoader          - Loading from cache: /assets/textures/cat2.png
12:06:28.724 [JavaFX Application Thread] DEBUG AssetLoader          - Loading from cache: /assets/textures/cat3.png
12:06:28.740 [JavaFX Application Thread] DEBUG AssetLoader          - Loading from cache: /assets/textures/cat4.png
12:06:28.757 [JavaFX Application Thread] DEBUG AssetLoader          - Loading from cache: /assets/textures/cat5.png
12:06:28.773 [JavaFX Application Thread] DEBUG AssetLoader          - Loading from cache: /assets/textures/cat6.png
12:06:28.790 [JavaFX Application Thread] DEBUG AssetLoader          - Loading from cache: /assets/textures/cat7.png
12:06:28.791 [JavaFX Application Thread] DEBUG AssetLoader          - Loading from disk: /assets/sounds/explosion.wav
12:06:28.840 [JavaFX Application Thread] DEBUG AssetLoader          - Loading from cache: /assets/textures/cat2.png
12:06:28.856 [JavaFX Application Thread] DEBUG AssetLoader          - Loading from cache: /assets/textures/cat3.png
12:06:28.874 [JavaFX Application Thread] DEBUG AssetLoader          - Loading from cache: /assets/textures/cat4.png
12:06:28.890 [JavaFX Application Thread] DEBUG AssetLoader          - Loading from cache: /assets/textures/cat5.png
12:06:28.906 [JavaFX Application Thread] DEBUG AssetLoader          - Loading from cache: /assets/textures/cat6.png
12:06:28.923 [JavaFX Application Thread] DEBUG AssetLoader          - Loading from cache: /assets/textures/cat7.png
12:06:28.941 [JavaFX Application Thread] DEBUG AssetLoader          - Loading from cache: /assets/textures/cat2.png
12:06:28.956 [JavaFX Application Thread] DEBUG AssetLoader          - Loading from cache: /assets/textures/cat3.png
12:06:28.974 [JavaFX Application Thread] DEBUG AssetLoader          - Loading from cache: /assets/textures/cat4.png
12:06:28.990 [JavaFX Application Thread] DEBUG AssetLoader          - Loading from cache: /assets/textures/cat5.png
12:06:29.006 [JavaFX Application Thread] DEBUG AssetLoader          - Loading from cache: /assets/textures/cat6.png
12:06:29.024 [JavaFX Application Thread] DEBUG AssetLoader          - Loading from cache: /assets/textures/cat7.png
12:06:29.040 [JavaFX Application Thread] DEBUG AssetLoader          - Loading from cache: /assets/textures/cat2.png
12:06:29.057 [JavaFX Application Thread] DEBUG AssetLoader          - Loading from cache: /assets/textures/cat3.png
12:06:29.074 [JavaFX Application Thread] DEBUG AssetLoader          - Loading from cache: /assets/textures/cat4.png
12:06:29.090 [JavaFX Application Thread] DEBUG AssetLoader          - Loading from cache: /assets/textures/cat5.png
12:06:29.107 [JavaFX Application Thread] DEBUG AssetLoader          - Loading from cache: /assets/textures/cat6.png
12:06:29.123 [JavaFX Application Thread] DEBUG AssetLoader          - Loading from cache: /assets/textures/cat7.png
12:06:29.140 [JavaFX Application Thread] DEBUG AssetLoader          - Loading from cache: /assets/textures/cat2.png
12:06:29.157 [JavaFX Application Thread] DEBUG AssetLoader          - Loading from cache: /assets/textures/cat3.png
12:06:29.174 [JavaFX Application Thread] DEBUG AssetLoader          - Loading from cache: /assets/textures/cat4.png
12:06:29.190 [JavaFX Application Thread] DEBUG AssetLoader          - Loading from cache: /assets/textures/cat5.png
12:06:29.207 [JavaFX Application Thread] DEBUG AssetLoader          - Loading from cache: /assets/textures/cat6.png
12:06:29.224 [JavaFX Application Thread] DEBUG AssetLoader          - Loading from cache: /assets/textures/cat7.png
12:06:29.240 [JavaFX Application Thread] DEBUG AssetLoader          - Loading from cache: /assets/textures/cat2.png
12:06:29.257 [JavaFX Application Thread] DEBUG AssetLoader          - Loading from cache: /assets/textures/cat3.png
12:06:32.057 [JavaFX Application Thread] DEBUG AssetLoader          - Loading from cache: /assets/textures/cat4.png
12:06:32.074 [JavaFX Application Thread] DEBUG AssetLoader          - Loading from cache: /assets/textures/cat5.png
12:06:32.090 [JavaFX Application Thread] DEBUG AssetLoader          - Loading from cache: /assets/textures/cat6.png
12:06:32.107 [JavaFX Application Thread] DEBUG AssetLoader          - Loading from cache: /assets/textures/cat7.png
12:06:32.124 [JavaFX Application Thread] DEBUG AssetLoader          - Loading from cache: /assets/textures/cat2.png
12:06:32.141 [JavaFX Application Thread] DEBUG AssetLoader          - Loading from cache: /assets/textures/cat3.png
12:06:32.157 [JavaFX Application Thread] DEBUG AssetLoader          - Loading from cache: /assets/textures/cat4.png
12:06:32.174 [JavaFX Application Thread] DEBUG AssetLoader          - Loading from cache: /assets/textures/cat5.png
12:06:32.191 [JavaFX Application Thread] DEBUG AssetLoader          - Loading from cache: /assets/textures/cat6.png
12:06:32.207 [JavaFX Application Thread] DEBUG AssetLoader          - Loading from cache: /assets/textures/cat7.png
12:06:32.224 [JavaFX Application Thread] DEBUG AssetLoader          - Loading from cache: /assets/textures/cat2.png
12:06:32.674 [JavaFX Application Thread] DEBUG AssetLoader          - Loading from cache: /assets/textures/cat3.png
12:06:32.691 [JavaFX Application Thread] DEBUG AssetLoader          - Loading from cache: /assets/textures/cat4.png
12:06:32.708 [JavaFX Application Thread] DEBUG AssetLoader          - Loading from cache: /assets/textures/cat5.png
12:06:32.724 [JavaFX Application Thread] DEBUG AssetLoader          - Loading from cache: /assets/textures/cat6.png
12:06:32.741 [JavaFX Application Thread] DEBUG AssetLoader          - Loading from cache: /assets/textures/cat7.png
12:06:32.757 [JavaFX Application Thread] DEBUG AssetLoader          - Loading from cache: /assets/textures/cat2.png
12:06:32.774 [JavaFX Application Thread] DEBUG AssetLoader          - Loading from cache: /assets/textures/cat3.png
12:06:33.057 [JavaFX Application Thread] DEBUG AssetLoader          - Loading from cache: /assets/textures/cat4.png
12:06:33.074 [JavaFX Application Thread] DEBUG AssetLoader          - Loading from cache: /assets/textures/cat5.png
12:06:33.091 [JavaFX Application Thread] DEBUG AssetLoader          - Loading from cache: /assets/textures/cat6.png
12:06:33.107 [JavaFX Application Thread] DEBUG AssetLoader          - Loading from cache: /assets/textures/cat7.png
12:06:33.124 [JavaFX Application Thread] DEBUG AssetLoader          - Loading from cache: /assets/textures/cat2.png
12:06:33.141 [JavaFX Application Thread] DEBUG AssetLoader          - Loading from cache: /assets/textures/cat3.png
12:06:33.157 [JavaFX Application Thread] DEBUG AssetLoader          - Loading from cache: /assets/textures/cat4.png
12:06:33.174 [JavaFX Application Thread] DEBUG AssetLoader          - Loading from cache: /assets/textures/cat5.png
12:06:33.191 [JavaFX Application Thread] DEBUG AssetLoader          - Loading from cache: /assets/textures/cat6.png
12:06:33.207 [JavaFX Application Thread] DEBUG AssetLoader          - Loading from cache: /assets/textures/cat7.png
12:06:33.224 [JavaFX Application Thread] DEBUG AssetLoader          - Loading from cache: /assets/textures/cat2.png
12:06:33.241 [JavaFX Application Thread] DEBUG AssetLoader          - Loading from cache: /assets/textures/cat3.png
12:06:33.257 [JavaFX Application Thread] DEBUG AssetLoader          - Loading from cache: /assets/textures/cat4.png
12:06:33.274 [JavaFX Application Thread] DEBUG AssetLoader          - Loading from cache: /assets/textures/cat5.png
12:06:33.291 [JavaFX Application Thread] DEBUG AssetLoader          - Loading from cache: /assets/textures/cat6.png
12:06:33.308 [JavaFX Application Thread] DEBUG AssetLoader          - Loading from cache: /assets/textures/cat7.png
12:06:33.309 [JavaFX Application Thread] DEBUG AssetLoader          - Loading from cache: /assets/textures/cat2.png
12:06:33.324 [JavaFX Application Thread] DEBUG AssetLoader          - Loading from cache: /assets/textures/cat3.png
12:06:33.325 [JavaFX Application Thread] DEBUG AssetLoader          - Loading from cache: /assets/textures/cat4.png
12:06:33.341 [JavaFX Application Thread] DEBUG AssetLoader          - Loading from cache: /assets/textures/cat5.png
12:06:33.342 [JavaFX Application Thread] DEBUG AssetLoader          - Loading from cache: /assets/textures/cat6.png
12:06:33.358 [JavaFX Application Thread] DEBUG AssetLoader          - Loading from cache: /assets/textures/cat7.png
12:06:33.359 [JavaFX Application Thread] DEBUG AssetLoader          - Loading from cache: /assets/textures/cat2.png
12:06:33.374 [JavaFX Application Thread] DEBUG AssetLoader          - Loading from cache: /assets/textures/cat3.png
12:06:33.375 [JavaFX Application Thread] DEBUG AssetLoader          - Loading from cache: /assets/textures/cat4.png
12:06:33.391 [JavaFX Application Thread] DEBUG AssetLoader          - Loading from cache: /assets/textures/cat5.png
12:06:33.392 [JavaFX Application Thread] DEBUG AssetLoader          - Loading from cache: /assets/textures/cat6.png
12:06:33.407 [JavaFX Application Thread] DEBUG AssetLoader          - Loading from cache: /assets/textures/cat7.png
12:06:33.408 [JavaFX Application Thread] DEBUG AssetLoader          - Loading from cache: /assets/textures/cat2.png
12:06:33.424 [JavaFX Application Thread] DEBUG AssetLoader          - Loading from cache: /assets/textures/cat3.png
12:06:33.425 [JavaFX Application Thread] DEBUG AssetLoader          - Loading from cache: /assets/textures/cat4.png
12:06:33.441 [JavaFX Application Thread] DEBUG AssetLoader          - Loading from cache: /assets/textures/cat5.png
12:06:33.442 [JavaFX Application Thread] DEBUG AssetLoader          - Loading from cache: /assets/textures/cat6.png
12:06:33.457 [JavaFX Application Thread] DEBUG AssetLoader          - Loading from cache: /assets/textures/cat7.png
12:06:33.458 [JavaFX Application Thread] DEBUG AssetLoader          - Loading from cache: /assets/textures/cat2.png
12:06:33.474 [JavaFX Application Thread] DEBUG AssetLoader          - Loading from cache: /assets/textures/cat3.png
12:06:33.475 [JavaFX Application Thread] DEBUG AssetLoader          - Loading from cache: /assets/textures/cat4.png
12:06:33.491 [JavaFX Application Thread] DEBUG AssetLoader          - Loading from cache: /assets/textures/cat5.png
12:06:33.492 [JavaFX Application Thread] DEBUG AssetLoader          - Loading from cache: /assets/textures/cat6.png
12:06:33.508 [JavaFX Application Thread] DEBUG AssetLoader          - Loading from cache: /assets/textures/cat7.png
12:06:33.509 [JavaFX Application Thread] DEBUG AssetLoader          - Loading from cache: /assets/textures/cat2.png
12:06:33.524 [JavaFX Application Thread] DEBUG AssetLoader          - Loading from cache: /assets/textures/cat3.png
12:06:33.541 [JavaFX Application Thread] DEBUG AssetLoader          - Loading from cache: /assets/textures/cat4.png
12:06:33.557 [JavaFX Application Thread] DEBUG AssetLoader          - Loading from cache: /assets/textures/cat5.png
12:06:33.574 [JavaFX Application Thread] DEBUG AssetLoader          - Loading from cache: /assets/textures/cat6.png
12:06:33.840 [JavaFX Application Thread] DEBUG AssetLoader          - Loading from cache: /assets/textures/cat7.png
12:06:33.857 [JavaFX Application Thread] DEBUG AssetLoader          - Loading from cache: /assets/textures/cat2.png
12:06:33.873 [JavaFX Application Thread] DEBUG AssetLoader          - Loading from cache: /assets/textures/cat3.png
12:06:33.890 [JavaFX Application Thread] DEBUG AssetLoader          - Loading from cache: /assets/textures/cat4.png
12:06:33.906 [JavaFX Application Thread] DEBUG AssetLoader          - Loading from cache: /assets/textures/cat5.png
12:06:33.924 [JavaFX Application Thread] DEBUG AssetLoader          - Loading from cache: /assets/textures/cat6.png
12:06:33.940 [JavaFX Application Thread] DEBUG AssetLoader          - Loading from cache: /assets/textures/cat7.png
12:06:33.956 [JavaFX Application Thread] DEBUG AssetLoader          - Loading from cache: /assets/textures/cat2.png
12:06:33.974 [JavaFX Application Thread] DEBUG AssetLoader          - Loading from cache: /assets/textures/cat3.png
12:06:34.256 [JavaFX Application Thread] DEBUG AssetLoader          - Loading from cache: /assets/textures/cat4.png
12:06:34.273 [JavaFX Application Thread] DEBUG AssetLoader          - Loading from cache: /assets/textures/cat5.png
12:06:34.290 [JavaFX Application Thread] DEBUG AssetLoader          - Loading from cache: /assets/textures/cat6.png
12:06:34.306 [JavaFX Application Thread] DEBUG AssetLoader          - Loading from cache: /assets/textures/cat7.png
12:06:34.324 [JavaFX Application Thread] DEBUG AssetLoader          - Loading from cache: /assets/textures/cat2.png
12:06:34.340 [JavaFX Application Thread] DEBUG AssetLoader          - Loading from cache: /assets/textures/cat3.png
12:06:34.356 [JavaFX Application Thread] DEBUG AssetLoader          - Loading from cache: /assets/textures/cat4.png
12:06:34.374 [JavaFX Application Thread] DEBUG AssetLoader          - Loading from cache: /assets/textures/cat5.png
12:06:34.390 [JavaFX Application Thread] DEBUG AssetLoader          - Loading from cache: /assets/textures/cat6.png
12:06:34.406 [JavaFX Application Thread] DEBUG AssetLoader          - Loading from cache: /assets/textures/cat7.png
12:06:34.423 [JavaFX Application Thread] DEBUG AssetLoader          - Loading from cache: /assets/textures/cat2.png
12:06:34.440 [JavaFX Application Thread] DEBUG AssetLoader          - Loading from cache: /assets/textures/cat3.png
12:06:34.458 [JavaFX Application Thread] DEBUG AssetLoader          - Loading from cache: /assets/textures/cat4.png
12:06:34.473 [JavaFX Application Thread] DEBUG AssetLoader          - Loading from cache: /assets/textures/cat5.png
12:06:34.490 [JavaFX Application Thread] DEBUG AssetLoader          - Loading from cache: /assets/textures/cat6.png
12:06:34.507 [JavaFX Application Thread] DEBUG AssetLoader          - Loading from cache: /assets/textures/cat7.png
12:06:34.524 [JavaFX Application Thread] DEBUG AssetLoader          - Loading from cache: /assets/textures/cat2.png
12:06:34.540 [JavaFX Application Thread] DEBUG AssetLoader          - Loading from cache: /assets/textures/cat3.png
12:06:34.541 [JavaFX Application Thread] DEBUG AssetLoader          - Loading from cache: /assets/textures/cat4.png
12:06:34.557 [JavaFX Application Thread] DEBUG AssetLoader          - Loading from cache: /assets/textures/cat5.png
12:06:34.558 [JavaFX Application Thread] DEBUG AssetLoader          - Loading from cache: /assets/textures/cat6.png
12:06:34.574 [JavaFX Application Thread] DEBUG AssetLoader          - Loading from cache: /assets/textures/cat7.png
12:06:34.575 [JavaFX Application Thread] DEBUG AssetLoader          - Loading from cache: /assets/textures/cat2.png
12:06:34.591 [JavaFX Application Thread] DEBUG AssetLoader          - Loading from cache: /assets/textures/cat3.png
12:06:34.592 [JavaFX Application Thread] DEBUG AssetLoader          - Loading from cache: /assets/textures/cat4.png
12:06:34.607 [JavaFX Application Thread] DEBUG AssetLoader          - Loading from cache: /assets/textures/cat5.png
12:06:34.609 [JavaFX Application Thread] DEBUG AssetLoader          - Loading from cache: /assets/textures/cat6.png
12:06:34.624 [JavaFX Application Thread] DEBUG AssetLoader          - Loading from cache: /assets/textures/cat7.png
12:06:34.625 [JavaFX Application Thread] DEBUG AssetLoader          - Loading from cache: /assets/textures/cat2.png
12:06:34.639 [JavaFX Application Thread] DEBUG AssetLoader          - Loading from cache: /assets/textures/cat3.png
12:06:34.640 [JavaFX Application Thread] DEBUG AssetLoader          - Loading from cache: /assets/textures/cat4.png
12:06:34.657 [JavaFX Application Thread] DEBUG AssetLoader          - Loading from cache: /assets/textures/cat5.png
12:06:34.659 [JavaFX Application Thread] DEBUG AssetLoader          - Loading from cache: /assets/textures/cat6.png
12:06:34.673 [JavaFX Application Thread] DEBUG AssetLoader          - Loading from cache: /assets/textures/cat7.png
12:06:34.674 [JavaFX Application Thread] DEBUG AssetLoader          - Loading from cache: /assets/textures/cat2.png
12:06:34.691 [JavaFX Application Thread] DEBUG AssetLoader          - Loading from cache: /assets/textures/cat3.png
12:06:34.692 [JavaFX Application Thread] DEBUG AssetLoader          - Loading from cache: /assets/textures/cat4.png
12:06:34.708 [JavaFX Application Thread] DEBUG AssetLoader          - Loading from cache: /assets/textures/cat5.png
12:06:34.709 [JavaFX Application Thread] DEBUG AssetLoader          - Loading from cache: /assets/textures/cat6.png
12:06:34.723 [JavaFX Application Thread] DEBUG AssetLoader          - Loading from cache: /assets/textures/cat7.png
12:06:34.724 [JavaFX Application Thread] DEBUG AssetLoader          - Loading from cache: /assets/textures/cat2.png
12:06:34.740 [JavaFX Application Thread] DEBUG AssetLoader          - Loading from cache: /assets/textures/cat3.png
12:06:34.740 [JavaFX Application Thread] DEBUG AssetLoader          - Loading from cache: /assets/textures/cat4.png
12:06:34.756 [JavaFX Application Thread] DEBUG AssetLoader          - Loading from cache: /assets/textures/cat5.png
12:06:34.758 [JavaFX Application Thread] DEBUG AssetLoader          - Loading from cache: /assets/textures/cat6.png
12:06:34.773 [JavaFX Application Thread] DEBUG AssetLoader          - Loading from cache: /assets/textures/cat7.png
12:06:34.790 [JavaFX Application Thread] DEBUG AssetLoader          - Loading from cache: /assets/textures/cat2.png
12:06:34.806 [JavaFX Application Thread] DEBUG AssetLoader          - Loading from cache: /assets/textures/cat3.png
12:06:34.823 [JavaFX Application Thread] DEBUG AssetLoader          - Loading from cache: /assets/textures/cat4.png
12:06:34.840 [JavaFX Application Thread] DEBUG AssetLoader          - Loading from cache: /assets/textures/cat5.png
12:06:34.856 [JavaFX Application Thread] DEBUG AssetLoader          - Loading from cache: /assets/textures/cat6.png
12:06:34.873 [JavaFX Application Thread] DEBUG AssetLoader          - Loading from cache: /assets/textures/cat7.png
12:06:34.890 [JavaFX Application Thread] DEBUG AssetLoader          - Loading from cache: /assets/textures/cat2.png
12:06:34.906 [JavaFX Application Thread] DEBUG AssetLoader          - Loading from cache: /assets/textures/cat3.png
12:06:34.923 [JavaFX Application Thread] DEBUG AssetLoader          - Loading from cache: /assets/textures/cat4.png
12:06:34.940 [JavaFX Application Thread] DEBUG AssetLoader          - Loading from cache: /assets/textures/cat5.png
12:06:34.956 [JavaFX Application Thread] DEBUG AssetLoader          - Loading from cache: /assets/textures/cat6.png
12:06:34.957 [JavaFX Application Thread] DEBUG AssetLoader          - Loading from cache: /assets/textures/cat7.png
12:06:34.973 [JavaFX Application Thread] DEBUG AssetLoader          - Loading from cache: /assets/textures/cat2.png
12:06:34.974 [JavaFX Application Thread] DEBUG AssetLoader          - Loading from cache: /assets/textures/cat3.png
12:06:34.990 [JavaFX Application Thread] DEBUG AssetLoader          - Loading from cache: /assets/textures/cat4.png
12:06:34.991 [JavaFX Application Thread] DEBUG AssetLoader          - Loading from cache: /assets/textures/cat5.png
12:06:35.007 [JavaFX Application Thread] DEBUG AssetLoader          - Loading from cache: /assets/textures/cat6.png
12:06:35.024 [JavaFX Application Thread] DEBUG AssetLoader          - Loading from cache: /assets/textures/cat7.png
12:06:35.040 [JavaFX Application Thread] DEBUG AssetLoader          - Loading from cache: /assets/textures/cat2.png
12:06:35.056 [JavaFX Application Thread] DEBUG AssetLoader          - Loading from cache: /assets/textures/cat3.png
12:06:35.073 [JavaFX Application Thread] DEBUG AssetLoader          - Loading from cache: /assets/textures/cat4.png
12:06:35.090 [JavaFX Application Thread] DEBUG AssetLoader          - Loading from cache: /assets/textures/cat5.png
12:06:35.107 [JavaFX Application Thread] DEBUG AssetLoader          - Loading from cache: /assets/textures/cat6.png
12:06:35.123 [JavaFX Application Thread] DEBUG AssetLoader          - Loading from cache: /assets/textures/cat7.png
12:06:35.139 [JavaFX Application Thread] DEBUG AssetLoader          - Loading from cache: /assets/textures/cat2.png
12:06:35.156 [JavaFX Application Thread] DEBUG AssetLoader          - Loading from cache: /assets/textures/cat3.png
12:06:35.157 [JavaFX Application Thread] DEBUG AssetLoader          - Loading from cache: /assets/textures/cat4.png
12:06:35.173 [JavaFX Application Thread] DEBUG AssetLoader          - Loading from cache: /assets/textures/cat5.png
12:06:35.173 [JavaFX Application Thread] DEBUG AssetLoader          - Loading from cache: /assets/textures/cat6.png
12:06:35.189 [JavaFX Application Thread] DEBUG AssetLoader          - Loading from cache: /assets/textures/cat7.png
12:06:35.190 [JavaFX Application Thread] DEBUG AssetLoader          - Loading from cache: /assets/textures/cat2.png
12:06:35.206 [JavaFX Application Thread] DEBUG AssetLoader          - Loading from cache: /assets/textures/cat3.png
12:06:35.207 [JavaFX Application Thread] DEBUG AssetLoader          - Loading from cache: /assets/textures/cat4.png
12:06:35.224 [JavaFX Application Thread] DEBUG AssetLoader          - Loading from cache: /assets/textures/cat5.png
12:06:35.225 [JavaFX Application Thread] DEBUG AssetLoader          - Loading from cache: /assets/textures/cat6.png
12:06:35.239 [JavaFX Application Thread] DEBUG AssetLoader          - Loading from cache: /assets/textures/cat7.png
12:06:35.240 [JavaFX Application Thread] DEBUG AssetLoader          - Loading from cache: /assets/textures/cat2.png
12:06:35.256 [JavaFX Application Thread] DEBUG AssetLoader          - Loading from cache: /assets/textures/cat3.png
12:06:35.257 [JavaFX Application Thread] DEBUG AssetLoader          - Loading from cache: /assets/textures/cat4.png
12:06:35.273 [JavaFX Application Thread] DEBUG AssetLoader          - Loading from cache: /assets/textures/cat5.png
12:06:35.273 [JavaFX Application Thread] DEBUG AssetLoader          - Loading from cache: /assets/textures/cat6.png
12:06:35.289 [JavaFX Application Thread] DEBUG AssetLoader          - Loading from cache: /assets/textures/cat7.png
12:06:35.290 [JavaFX Application Thread] DEBUG AssetLoader          - Loading from cache: /assets/textures/cat2.png
12:06:35.307 [JavaFX Application Thread] DEBUG AssetLoader          - Loading from cache: /assets/textures/cat3.png
12:06:35.474 [JavaFX Application Thread] DEBUG AssetLoader          - Loading from cache: /assets/textures/cat4.png
12:06:35.491 [JavaFX Application Thread] DEBUG AssetLoader          - Loading from cache: /assets/textures/cat5.png
12:06:35.507 [JavaFX Application Thread] DEBUG AssetLoader          - Loading from cache: /assets/textures/cat6.png
12:06:35.523 [JavaFX Application Thread] DEBUG AssetLoader          - Loading from cache: /assets/textures/cat7.png
12:06:35.539 [JavaFX Application Thread] DEBUG AssetLoader          - Loading from cache: /assets/textures/cat2.png
12:06:35.557 [JavaFX Application Thread] DEBUG AssetLoader          - Loading from cache: /assets/textures/cat3.png
12:06:35.573 [JavaFX Application Thread] DEBUG AssetLoader          - Loading from cache: /assets/textures/cat4.png
12:06:35.590 [JavaFX Application Thread] DEBUG AssetLoader          - Loading from cache: /assets/textures/cat5.png
12:06:35.608 [JavaFX Application Thread] DEBUG AssetLoader          - Loading from cache: /assets/textures/cat6.png
12:06:35.608 [JavaFX Application Thread] DEBUG AssetLoader          - Loading from cache: /assets/textures/cat7.png
12:06:35.623 [JavaFX Application Thread] DEBUG AssetLoader          - Loading from cache: /assets/textures/cat2.png
12:06:35.624 [JavaFX Application Thread] DEBUG AssetLoader          - Loading from cache: /assets/textures/cat3.png
12:06:35.639 [JavaFX Application Thread] DEBUG AssetLoader          - Loading from cache: /assets/textures/cat4.png
12:06:35.656 [JavaFX Application Thread] DEBUG AssetLoader          - Loading from cache: /assets/textures/cat5.png
12:06:35.673 [JavaFX Application Thread] DEBUG AssetLoader          - Loading from cache: /assets/textures/cat6.png
12:06:35.690 [JavaFX Application Thread] DEBUG AssetLoader          - Loading from cache: /assets/textures/cat7.png
12:06:35.707 [JavaFX Application Thread] DEBUG AssetLoader          - Loading from cache: /assets/textures/cat2.png
12:06:35.723 [JavaFX Application Thread] DEBUG AssetLoader          - Loading from cache: /assets/textures/cat3.png
12:06:35.740 [JavaFX Application Thread] DEBUG AssetLoader          - Loading from cache: /assets/textures/cat4.png
12:06:35.756 [JavaFX Application Thread] DEBUG AssetLoader          - Loading from cache: /assets/textures/cat5.png
12:06:35.773 [JavaFX Application Thread] DEBUG AssetLoader          - Loading from cache: /assets/textures/cat6.png
12:06:35.790 [JavaFX Application Thread] DEBUG AssetLoader          - Loading from cache: /assets/textures/cat7.png
12:06:35.807 [JavaFX Application Thread] DEBUG AssetLoader          - Loading from cache: /assets/textures/cat2.png
12:06:35.824 [JavaFX Application Thread] DEBUG AssetLoader          - Loading from cache: /assets/textures/cat3.png
12:06:35.840 [JavaFX Application Thread] DEBUG AssetLoader          - Loading from cache: /assets/textures/cat4.png
12:06:35.858 [JavaFX Application Thread] DEBUG AssetLoader          - Loading from cache: /assets/textures/cat5.png
12:06:35.873 [JavaFX Application Thread] DEBUG AssetLoader          - Loading from cache: /assets/textures/cat6.png
12:06:35.891 [JavaFX Application Thread] DEBUG AssetLoader          - Loading from cache: /assets/textures/cat7.png
12:06:35.906 [JavaFX Application Thread] DEBUG AssetLoader          - Loading from cache: /assets/textures/cat2.png
12:06:36.123 [JavaFX Application Thread] DEBUG AssetLoader          - Loading from cache: /assets/textures/cat3.png
12:06:36.139 [JavaFX Application Thread] DEBUG AssetLoader          - Loading from cache: /assets/textures/cat4.png
12:06:36.157 [JavaFX Application Thread] DEBUG AssetLoader          - Loading from cache: /assets/textures/cat5.png
12:06:36.173 [JavaFX Application Thread] DEBUG AssetLoader          - Loading from cache: /assets/textures/cat6.png
12:06:36.190 [JavaFX Application Thread] DEBUG AssetLoader          - Loading from cache: /assets/textures/cat7.png
12:06:36.207 [JavaFX Application Thread] DEBUG AssetLoader          - Loading from cache: /assets/textures/cat2.png
12:06:36.223 [JavaFX Application Thread] DEBUG AssetLoader          - Loading from cache: /assets/textures/cat3.png
12:06:36.240 [JavaFX Application Thread] DEBUG AssetLoader          - Loading from cache: /assets/textures/cat4.png
12:06:36.256 [JavaFX Application Thread] DEBUG AssetLoader          - Loading from cache: /assets/textures/cat5.png
12:06:36.274 [JavaFX Application Thread] DEBUG AssetLoader          - Loading from cache: /assets/textures/cat6.png
12:06:36.291 [JavaFX Application Thread] DEBUG AssetLoader          - Loading from cache: /assets/textures/cat7.png
12:06:36.308 [JavaFX Application Thread] DEBUG AssetLoader          - Loading from cache: /assets/textures/cat2.png
12:06:36.324 [JavaFX Application Thread] DEBUG AssetLoader          - Loading from cache: /assets/textures/cat3.png
12:06:36.341 [JavaFX Application Thread] DEBUG AssetLoader          - Loading from cache: /assets/textures/cat4.png
12:06:36.357 [JavaFX Application Thread] DEBUG AssetLoader          - Loading from cache: /assets/textures/cat5.png
12:06:36.374 [JavaFX Application Thread] DEBUG AssetLoader          - Loading from cache: /assets/textures/cat6.png
12:06:36.390 [JavaFX Application Thread] DEBUG AssetLoader          - Loading from cache: /assets/textures/cat7.png
12:06:36.407 [JavaFX Application Thread] DEBUG AssetLoader          - Loading from cache: /assets/textures/cat2.png
12:06:36.423 [JavaFX Application Thread] DEBUG AssetLoader          - Loading from cache: /assets/textures/cat3.png
12:06:36.440 [JavaFX Application Thread] DEBUG AssetLoader          - Loading from cache: /assets/textures/cat4.png
12:06:36.458 [JavaFX Application Thread] DEBUG AssetLoader          - Loading from cache: /assets/textures/cat5.png
12:06:36.473 [JavaFX Application Thread] DEBUG AssetLoader          - Loading from cache: /assets/textures/cat6.png
12:06:36.490 [JavaFX Application Thread] DEBUG AssetLoader          - Loading from cache: /assets/textures/cat7.png
12:06:36.507 [JavaFX Application Thread] DEBUG AssetLoader          - Loading from cache: /assets/textures/cat2.png
12:06:36.523 [JavaFX Application Thread] DEBUG AssetLoader          - Loading from cache: /assets/textures/cat3.png
12:06:36.540 [JavaFX Application Thread] DEBUG AssetLoader          - Loading from cache: /assets/textures/cat4.png
12:06:36.557 [JavaFX Application Thread] DEBUG AssetLoader          - Loading from cache: /assets/textures/cat5.png
12:06:36.573 [JavaFX Application Thread] DEBUG AssetLoader          - Loading from cache: /assets/textures/cat6.png
12:06:36.591 [JavaFX Application Thread] DEBUG AssetLoader          - Loading from cache: /assets/textures/cat7.png
12:06:36.607 [JavaFX Application Thread] DEBUG AssetLoader          - Loading from cache: /assets/textures/cat2.png
12:06:36.623 [JavaFX Application Thread] DEBUG AssetLoader          - Loading from cache: /assets/textures/cat3.png
12:06:36.640 [JavaFX Application Thread] DEBUG AssetLoader          - Loading from cache: /assets/textures/cat4.png
12:06:36.657 [JavaFX Application Thread] DEBUG AssetLoader          - Loading from cache: /assets/textures/cat5.png
12:06:36.673 [JavaFX Application Thread] DEBUG AssetLoader          - Loading from cache: /assets/textures/cat6.png
12:06:36.689 [JavaFX Application Thread] DEBUG AssetLoader          - Loading from cache: /assets/textures/cat7.png
12:06:36.707 [JavaFX Application Thread] DEBUG AssetLoader          - Loading from cache: /assets/textures/cat2.png
12:06:36.723 [JavaFX Application Thread] DEBUG AssetLoader          - Loading from cache: /assets/textures/cat3.png
12:06:36.740 [JavaFX Application Thread] DEBUG AssetLoader          - Loading from cache: /assets/textures/cat4.png
12:06:36.907 [JavaFX Application Thread] DEBUG AssetLoader          - Loading from cache: /assets/textures/cat5.png
12:06:36.924 [JavaFX Application Thread] DEBUG AssetLoader          - Loading from cache: /assets/textures/cat6.png
12:06:36.941 [JavaFX Application Thread] DEBUG AssetLoader          - Loading from cache: /assets/textures/cat7.png
12:06:36.956 [JavaFX Application Thread] DEBUG AssetLoader          - Loading from cache: /assets/textures/cat2.png
12:06:36.973 [JavaFX Application Thread] DEBUG AssetLoader          - Loading from cache: /assets/textures/cat3.png
12:06:36.991 [JavaFX Application Thread] DEBUG AssetLoader          - Loading from cache: /assets/textures/cat4.png
12:06:37.007 [JavaFX Application Thread] DEBUG AssetLoader          - Loading from cache: /assets/textures/cat5.png
12:06:37.023 [JavaFX Application Thread] DEBUG AssetLoader          - Loading from cache: /assets/textures/cat6.png
12:06:37.040 [JavaFX Application Thread] DEBUG AssetLoader          - Loading from cache: /assets/textures/cat7.png
12:06:37.056 [JavaFX Application Thread] DEBUG AssetLoader          - Loading from cache: /assets/textures/cat2.png
12:06:37.074 [JavaFX Application Thread] DEBUG AssetLoader          - Loading from cache: /assets/textures/cat3.png
12:06:37.089 [JavaFX Application Thread] DEBUG AssetLoader          - Loading from cache: /assets/textures/cat4.png
12:06:37.106 [JavaFX Application Thread] DEBUG AssetLoader          - Loading from cache: /assets/textures/cat5.png
12:06:37.123 [JavaFX Application Thread] DEBUG AssetLoader          - Loading from cache: /assets/textures/cat6.png
12:06:37.140 [JavaFX Application Thread] DEBUG AssetLoader          - Loading from cache: /assets/textures/cat7.png
12:06:37.156 [JavaFX Application Thread] DEBUG AssetLoader          - Loading from cache: /assets/textures/cat2.png
12:06:37.173 [JavaFX Application Thread] DEBUG AssetLoader          - Loading from cache: /assets/textures/cat3.png
12:06:37.390 [JavaFX Application Thread] DEBUG AssetLoader          - Loading from cache: /assets/textures/cat4.png
12:06:37.407 [JavaFX Application Thread] DEBUG AssetLoader          - Loading from cache: /assets/textures/cat5.png
12:06:37.424 [JavaFX Application Thread] DEBUG AssetLoader          - Loading from cache: /assets/textures/cat6.png
12:06:37.441 [JavaFX Application Thread] DEBUG AssetLoader          - Loading from cache: /assets/textures/cat7.png
12:06:37.457 [JavaFX Application Thread] DEBUG AssetLoader          - Loading from cache: /assets/textures/cat2.png
12:06:37.474 [JavaFX Application Thread] DEBUG AssetLoader          - Loading from cache: /assets/textures/cat3.png
12:06:37.490 [JavaFX Application Thread] DEBUG AssetLoader          - Loading from cache: /assets/textures/cat4.png
12:06:37.507 [JavaFX Application Thread] DEBUG AssetLoader          - Loading from cache: /assets/textures/cat5.png
12:06:37.524 [JavaFX Application Thread] DEBUG AssetLoader          - Loading from cache: /assets/textures/cat6.png
12:06:37.540 [JavaFX Application Thread] DEBUG AssetLoader          - Loading from cache: /assets/textures/cat7.png
12:06:37.557 [JavaFX Application Thread] DEBUG AssetLoader          - Loading from cache: /assets/textures/cat2.png
12:06:37.574 [JavaFX Application Thread] DEBUG AssetLoader          - Loading from cache: /assets/textures/cat3.png
12:06:37.591 [JavaFX Application Thread] DEBUG AssetLoader          - Loading from cache: /assets/textures/cat4.png
12:06:37.607 [JavaFX Application Thread] DEBUG AssetLoader          - Loading from cache: /assets/textures/cat5.png
12:06:37.624 [JavaFX Application Thread] DEBUG AssetLoader          - Loading from cache: /assets/textures/cat6.png
12:06:37.640 [JavaFX Application Thread] DEBUG AssetLoader          - Loading from cache: /assets/textures/cat7.png
12:06:37.656 [JavaFX Application Thread] DEBUG AssetLoader          - Loading from cache: /assets/textures/cat2.png
12:06:37.674 [JavaFX Application Thread] DEBUG AssetLoader          - Loading from cache: /assets/textures/cat3.png
12:06:37.691 [JavaFX Application Thread] DEBUG AssetLoader          - Loading from cache: /assets/textures/cat4.png
12:06:37.706 [JavaFX Application Thread] DEBUG AssetLoader          - Loading from cache: /assets/textures/cat5.png
12:06:37.724 [JavaFX Application Thread] DEBUG AssetLoader          - Loading from cache: /assets/textures/cat6.png
12:06:37.740 [JavaFX Application Thread] DEBUG AssetLoader          - Loading from cache: /assets/textures/cat7.png
12:06:37.757 [JavaFX Application Thread] DEBUG AssetLoader          - Loading from cache: /assets/textures/cat2.png
12:06:37.773 [JavaFX Application Thread] DEBUG AssetLoader          - Loading from cache: /assets/textures/cat3.png
12:06:37.790 [JavaFX Application Thread] DEBUG AssetLoader          - Loading from cache: /assets/textures/cat4.png
12:06:37.807 [JavaFX Application Thread] DEBUG AssetLoader          - Loading from cache: /assets/textures/cat5.png
12:06:37.824 [JavaFX Application Thread] DEBUG AssetLoader          - Loading from cache: /assets/textures/cat6.png
12:06:37.840 [JavaFX Application Thread] DEBUG AssetLoader          - Loading from cache: /assets/textures/cat7.png
12:06:37.857 [JavaFX Application Thread] DEBUG AssetLoader          - Loading from cache: /assets/textures/cat2.png
12:06:37.874 [JavaFX Application Thread] DEBUG AssetLoader          - Loading from cache: /assets/textures/cat3.png
12:06:37.891 [JavaFX Application Thread] DEBUG AssetLoader          - Loading from cache: /assets/textures/cat4.png
12:06:37.907 [JavaFX Application Thread] DEBUG AssetLoader          - Loading from cache: /assets/textures/cat5.png
12:06:37.924 [JavaFX Application Thread] DEBUG AssetLoader          - Loading from cache: /assets/textures/cat6.png
12:06:37.941 [JavaFX Application Thread] DEBUG AssetLoader          - Loading from cache: /assets/textures/cat7.png
12:06:37.957 [JavaFX Application Thread] DEBUG AssetLoader          - Loading from cache: /assets/textures/cat2.png
12:06:37.973 [JavaFX Application Thread] DEBUG AssetLoader          - Loading from cache: /assets/textures/cat3.png
12:06:37.991 [JavaFX Application Thread] DEBUG AssetLoader          - Loading from cache: /assets/textures/cat4.png
12:06:38.007 [JavaFX Application Thread] DEBUG AssetLoader          - Loading from cache: /assets/textures/cat5.png
12:06:38.023 [JavaFX Application Thread] DEBUG AssetLoader          - Loading from cache: /assets/textures/cat6.png
12:06:38.041 [JavaFX Application Thread] DEBUG AssetLoader          - Loading from cache: /assets/textures/cat7.png
12:06:38.057 [JavaFX Application Thread] DEBUG AssetLoader          - Loading from cache: /assets/textures/cat2.png
12:06:38.074 [JavaFX Application Thread] DEBUG AssetLoader          - Loading from cache: /assets/textures/cat3.png
12:06:38.090 [JavaFX Application Thread] DEBUG AssetLoader          - Loading from cache: /assets/textures/cat4.png
12:06:38.107 [JavaFX Application Thread] DEBUG AssetLoader          - Loading from cache: /assets/textures/cat5.png
12:06:38.124 [JavaFX Application Thread] DEBUG AssetLoader          - Loading from cache: /assets/textures/cat6.png
12:06:38.140 [JavaFX Application Thread] DEBUG AssetLoader          - Loading from cache: /assets/textures/cat7.png
12:06:38.157 [JavaFX Application Thread] DEBUG AssetLoader          - Loading from cache: /assets/textures/cat2.png
12:06:38.174 [JavaFX Application Thread] DEBUG AssetLoader          - Loading from cache: /assets/textures/cat3.png
12:06:38.190 [JavaFX Application Thread] DEBUG AssetLoader          - Loading from cache: /assets/textures/cat4.png
12:06:38.207 [JavaFX Application Thread] DEBUG AssetLoader          - Loading from cache: /assets/textures/cat5.png
12:06:38.224 [JavaFX Application Thread] DEBUG AssetLoader          - Loading from cache: /assets/textures/cat6.png
12:06:38.240 [JavaFX Application Thread] DEBUG AssetLoader          - Loading from cache: /assets/textures/cat7.png
12:06:38.257 [JavaFX Application Thread] DEBUG AssetLoader          - Loading from cache: /assets/textures/cat2.png
12:06:38.607 [JavaFX Application Thread] DEBUG AssetLoader          - Loading from cache: /assets/textures/cat3.png
12:06:38.624 [JavaFX Application Thread] DEBUG AssetLoader          - Loading from cache: /assets/textures/cat4.png
12:06:38.641 [JavaFX Application Thread] DEBUG AssetLoader          - Loading from cache: /assets/textures/cat5.png
12:06:38.807 [JavaFX Application Thread] DEBUG AssetLoader          - Loading from cache: /assets/textures/cat6.png
12:06:38.824 [JavaFX Application Thread] DEBUG AssetLoader          - Loading from cache: /assets/textures/cat7.png
12:06:38.840 [JavaFX Application Thread] DEBUG AssetLoader          - Loading from cache: /assets/textures/cat2.png
12:06:38.973 [JavaFX Application Thread] DEBUG AssetLoader          - Loading from cache: /assets/textures/cat3.png
12:06:38.990 [JavaFX Application Thread] DEBUG AssetLoader          - Loading from cache: /assets/textures/cat4.png
12:06:39.007 [JavaFX Application Thread] DEBUG AssetLoader          - Loading from cache: /assets/textures/cat5.png
12:06:39.024 [JavaFX Application Thread] DEBUG AssetLoader          - Loading from cache: /assets/textures/cat6.png
12:06:39.157 [JavaFX Application Thread] DEBUG AssetLoader          - Loading from cache: /assets/textures/cat7.png
12:06:39.173 [JavaFX Application Thread] DEBUG AssetLoader          - Loading from cache: /assets/textures/cat2.png
12:06:39.189 [JavaFX Application Thread] DEBUG AssetLoader          - Loading from cache: /assets/textures/cat3.png
12:06:39.207 [JavaFX Application Thread] DEBUG AssetLoader          - Loading from cache: /assets/textures/cat4.png
12:06:39.223 [JavaFX Application Thread] DEBUG AssetLoader          - Loading from cache: /assets/textures/cat5.png
12:06:39.407 [JavaFX Application Thread] DEBUG AssetLoader          - Loading from cache: /assets/textures/cat6.png
12:06:39.424 [JavaFX Application Thread] DEBUG AssetLoader          - Loading from cache: /assets/textures/cat7.png
12:06:39.439 [JavaFX Application Thread] DEBUG AssetLoader          - Loading from cache: /assets/textures/cat2.png
12:06:39.456 [JavaFX Application Thread] DEBUG AssetLoader          - Loading from cache: /assets/textures/cat3.png
12:06:39.473 [JavaFX Application Thread] DEBUG AssetLoader          - Loading from cache: /assets/textures/cat4.png
12:06:39.639 [JavaFX Application Thread] DEBUG AssetLoader          - Loading from cache: /assets/textures/cat5.png
12:06:39.656 [JavaFX Application Thread] DEBUG AssetLoader          - Loading from cache: /assets/textures/cat6.png
12:06:39.673 [JavaFX Application Thread] DEBUG AssetLoader          - Loading from cache: /assets/textures/cat7.png
12:06:39.690 [JavaFX Application Thread] DEBUG AssetLoader          - Loading from cache: /assets/textures/cat2.png
12:06:39.706 [JavaFX Application Thread] DEBUG AssetLoader          - Loading from cache: /assets/textures/cat3.png
12:06:39.723 [JavaFX Application Thread] DEBUG AssetLoader          - Loading from cache: /assets/textures/cat4.png
12:06:39.739 [JavaFX Application Thread] DEBUG AssetLoader          - Loading from cache: /assets/textures/cat5.png
12:06:39.923 [JavaFX Application Thread] DEBUG AssetLoader          - Loading from cache: /assets/textures/cat6.png
12:06:39.940 [JavaFX Application Thread] DEBUG AssetLoader          - Loading from cache: /assets/textures/cat7.png
12:06:39.957 [JavaFX Application Thread] DEBUG AssetLoader          - Loading from cache: /assets/textures/cat2.png
12:06:39.974 [JavaFX Application Thread] DEBUG AssetLoader          - Loading from cache: /assets/textures/cat3.png
12:06:39.989 [JavaFX Application Thread] DEBUG AssetLoader          - Loading from cache: /assets/textures/cat4.png
12:06:40.006 [JavaFX Application Thread] DEBUG AssetLoader          - Loading from cache: /assets/textures/cat5.png
12:06:40.024 [JavaFX Application Thread] DEBUG AssetLoader          - Loading from cache: /assets/textures/cat6.png
12:06:40.190 [JavaFX Application Thread] DEBUG AssetLoader          - Loading from cache: /assets/textures/cat7.png
12:06:40.207 [JavaFX Application Thread] DEBUG AssetLoader          - Loading from cache: /assets/textures/cat2.png
12:06:40.223 [JavaFX Application Thread] DEBUG AssetLoader          - Loading from cache: /assets/textures/cat3.png
12:06:40.239 [JavaFX Application Thread] DEBUG AssetLoader          - Loading from cache: /assets/textures/cat4.png
12:06:40.256 [JavaFX Application Thread] DEBUG AssetLoader          - Loading from cache: /assets/textures/cat5.png
12:06:40.273 [JavaFX Application Thread] DEBUG AssetLoader          - Loading from cache: /assets/textures/cat6.png
12:06:40.289 [JavaFX Application Thread] DEBUG AssetLoader          - Loading from cache: /assets/textures/cat7.png
12:06:40.407 [JavaFX Application Thread] DEBUG AssetLoader          - Loading from cache: /assets/textures/cat2.png
12:06:40.423 [JavaFX Application Thread] DEBUG AssetLoader          - Loading from cache: /assets/textures/cat3.png
12:06:40.441 [JavaFX Application Thread] DEBUG AssetLoader          - Loading from cache: /assets/textures/cat4.png
12:06:40.456 [JavaFX Application Thread] DEBUG AssetLoader          - Loading from cache: /assets/textures/cat5.png
12:06:40.473 [JavaFX Application Thread] DEBUG AssetLoader          - Loading from cache: /assets/textures/cat6.png
12:06:40.489 [JavaFX Application Thread] DEBUG AssetLoader          - Loading from cache: /assets/textures/cat7.png
12:06:40.589 [JavaFX Application Thread] DEBUG AssetLoader          - Loading from cache: /assets/textures/cat2.png
12:06:40.607 [JavaFX Application Thread] DEBUG AssetLoader          - Loading from cache: /assets/textures/cat3.png
12:06:40.623 [JavaFX Application Thread] DEBUG AssetLoader          - Loading from cache: /assets/textures/cat4.png
12:06:40.640 [JavaFX Application Thread] DEBUG AssetLoader          - Loading from cache: /assets/textures/cat5.png
12:06:40.657 [JavaFX Application Thread] DEBUG AssetLoader          - Loading from cache: /assets/textures/cat6.png
12:06:40.673 [JavaFX Application Thread] DEBUG AssetLoader          - Loading from cache: /assets/textures/cat7.png
12:06:40.689 [JavaFX Application Thread] DEBUG AssetLoader          - Loading from cache: /assets/textures/cat2.png
12:06:40.707 [JavaFX Application Thread] DEBUG AssetLoader          - Loading from cache: /assets/textures/cat3.png
12:06:40.723 [JavaFX Application Thread] DEBUG AssetLoader          - Loading from cache: /assets/textures/cat4.png
12:06:41.363 [JavaFX Application Thread] DEBUG GameApplication      - Exiting game application
12:06:41.364 [JavaFX Application Thread] DEBUG GameApplication      - Shutting down background threads
12:06:41.364 [JavaFX Application Thread] DEBUG GameApplication      - Exiting FXGL
12:06:41.365 [JavaFX Application Thread] DEBUG FXGL                 - Saving FXGL system data
12:06:41.366 [JavaFX Application Thread] DEBUG IOTask               - Executing task: writeDataTask(system/fxgl.bundle)
12:06:41.369 [JavaFX Application Thread] DEBUG FS                   - Writing to: system/fxgl.bundle
12:06:41.382 [JavaFX Application Thread] DEBUG IOTask               - Task succeeded: writeDataTask(system/fxgl.bundle)
12:06:41.382 [JavaFX Application Thread] DEBUG GameApplication      - Closing logger and exiting JavaFX
