12:31:15.324 [JavaFX Application Thread] DEBUG GameApplication      - Logger initialized
12:31:16.282 [JavaFX Application Thread] DEBUG GameApplication      - Starting FXGL
12:31:16.282 [JavaFX Application Thread] INFO  Version              - FXGL-0.4.0
12:31:16.282 [JavaFX Application Thread] INFO  Version              - Source code and latest versions at: https://github.com/AlmasB/FXGL
12:31:16.283 [JavaFX Application Thread] INFO  Version              -              Join the FXGL chat at: https://gitter.im/AlmasB/FXGL
12:31:16.397 [FXGL Launcher Thread     ] DEBUG FXGL                 - Loading FXGL system data
12:31:16.410 [FXGL Launcher Thread     ] DEBUG IOTask               - Executing task: readDataTask(system/fxgl.bundle)
12:31:16.436 [FXGL Launcher Thread     ] DEBUG FS                   - Reading from: system/fxgl.bundle
12:31:16.462 [FXGL Launcher Thread     ] DEBUG IOTask               - Task succeeded: readDataTask(system/fxgl.bundle)
12:31:16.472 [FXGL Launcher Thread     ] DEBUG Bundle               - Logging bundle: FXGL
12:31:16.473 [FXGL Launcher Thread     ] DEBUG Bundle               - FXGL.offline.timer.version.check=2017-12-20T22:26:57.887
12:31:16.475 [FXGL Launcher Thread     ] DEBUG GameApplication      - FXGL configuration complete
12:31:16.483 [FXGL Launcher Thread     ] INFO  GameApplication      - FXGL configuration took:  0.192 sec
12:31:16.484 [FXGL Launcher Thread     ] DEBUG GameApplication      - Logging game settings
Title: My App
Version: 0.1
Width: 1280
Height: 780
Fullscreen: false
Intro: false
Menus: false
Profiling: false
Single step:false
App Mode: DEVELOPER
Menu Key: ESCAPE
Stage Style: DECORATED
Scene Factory: class com.almasb.fxgl.scene.SceneFactory
Dialog Factory: class com.almasb.fxgl.ui.FXGLDialogFactory
UI Factory: class com.almasb.fxgl.ui.FXGLUIFactory
Notification Service: class com.almasb.fxgl.gameplay.notification.XboxNotificationView
Exception Handler: class com.almasb.fxgl.app.FXGLExceptionHandler
12:31:16.516 [JavaFX Application Thread] DEBUG UpdaterTask          - Checking for updates
12:31:16.623 [JavaFX Application Thread] DEBUG IOTask               - Showing dialog
12:31:16.627 [FXGL Background Thread 1 ] DEBUG IOTask               - Executing task: openStream(https://raw.githubusercontent.com/AlmasB/FXGL/master/pom.xml)
12:31:16.627 [FXGL Background Thread 1 ] DEBUG IOTask               - Executing task: openStream(https://raw.githubusercontent.com/AlmasB/FXGL/master/pom.xml)
12:31:17.012 [JavaFX Application Thread] DEBUG IOTask               - fail(): Dismissing dialog
12:31:17.012 [JavaFX Application Thread] WARN  IOTask               - Task failed: openStream(https://raw.githubusercontent.com/AlmasB/FXGL/master/pom.xml) Error: java.net.UnknownHostException: raw.githubusercontent.com
12:31:17.012 [JavaFX Application Thread] WARN  UpdaterTask          - Failed to find updates: java.net.UnknownHostException: raw.githubusercontent.com
12:31:18.480 [FXGL Launcher Thread     ] DEBUG GameApplication      - Configuring GameApplication
12:31:18.486 [FXGL Launcher Thread     ] DEBUG AppStateMachine      - Initializing application states
12:31:18.497 [FXGL Launcher Thread     ] DEBUG AssetLoader          - Loading from disk: /assets/ui/cursors/fxgl_default.png
12:31:18.518 [FXGL Launcher Thread     ] DEBUG AssetLoader          - Loading from disk: /assets/ui/cursors/fxgl_default.png
12:31:18.524 [FXGL Launcher Thread     ] DEBUG AssetLoader          - Loading from disk: /assets/sounds/core/notification.wav
12:31:18.566 [FXGL Launcher Thread     ] DEBUG AssetLoader          - Loading from disk: /assets/sounds/menu/select.wav
12:31:18.567 [FXGL Launcher Thread     ] DEBUG AssetLoader          - Loading from disk: /assets/sounds/menu/back.wav
12:31:18.570 [FXGL Launcher Thread     ] DEBUG AssetLoader          - Loading from disk: /assets/sounds/menu/press.wav
12:31:18.572 [FXGL Launcher Thread     ] DEBUG AssetLoader          - Loading from disk: /assets/ui/fonts/VarelaRound-Regular.ttf
12:31:18.590 [FXGL Launcher Thread     ] DEBUG AssetLoader          - Loading from disk: /assets/ui/fonts/lucida_console.ttf
12:31:18.597 [FXGL Launcher Thread     ] DEBUG AssetLoader          - Loading from disk: /assets/ui/css/fxgl_dark.css
12:31:18.597 [FXGL Launcher Thread     ] DEBUG AssetLoader          - Loading from disk: /assets/ui/icons/fxgl_icon.png
12:31:18.635 [FXGL Launcher Thread     ] DEBUG AssetLoader          - Loading from disk: /assets/ui/cursors/fxgl_default.png
12:31:18.661 [FXGL Launcher Thread     ] DEBUG FXGL.GameScene       - Game scene initialized: 1280x780
12:31:18.665 [FXGL Launcher Thread     ] DEBUG FXGL.GameWorld       - Game world initialized
12:31:18.797 [FXGL Launcher Thread     ] DEBUG FXGL.PhysicsWorld    - Physics world initialized: appHeight=780, physics.ppm=50.0
12:31:18.823 [FXGL Launcher Thread     ] DEBUG Input                - Registered new binding: Pause - Esc
12:31:18.839 [FXGL Launcher Thread     ] INFO  GameApplication      - Game configuration took:  0.359 sec
12:31:18.841 [JavaFX Application Thread] DEBUG MainWindow           - App size > screen size
12:31:18.841 [JavaFX Application Thread] DEBUG MainWindow           - Target size: 1280.0 x 780.0 @ 1.0
12:31:18.841 [JavaFX Application Thread] DEBUG MainWindow           - New size:    1222.0 x 744.65625 @ 0.9546875
12:31:18.842 [JavaFX Application Thread] DEBUG MainWindow           - Opening main window
12:31:18.917 [JavaFX Application Thread] DEBUG MainWindow           - Root size:  1280.0x780.0
12:31:18.918 [JavaFX Application Thread] DEBUG MainWindow           - Scene size: 1280.0x780.0
12:31:18.918 [JavaFX Application Thread] DEBUG MainWindow           - Stage size: 1280.0x802.0
12:31:18.918 [JavaFX Application Thread] DEBUG GameApplication      - Running preInit()
12:31:19.071 [JavaFX Application Thread] DEBUG AnnotationParser     - @SetAchievementStore: []
12:31:19.072 [JavaFX Application Thread] DEBUG Input                - Registered new binding: Screenshot - P
12:31:19.073 [JavaFX Application Thread] DEBUG Input                - Registered new binding: Dev Options - CTRL+0
12:31:19.073 [JavaFX Application Thread] DEBUG Input                - Registered new binding: Player1 Move Right - D
12:31:19.074 [JavaFX Application Thread] DEBUG Input                - Registered new binding: Player1 Move Left - A
12:31:19.074 [JavaFX Application Thread] DEBUG Input                - Registered new binding: Player1 Move Up - W
12:31:19.074 [JavaFX Application Thread] DEBUG Input                - Registered new binding: Player1 Move Down - S
12:31:19.074 [JavaFX Application Thread] DEBUG Input                - Registered new binding: Player2 Move Up - Up
12:31:19.075 [JavaFX Application Thread] DEBUG Input                - Registered new binding: Player2 Move Down - Down
12:31:19.075 [JavaFX Application Thread] DEBUG Input                - Registered new binding: Player2 Move Right - Right
12:31:19.075 [JavaFX Application Thread] DEBUG Input                - Registered new binding: Player2 Move Left - Left
12:31:19.157 [JavaFX Application Thread] DEBUG GameApplication      - Starting main loop
12:31:19.174 [JavaFX Application Thread] DEBUG StartupState         - STARTUP
12:31:19.174 [JavaFX Application Thread] DEBUG GameApplication      - Starting new game
12:31:19.174 [JavaFX Application Thread] DEBUG Input                - Clearing active input actions
12:31:19.174 [JavaFX Application Thread] DEBUG AppStateMachine      - StartupState -> LoadingState
12:31:19.230 [JavaFX Application Thread] DEBUG InitAppTask          - Parsing annotations
12:31:19.285 [JavaFX Application Thread] DEBUG AnnotationParser     - @SetEntityFactory: []
12:31:19.286 [JavaFX Application Thread] DEBUG AnnotationParser     - @SetEventHandler: []
12:31:19.286 [JavaFX Application Thread] DEBUG AnnotationParser     - @AddCollisionHandler: []
12:31:19.290 [FXGL Background Thread 1 ] DEBUG InitAppTask          - Clearing previous game
12:31:19.290 [FXGL Background Thread 1 ] DEBUG FXGL.GameWorld       - Clearing game world
12:31:19.291 [FXGL Background Thread 1 ] DEBUG FXGL.PhysicsWorld    - Clearing physics world
12:31:19.292 [FXGL Background Thread 1 ] DEBUG FXGL.GameScene       - Clearing game scene
12:31:19.292 [FXGL Background Thread 1 ] DEBUG InitAppTask          - Initializing Assets
12:31:19.294 [FXGL Background Thread 1 ] DEBUG InitAppTask          - Initializing Game
12:31:19.357 [FXGL Background Thread 1 ] DEBUG AssetLoader          - Loading from disk: /assets/textures/cat2.png
12:31:19.373 [FXGL Background Thread 1 ] DEBUG FXGL.GameScene       - Creating render group for layer: TOP(2147483647)
12:31:19.382 [FXGL Background Thread 1 ] DEBUG AssetLoader          - Loading from disk: /assets/textures/jerry.png
12:31:19.415 [FXGL Background Thread 1 ] DEBUG InitAppTask          - Initializing Physics
12:31:19.416 [FXGL Background Thread 1 ] DEBUG InitAppTask          - Initializing UI
12:31:19.418 [FXGL Background Thread 1 ] DEBUG InitAppTask          - Initialization Complete
12:31:19.419 [FXGL Background Thread 1 ] INFO  InitAppTask          - Game initialization took: 0.129 sec
12:31:19.427 [JavaFX Application Thread] DEBUG Input                - Clearing active input actions
12:31:19.427 [JavaFX Application Thread] DEBUG AppStateMachine      - LoadingState -> PlayState
12:31:21.068 [JavaFX Application Thread] DEBUG AssetLoader          - Loading from disk: /assets/textures/cat3.png
12:31:21.078 [JavaFX Application Thread] DEBUG AssetLoader          - Loading from disk: /assets/textures/cat4.png
12:31:21.093 [JavaFX Application Thread] DEBUG AssetLoader          - Loading from disk: /assets/textures/cat5.png
12:31:21.095 [JavaFX Application Thread] DEBUG AssetLoader          - Loading from disk: /assets/textures/cat6.png
12:31:21.110 [JavaFX Application Thread] DEBUG AssetLoader          - Loading from disk: /assets/textures/cat7.png
12:31:21.113 [JavaFX Application Thread] DEBUG AssetLoader          - Loading from cache: /assets/textures/cat2.png
12:31:21.127 [JavaFX Application Thread] DEBUG AssetLoader          - Loading from cache: /assets/textures/cat3.png
12:31:21.128 [JavaFX Application Thread] DEBUG AssetLoader          - Loading from cache: /assets/textures/cat4.png
12:31:21.144 [JavaFX Application Thread] DEBUG AssetLoader          - Loading from cache: /assets/textures/cat5.png
12:31:21.145 [JavaFX Application Thread] DEBUG AssetLoader          - Loading from cache: /assets/textures/cat6.png
12:31:21.161 [JavaFX Application Thread] DEBUG AssetLoader          - Loading from cache: /assets/textures/cat7.png
12:31:21.162 [JavaFX Application Thread] DEBUG AssetLoader          - Loading from cache: /assets/textures/cat2.png
12:31:21.177 [JavaFX Application Thread] DEBUG AssetLoader          - Loading from cache: /assets/textures/cat3.png
12:31:21.179 [JavaFX Application Thread] DEBUG AssetLoader          - Loading from cache: /assets/textures/cat4.png
12:31:21.194 [JavaFX Application Thread] DEBUG AssetLoader          - Loading from cache: /assets/textures/cat5.png
12:31:21.195 [JavaFX Application Thread] DEBUG AssetLoader          - Loading from cache: /assets/textures/cat6.png
12:31:21.211 [JavaFX Application Thread] DEBUG AssetLoader          - Loading from cache: /assets/textures/cat7.png
12:31:21.212 [JavaFX Application Thread] DEBUG AssetLoader          - Loading from cache: /assets/textures/cat2.png
12:31:21.227 [JavaFX Application Thread] DEBUG AssetLoader          - Loading from cache: /assets/textures/cat3.png
12:31:21.229 [JavaFX Application Thread] DEBUG AssetLoader          - Loading from cache: /assets/textures/cat4.png
12:31:21.244 [JavaFX Application Thread] DEBUG AssetLoader          - Loading from cache: /assets/textures/cat5.png
12:31:21.246 [JavaFX Application Thread] DEBUG AssetLoader          - Loading from cache: /assets/textures/cat6.png
12:31:21.261 [JavaFX Application Thread] DEBUG AssetLoader          - Loading from cache: /assets/textures/cat7.png
12:31:21.278 [JavaFX Application Thread] DEBUG AssetLoader          - Loading from cache: /assets/textures/cat2.png
12:31:21.294 [JavaFX Application Thread] DEBUG AssetLoader          - Loading from cache: /assets/textures/cat3.png
12:31:21.311 [JavaFX Application Thread] DEBUG AssetLoader          - Loading from cache: /assets/textures/cat4.png
12:31:21.326 [JavaFX Application Thread] DEBUG AssetLoader          - Loading from cache: /assets/textures/cat5.png
12:31:21.344 [JavaFX Application Thread] DEBUG AssetLoader          - Loading from cache: /assets/textures/cat6.png
12:31:21.361 [JavaFX Application Thread] DEBUG AssetLoader          - Loading from cache: /assets/textures/cat7.png
12:31:21.377 [JavaFX Application Thread] DEBUG AssetLoader          - Loading from cache: /assets/textures/cat2.png
12:31:21.393 [JavaFX Application Thread] DEBUG AssetLoader          - Loading from cache: /assets/textures/cat3.png
12:31:21.411 [JavaFX Application Thread] DEBUG AssetLoader          - Loading from cache: /assets/textures/cat4.png
12:31:21.428 [JavaFX Application Thread] DEBUG AssetLoader          - Loading from cache: /assets/textures/cat5.png
12:31:21.444 [JavaFX Application Thread] DEBUG AssetLoader          - Loading from cache: /assets/textures/cat6.png
12:31:21.460 [JavaFX Application Thread] DEBUG AssetLoader          - Loading from cache: /assets/textures/cat7.png
12:31:21.478 [JavaFX Application Thread] DEBUG AssetLoader          - Loading from cache: /assets/textures/cat2.png
12:31:21.494 [JavaFX Application Thread] DEBUG AssetLoader          - Loading from cache: /assets/textures/cat3.png
12:31:21.511 [JavaFX Application Thread] DEBUG AssetLoader          - Loading from cache: /assets/textures/cat4.png
12:31:21.527 [JavaFX Application Thread] DEBUG AssetLoader          - Loading from cache: /assets/textures/cat5.png
12:31:21.544 [JavaFX Application Thread] DEBUG AssetLoader          - Loading from cache: /assets/textures/cat6.png
12:31:21.561 [JavaFX Application Thread] DEBUG AssetLoader          - Loading from cache: /assets/textures/cat7.png
12:31:21.578 [JavaFX Application Thread] DEBUG AssetLoader          - Loading from cache: /assets/textures/cat2.png
12:31:21.594 [JavaFX Application Thread] DEBUG AssetLoader          - Loading from cache: /assets/textures/cat3.png
12:31:21.611 [JavaFX Application Thread] DEBUG AssetLoader          - Loading from cache: /assets/textures/cat4.png
12:31:21.628 [JavaFX Application Thread] DEBUG AssetLoader          - Loading from cache: /assets/textures/cat5.png
12:31:21.644 [JavaFX Application Thread] DEBUG AssetLoader          - Loading from cache: /assets/textures/cat6.png
12:31:21.661 [JavaFX Application Thread] DEBUG AssetLoader          - Loading from cache: /assets/textures/cat7.png
12:31:21.677 [JavaFX Application Thread] DEBUG AssetLoader          - Loading from cache: /assets/textures/cat2.png
12:31:21.694 [JavaFX Application Thread] DEBUG AssetLoader          - Loading from cache: /assets/textures/cat3.png
12:31:21.711 [JavaFX Application Thread] DEBUG AssetLoader          - Loading from cache: /assets/textures/cat4.png
12:31:21.727 [JavaFX Application Thread] DEBUG AssetLoader          - Loading from cache: /assets/textures/cat5.png
12:31:21.744 [JavaFX Application Thread] DEBUG AssetLoader          - Loading from cache: /assets/textures/cat6.png
12:31:21.761 [JavaFX Application Thread] DEBUG AssetLoader          - Loading from cache: /assets/textures/cat7.png
12:31:21.777 [JavaFX Application Thread] DEBUG AssetLoader          - Loading from cache: /assets/textures/cat2.png
12:31:21.794 [JavaFX Application Thread] DEBUG AssetLoader          - Loading from cache: /assets/textures/cat3.png
12:31:21.811 [JavaFX Application Thread] DEBUG AssetLoader          - Loading from cache: /assets/textures/cat4.png
12:31:21.827 [JavaFX Application Thread] DEBUG AssetLoader          - Loading from cache: /assets/textures/cat5.png
12:31:21.844 [JavaFX Application Thread] DEBUG AssetLoader          - Loading from cache: /assets/textures/cat6.png
12:31:21.861 [JavaFX Application Thread] DEBUG AssetLoader          - Loading from cache: /assets/textures/cat7.png
12:31:21.878 [JavaFX Application Thread] DEBUG AssetLoader          - Loading from cache: /assets/textures/cat2.png
12:31:21.894 [JavaFX Application Thread] DEBUG AssetLoader          - Loading from cache: /assets/textures/cat3.png
12:31:21.911 [JavaFX Application Thread] DEBUG AssetLoader          - Loading from cache: /assets/textures/cat4.png
12:31:21.927 [JavaFX Application Thread] DEBUG AssetLoader          - Loading from cache: /assets/textures/cat5.png
12:31:21.944 [JavaFX Application Thread] DEBUG AssetLoader          - Loading from cache: /assets/textures/cat6.png
12:31:21.961 [JavaFX Application Thread] DEBUG AssetLoader          - Loading from cache: /assets/textures/cat7.png
12:31:21.978 [JavaFX Application Thread] DEBUG AssetLoader          - Loading from cache: /assets/textures/cat2.png
12:31:21.994 [JavaFX Application Thread] DEBUG AssetLoader          - Loading from cache: /assets/textures/cat3.png
12:31:22.011 [JavaFX Application Thread] DEBUG AssetLoader          - Loading from cache: /assets/textures/cat4.png
12:31:22.027 [JavaFX Application Thread] DEBUG AssetLoader          - Loading from cache: /assets/textures/cat5.png
12:31:22.044 [JavaFX Application Thread] DEBUG AssetLoader          - Loading from cache: /assets/textures/cat6.png
12:31:22.061 [JavaFX Application Thread] DEBUG AssetLoader          - Loading from cache: /assets/textures/cat7.png
12:31:22.078 [JavaFX Application Thread] DEBUG AssetLoader          - Loading from cache: /assets/textures/cat2.png
12:31:22.094 [JavaFX Application Thread] DEBUG AssetLoader          - Loading from cache: /assets/textures/cat3.png
12:31:22.111 [JavaFX Application Thread] DEBUG AssetLoader          - Loading from cache: /assets/textures/cat4.png
12:31:22.127 [JavaFX Application Thread] DEBUG AssetLoader          - Loading from cache: /assets/textures/cat5.png
12:31:22.144 [JavaFX Application Thread] DEBUG AssetLoader          - Loading from cache: /assets/textures/cat6.png
12:31:22.161 [JavaFX Application Thread] DEBUG AssetLoader          - Loading from cache: /assets/textures/cat7.png
12:31:22.177 [JavaFX Application Thread] DEBUG AssetLoader          - Loading from cache: /assets/textures/cat2.png
12:31:22.194 [JavaFX Application Thread] DEBUG AssetLoader          - Loading from cache: /assets/textures/cat3.png
12:31:22.210 [JavaFX Application Thread] DEBUG AssetLoader          - Loading from cache: /assets/textures/cat4.png
12:31:23.145 [JavaFX Application Thread] DEBUG AssetLoader          - Loading from disk: /assets/sounds/explosion.wav
12:31:24.194 [JavaFX Application Thread] DEBUG AssetLoader          - Loading from cache: /assets/textures/cat5.png
12:31:26.257 [JavaFX Application Thread] DEBUG GameApplication      - Exiting game application
12:31:26.258 [JavaFX Application Thread] DEBUG GameApplication      - Shutting down background threads
12:31:26.259 [JavaFX Application Thread] DEBUG GameApplication      - Exiting FXGL
12:31:26.259 [JavaFX Application Thread] DEBUG FXGL                 - Saving FXGL system data
12:31:26.260 [JavaFX Application Thread] DEBUG IOTask               - Executing task: writeDataTask(system/fxgl.bundle)
12:31:26.263 [JavaFX Application Thread] DEBUG FS                   - Writing to: system/fxgl.bundle
12:31:26.275 [JavaFX Application Thread] DEBUG IOTask               - Task succeeded: writeDataTask(system/fxgl.bundle)
12:31:26.275 [JavaFX Application Thread] DEBUG GameApplication      - Closing logger and exiting JavaFX
