13:52:56.101 [JavaFX Application Thread] DEBUG GameApplication      - Logger initialized
13:52:57.421 [JavaFX Application Thread] DEBUG GameApplication      - Starting FXGL
13:52:57.421 [JavaFX Application Thread] INFO  Version              - FXGL-0.4.0
13:52:57.422 [JavaFX Application Thread] INFO  Version              - Source code and latest versions at: https://github.com/AlmasB/FXGL
13:52:57.422 [JavaFX Application Thread] INFO  Version              -              Join the FXGL chat at: https://gitter.im/AlmasB/FXGL
13:52:57.659 [FXGL Launcher Thread     ] DEBUG FXGL                 - Loading FXGL system data
13:52:57.670 [FXGL Launcher Thread     ] DEBUG IOTask               - Executing task: readDataTask(system/fxgl.bundle)
13:52:57.691 [FXGL Launcher Thread     ] DEBUG FS                   - Reading from: system/fxgl.bundle
13:52:57.712 [FXGL Launcher Thread     ] DEBUG IOTask               - Task succeeded: readDataTask(system/fxgl.bundle)
13:52:57.713 [FXGL Launcher Thread     ] DEBUG Bundle               - Logging bundle: FXGL
13:52:57.714 [FXGL Launcher Thread     ] DEBUG Bundle               - FXGL.offline.timer.version.check=2017-12-20T22:26:57.887
13:52:57.715 [FXGL Launcher Thread     ] DEBUG GameApplication      - FXGL configuration complete
13:52:57.722 [FXGL Launcher Thread     ] INFO  GameApplication      - FXGL configuration took:  0.292 sec
13:52:57.723 [FXGL Launcher Thread     ] DEBUG GameApplication      - Logging game settings
Title: My App
Version: 0.1
Width: 1280
Height: 780
Fullscreen: false
Intro: false
Menus: false
Profiling: false
Single step:false
App Mode: DEVELOPER
Menu Key: ESCAPE
Stage Style: DECORATED
Scene Factory: class com.almasb.fxgl.scene.SceneFactory
Dialog Factory: class com.almasb.fxgl.ui.FXGLDialogFactory
UI Factory: class com.almasb.fxgl.ui.FXGLUIFactory
Notification Service: class com.almasb.fxgl.gameplay.notification.XboxNotificationView
Exception Handler: class com.almasb.fxgl.app.FXGLExceptionHandler
13:52:57.763 [JavaFX Application Thread] DEBUG UpdaterTask          - Checking for updates
13:52:57.901 [JavaFX Application Thread] DEBUG IOTask               - Showing dialog
13:52:57.905 [FXGL Background Thread 1 ] DEBUG IOTask               - Executing task: openStream(https://raw.githubusercontent.com/AlmasB/FXGL/master/pom.xml)
13:52:57.906 [FXGL Background Thread 1 ] DEBUG IOTask               - Executing task: openStream(https://raw.githubusercontent.com/AlmasB/FXGL/master/pom.xml)
13:52:59.323 [FXGL Launcher Thread     ] DEBUG GameApplication      - Configuring GameApplication
13:52:59.331 [FXGL Launcher Thread     ] DEBUG AppStateMachine      - Initializing application states
13:52:59.345 [FXGL Launcher Thread     ] DEBUG AssetLoader          - Loading from disk: /assets/ui/cursors/fxgl_default.png
13:52:59.389 [FXGL Launcher Thread     ] DEBUG AssetLoader          - Loading from disk: /assets/ui/cursors/fxgl_default.png
13:52:59.399 [FXGL Launcher Thread     ] DEBUG AssetLoader          - Loading from disk: /assets/sounds/core/notification.wav
13:52:59.481 [FXGL Launcher Thread     ] DEBUG AssetLoader          - Loading from disk: /assets/sounds/menu/select.wav
13:52:59.483 [FXGL Launcher Thread     ] DEBUG AssetLoader          - Loading from disk: /assets/sounds/menu/back.wav
13:52:59.486 [FXGL Launcher Thread     ] DEBUG AssetLoader          - Loading from disk: /assets/sounds/menu/press.wav
13:52:59.488 [FXGL Launcher Thread     ] DEBUG AssetLoader          - Loading from disk: /assets/ui/fonts/VarelaRound-Regular.ttf
13:52:59.505 [FXGL Launcher Thread     ] DEBUG AssetLoader          - Loading from disk: /assets/ui/fonts/lucida_console.ttf
13:52:59.511 [FXGL Launcher Thread     ] DEBUG AssetLoader          - Loading from disk: /assets/ui/css/fxgl_dark.css
13:52:59.511 [FXGL Launcher Thread     ] DEBUG AssetLoader          - Loading from disk: /assets/ui/icons/fxgl_icon.png
13:52:59.548 [FXGL Launcher Thread     ] DEBUG AssetLoader          - Loading from disk: /assets/ui/cursors/fxgl_default.png
13:52:59.603 [FXGL Launcher Thread     ] DEBUG FXGL.GameScene       - Game scene initialized: 1280x780
13:52:59.607 [FXGL Launcher Thread     ] DEBUG FXGL.GameWorld       - Game world initialized
13:52:59.812 [FXGL Launcher Thread     ] DEBUG FXGL.PhysicsWorld    - Physics world initialized: appHeight=780, physics.ppm=50.0
13:52:59.843 [FXGL Launcher Thread     ] DEBUG Input                - Registered new binding: Pause - Esc
13:52:59.865 [FXGL Launcher Thread     ] INFO  GameApplication      - Game configuration took:  0.542 sec
13:52:59.868 [JavaFX Application Thread] DEBUG MainWindow           - App size > screen size
13:52:59.868 [JavaFX Application Thread] DEBUG MainWindow           - Target size: 1280.0 x 780.0 @ 1.0
13:52:59.869 [JavaFX Application Thread] DEBUG MainWindow           - New size:    1222.0 x 744.65625 @ 0.9546875
13:52:59.869 [JavaFX Application Thread] DEBUG MainWindow           - Opening main window
13:52:59.949 [JavaFX Application Thread] DEBUG MainWindow           - Root size:  1280.0x780.0
13:52:59.949 [JavaFX Application Thread] DEBUG MainWindow           - Scene size: 1280.0x780.0
13:52:59.949 [JavaFX Application Thread] DEBUG MainWindow           - Stage size: 1280.0x802.0
13:52:59.950 [JavaFX Application Thread] DEBUG GameApplication      - Running preInit()
13:53:00.148 [JavaFX Application Thread] DEBUG AnnotationParser     - @SetAchievementStore: []
13:53:00.150 [JavaFX Application Thread] DEBUG Input                - Registered new binding: Screenshot - P
13:53:00.150 [JavaFX Application Thread] DEBUG Input                - Registered new binding: Dev Options - CTRL+0
13:53:00.151 [JavaFX Application Thread] DEBUG Input                - Registered new binding: Player1 Move Right - D
13:53:00.151 [JavaFX Application Thread] DEBUG Input                - Registered new binding: Player1 Move Left - A
13:53:00.151 [JavaFX Application Thread] DEBUG Input                - Registered new binding: Player1 Move Up - W
13:53:00.152 [JavaFX Application Thread] DEBUG Input                - Registered new binding: Player1 Move Down - S
13:53:00.152 [JavaFX Application Thread] DEBUG Input                - Registered new binding: Player2 Move Up - Up
13:53:00.152 [JavaFX Application Thread] DEBUG Input                - Registered new binding: Player2 Move Down - Down
13:53:00.152 [JavaFX Application Thread] DEBUG Input                - Registered new binding: Player2 Move Right - Right
13:53:00.152 [JavaFX Application Thread] DEBUG Input                - Registered new binding: Player2 Move Left - Left
13:53:00.236 [JavaFX Application Thread] DEBUG GameApplication      - Starting main loop
13:53:00.260 [JavaFX Application Thread] DEBUG StartupState         - STARTUP
13:53:00.260 [JavaFX Application Thread] DEBUG GameApplication      - Starting new game
13:53:00.260 [JavaFX Application Thread] DEBUG Input                - Clearing active input actions
13:53:00.260 [JavaFX Application Thread] DEBUG AppStateMachine      - StartupState -> LoadingState
13:53:00.314 [JavaFX Application Thread] DEBUG InitAppTask          - Parsing annotations
13:53:00.378 [JavaFX Application Thread] DEBUG AnnotationParser     - @SetEventHandler: []
13:53:00.379 [JavaFX Application Thread] DEBUG AnnotationParser     - @SetEntityFactory: []
13:53:00.379 [JavaFX Application Thread] DEBUG AnnotationParser     - @AddCollisionHandler: []
13:53:00.383 [FXGL Background Thread 2 ] DEBUG InitAppTask          - Clearing previous game
13:53:00.383 [FXGL Background Thread 2 ] DEBUG FXGL.GameWorld       - Clearing game world
13:53:00.384 [FXGL Background Thread 2 ] DEBUG FXGL.PhysicsWorld    - Clearing physics world
13:53:00.384 [FXGL Background Thread 2 ] DEBUG FXGL.GameScene       - Clearing game scene
13:53:00.385 [FXGL Background Thread 2 ] DEBUG InitAppTask          - Initializing Assets
13:53:00.387 [FXGL Background Thread 2 ] DEBUG InitAppTask          - Initializing Game
13:53:00.459 [FXGL Background Thread 2 ] DEBUG AssetLoader          - Loading from disk: /assets/textures/cat2.png
13:53:00.476 [FXGL Background Thread 2 ] DEBUG FXGL.GameScene       - Creating render group for layer: TOP(2147483647)
13:53:00.485 [FXGL Background Thread 2 ] DEBUG AssetLoader          - Loading from disk: /assets/textures/bird.png
13:53:00.489 [FXGL Background Thread 2 ] DEBUG InitAppTask          - Initializing Physics
13:53:00.490 [FXGL Background Thread 2 ] DEBUG InitAppTask          - Initializing UI
13:53:00.493 [FXGL Background Thread 2 ] DEBUG InitAppTask          - Initialization Complete
13:53:00.494 [FXGL Background Thread 2 ] INFO  InitAppTask          - Game initialization took: 0.111 sec
13:53:00.501 [JavaFX Application Thread] DEBUG Input                - Clearing active input actions
13:53:00.501 [JavaFX Application Thread] DEBUG AppStateMachine      - LoadingState -> PlayState
13:53:08.218 [JavaFX Application Thread] DEBUG AssetLoader          - Loading from disk: /assets/textures/cat3.png
13:53:08.234 [JavaFX Application Thread] DEBUG AssetLoader          - Loading from disk: /assets/textures/cat4.png
13:53:08.251 [JavaFX Application Thread] DEBUG AssetLoader          - Loading from disk: /assets/textures/cat5.png
13:53:08.268 [JavaFX Application Thread] DEBUG AssetLoader          - Loading from disk: /assets/textures/cat6.png
13:53:08.283 [JavaFX Application Thread] DEBUG AssetLoader          - Loading from disk: /assets/textures/cat7.png
13:53:08.301 [JavaFX Application Thread] DEBUG AssetLoader          - Loading from cache: /assets/textures/cat2.png
13:53:08.318 [JavaFX Application Thread] DEBUG AssetLoader          - Loading from cache: /assets/textures/cat3.png
13:53:08.335 [JavaFX Application Thread] DEBUG AssetLoader          - Loading from cache: /assets/textures/cat4.png
13:53:08.352 [JavaFX Application Thread] DEBUG AssetLoader          - Loading from cache: /assets/textures/cat5.png
13:53:08.368 [JavaFX Application Thread] DEBUG AssetLoader          - Loading from cache: /assets/textures/cat6.png
13:53:08.384 [JavaFX Application Thread] DEBUG AssetLoader          - Loading from cache: /assets/textures/cat7.png
13:53:08.402 [JavaFX Application Thread] DEBUG AssetLoader          - Loading from cache: /assets/textures/cat2.png
13:53:08.418 [JavaFX Application Thread] DEBUG AssetLoader          - Loading from cache: /assets/textures/cat3.png
13:53:08.434 [JavaFX Application Thread] DEBUG AssetLoader          - Loading from cache: /assets/textures/cat4.png
13:53:08.451 [JavaFX Application Thread] DEBUG AssetLoader          - Loading from cache: /assets/textures/cat5.png
13:53:08.467 [JavaFX Application Thread] DEBUG AssetLoader          - Loading from cache: /assets/textures/cat6.png
13:53:08.484 [JavaFX Application Thread] DEBUG AssetLoader          - Loading from cache: /assets/textures/cat7.png
13:53:08.501 [JavaFX Application Thread] DEBUG AssetLoader          - Loading from cache: /assets/textures/cat2.png
13:53:08.518 [JavaFX Application Thread] DEBUG AssetLoader          - Loading from cache: /assets/textures/cat3.png
13:53:08.535 [JavaFX Application Thread] DEBUG AssetLoader          - Loading from cache: /assets/textures/cat4.png
13:53:08.550 [JavaFX Application Thread] DEBUG AssetLoader          - Loading from cache: /assets/textures/cat5.png
13:53:08.701 [JavaFX Application Thread] DEBUG AssetLoader          - Loading from cache: /assets/textures/cat6.png
13:53:08.718 [JavaFX Application Thread] DEBUG AssetLoader          - Loading from cache: /assets/textures/cat7.png
13:53:08.734 [JavaFX Application Thread] DEBUG AssetLoader          - Loading from cache: /assets/textures/cat2.png
13:53:08.752 [JavaFX Application Thread] DEBUG AssetLoader          - Loading from cache: /assets/textures/cat3.png
13:53:08.767 [JavaFX Application Thread] DEBUG AssetLoader          - Loading from cache: /assets/textures/cat4.png
13:53:08.784 [JavaFX Application Thread] DEBUG AssetLoader          - Loading from cache: /assets/textures/cat5.png
13:53:08.801 [JavaFX Application Thread] DEBUG AssetLoader          - Loading from cache: /assets/textures/cat6.png
13:53:08.818 [JavaFX Application Thread] DEBUG AssetLoader          - Loading from cache: /assets/textures/cat7.png
13:53:08.834 [JavaFX Application Thread] DEBUG AssetLoader          - Loading from cache: /assets/textures/cat2.png
13:53:08.851 [JavaFX Application Thread] DEBUG AssetLoader          - Loading from cache: /assets/textures/cat3.png
13:53:08.867 [JavaFX Application Thread] DEBUG AssetLoader          - Loading from cache: /assets/textures/cat4.png
13:53:08.884 [JavaFX Application Thread] DEBUG AssetLoader          - Loading from cache: /assets/textures/cat5.png
13:53:08.900 [JavaFX Application Thread] DEBUG AssetLoader          - Loading from cache: /assets/textures/cat6.png
13:53:08.917 [JavaFX Application Thread] DEBUG AssetLoader          - Loading from cache: /assets/textures/cat7.png
13:53:08.934 [JavaFX Application Thread] DEBUG AssetLoader          - Loading from cache: /assets/textures/cat2.png
13:53:08.950 [JavaFX Application Thread] DEBUG AssetLoader          - Loading from cache: /assets/textures/cat3.png
13:53:08.967 [JavaFX Application Thread] DEBUG AssetLoader          - Loading from cache: /assets/textures/cat4.png
13:53:08.984 [JavaFX Application Thread] DEBUG AssetLoader          - Loading from cache: /assets/textures/cat5.png
13:53:09.000 [JavaFX Application Thread] DEBUG AssetLoader          - Loading from cache: /assets/textures/cat6.png
13:53:09.017 [JavaFX Application Thread] DEBUG AssetLoader          - Loading from cache: /assets/textures/cat7.png
13:53:09.034 [JavaFX Application Thread] DEBUG AssetLoader          - Loading from cache: /assets/textures/cat2.png
13:53:09.051 [JavaFX Application Thread] DEBUG AssetLoader          - Loading from cache: /assets/textures/cat3.png
13:53:09.067 [JavaFX Application Thread] DEBUG AssetLoader          - Loading from cache: /assets/textures/cat4.png
13:53:09.084 [JavaFX Application Thread] DEBUG AssetLoader          - Loading from cache: /assets/textures/cat5.png
13:53:09.100 [JavaFX Application Thread] DEBUG AssetLoader          - Loading from cache: /assets/textures/cat6.png
13:53:09.118 [JavaFX Application Thread] DEBUG AssetLoader          - Loading from cache: /assets/textures/cat7.png
13:53:09.134 [JavaFX Application Thread] DEBUG AssetLoader          - Loading from cache: /assets/textures/cat2.png
13:53:09.150 [JavaFX Application Thread] DEBUG AssetLoader          - Loading from cache: /assets/textures/cat3.png
13:53:09.167 [JavaFX Application Thread] DEBUG AssetLoader          - Loading from cache: /assets/textures/cat4.png
13:53:09.183 [JavaFX Application Thread] DEBUG AssetLoader          - Loading from cache: /assets/textures/cat5.png
13:53:09.200 [JavaFX Application Thread] DEBUG AssetLoader          - Loading from cache: /assets/textures/cat6.png
13:53:09.217 [JavaFX Application Thread] DEBUG AssetLoader          - Loading from cache: /assets/textures/cat7.png
13:53:09.234 [JavaFX Application Thread] DEBUG AssetLoader          - Loading from cache: /assets/textures/cat2.png
13:53:09.250 [JavaFX Application Thread] DEBUG AssetLoader          - Loading from cache: /assets/textures/cat3.png
13:53:09.268 [JavaFX Application Thread] DEBUG AssetLoader          - Loading from cache: /assets/textures/cat4.png
13:53:09.283 [JavaFX Application Thread] DEBUG AssetLoader          - Loading from cache: /assets/textures/cat5.png
13:53:09.301 [JavaFX Application Thread] DEBUG AssetLoader          - Loading from cache: /assets/textures/cat6.png
13:53:09.317 [JavaFX Application Thread] DEBUG AssetLoader          - Loading from cache: /assets/textures/cat7.png
13:53:09.334 [JavaFX Application Thread] DEBUG AssetLoader          - Loading from cache: /assets/textures/cat2.png
13:53:09.350 [JavaFX Application Thread] DEBUG AssetLoader          - Loading from cache: /assets/textures/cat3.png
13:53:09.367 [JavaFX Application Thread] DEBUG AssetLoader          - Loading from cache: /assets/textures/cat4.png
13:53:09.384 [JavaFX Application Thread] DEBUG AssetLoader          - Loading from cache: /assets/textures/cat5.png
13:53:09.401 [JavaFX Application Thread] DEBUG AssetLoader          - Loading from cache: /assets/textures/cat6.png
13:53:09.418 [JavaFX Application Thread] DEBUG AssetLoader          - Loading from cache: /assets/textures/cat7.png
13:53:09.434 [JavaFX Application Thread] DEBUG AssetLoader          - Loading from cache: /assets/textures/cat2.png
13:53:09.450 [JavaFX Application Thread] DEBUG AssetLoader          - Loading from cache: /assets/textures/cat3.png
13:53:09.468 [JavaFX Application Thread] DEBUG AssetLoader          - Loading from cache: /assets/textures/cat4.png
13:53:09.484 [JavaFX Application Thread] DEBUG AssetLoader          - Loading from cache: /assets/textures/cat5.png
13:53:09.500 [JavaFX Application Thread] DEBUG AssetLoader          - Loading from cache: /assets/textures/cat6.png
13:53:09.517 [JavaFX Application Thread] DEBUG AssetLoader          - Loading from cache: /assets/textures/cat7.png
13:53:09.534 [JavaFX Application Thread] DEBUG AssetLoader          - Loading from cache: /assets/textures/cat2.png
13:53:09.550 [JavaFX Application Thread] DEBUG AssetLoader          - Loading from cache: /assets/textures/cat3.png
13:53:09.567 [JavaFX Application Thread] DEBUG AssetLoader          - Loading from cache: /assets/textures/cat4.png
13:53:09.584 [JavaFX Application Thread] DEBUG AssetLoader          - Loading from cache: /assets/textures/cat5.png
13:53:09.600 [JavaFX Application Thread] DEBUG AssetLoader          - Loading from cache: /assets/textures/cat6.png
13:53:09.617 [JavaFX Application Thread] DEBUG AssetLoader          - Loading from cache: /assets/textures/cat7.png
13:53:09.633 [JavaFX Application Thread] DEBUG AssetLoader          - Loading from cache: /assets/textures/cat2.png
13:53:09.650 [JavaFX Application Thread] DEBUG AssetLoader          - Loading from cache: /assets/textures/cat3.png
13:53:09.667 [JavaFX Application Thread] DEBUG AssetLoader          - Loading from cache: /assets/textures/cat4.png
13:53:09.683 [JavaFX Application Thread] DEBUG AssetLoader          - Loading from cache: /assets/textures/cat5.png
13:53:09.701 [JavaFX Application Thread] DEBUG AssetLoader          - Loading from cache: /assets/textures/cat6.png
13:53:09.723 [JavaFX Application Thread] DEBUG AssetLoader          - Loading from cache: /assets/textures/cat7.png
13:53:09.733 [JavaFX Application Thread] DEBUG AssetLoader          - Loading from cache: /assets/textures/cat2.png
13:53:09.734 [JavaFX Application Thread] DEBUG AssetLoader          - Loading from cache: /assets/textures/cat3.png
13:53:09.750 [JavaFX Application Thread] DEBUG AssetLoader          - Loading from cache: /assets/textures/cat4.png
13:53:09.768 [JavaFX Application Thread] DEBUG AssetLoader          - Loading from cache: /assets/textures/cat5.png
13:53:09.784 [JavaFX Application Thread] DEBUG AssetLoader          - Loading from cache: /assets/textures/cat6.png
13:53:09.801 [JavaFX Application Thread] DEBUG AssetLoader          - Loading from cache: /assets/textures/cat7.png
13:53:09.817 [JavaFX Application Thread] DEBUG AssetLoader          - Loading from cache: /assets/textures/cat2.png
13:53:09.834 [JavaFX Application Thread] DEBUG AssetLoader          - Loading from cache: /assets/textures/cat3.png
13:53:09.850 [JavaFX Application Thread] DEBUG AssetLoader          - Loading from cache: /assets/textures/cat4.png
13:53:09.867 [JavaFX Application Thread] DEBUG AssetLoader          - Loading from cache: /assets/textures/cat5.png
13:53:09.884 [JavaFX Application Thread] DEBUG AssetLoader          - Loading from cache: /assets/textures/cat6.png
13:53:09.900 [JavaFX Application Thread] DEBUG AssetLoader          - Loading from cache: /assets/textures/cat7.png
13:53:09.917 [JavaFX Application Thread] DEBUG AssetLoader          - Loading from cache: /assets/textures/cat2.png
13:53:09.933 [JavaFX Application Thread] DEBUG AssetLoader          - Loading from cache: /assets/textures/cat3.png
13:53:09.951 [JavaFX Application Thread] DEBUG AssetLoader          - Loading from cache: /assets/textures/cat4.png
13:53:09.967 [JavaFX Application Thread] DEBUG AssetLoader          - Loading from cache: /assets/textures/cat5.png
13:53:09.984 [JavaFX Application Thread] DEBUG AssetLoader          - Loading from cache: /assets/textures/cat6.png
13:53:10.000 [JavaFX Application Thread] DEBUG AssetLoader          - Loading from cache: /assets/textures/cat7.png
13:53:10.017 [JavaFX Application Thread] DEBUG AssetLoader          - Loading from cache: /assets/textures/cat2.png
13:53:10.034 [JavaFX Application Thread] DEBUG AssetLoader          - Loading from cache: /assets/textures/cat3.png
13:53:10.051 [JavaFX Application Thread] DEBUG AssetLoader          - Loading from cache: /assets/textures/cat4.png
13:53:10.068 [JavaFX Application Thread] DEBUG AssetLoader          - Loading from cache: /assets/textures/cat5.png
13:53:10.083 [JavaFX Application Thread] DEBUG AssetLoader          - Loading from cache: /assets/textures/cat6.png
13:53:10.100 [JavaFX Application Thread] DEBUG AssetLoader          - Loading from cache: /assets/textures/cat7.png
13:53:10.117 [JavaFX Application Thread] DEBUG AssetLoader          - Loading from cache: /assets/textures/cat2.png
13:53:10.134 [JavaFX Application Thread] DEBUG AssetLoader          - Loading from cache: /assets/textures/cat3.png
13:53:10.150 [JavaFX Application Thread] DEBUG AssetLoader          - Loading from cache: /assets/textures/cat4.png
13:53:10.167 [JavaFX Application Thread] DEBUG AssetLoader          - Loading from cache: /assets/textures/cat5.png
13:53:10.184 [JavaFX Application Thread] DEBUG AssetLoader          - Loading from cache: /assets/textures/cat6.png
13:53:10.201 [JavaFX Application Thread] DEBUG AssetLoader          - Loading from cache: /assets/textures/cat7.png
13:53:10.217 [JavaFX Application Thread] DEBUG AssetLoader          - Loading from cache: /assets/textures/cat2.png
13:53:10.233 [JavaFX Application Thread] DEBUG AssetLoader          - Loading from cache: /assets/textures/cat3.png
13:53:10.250 [JavaFX Application Thread] DEBUG AssetLoader          - Loading from cache: /assets/textures/cat4.png
13:53:10.267 [JavaFX Application Thread] DEBUG AssetLoader          - Loading from cache: /assets/textures/cat5.png
13:53:10.284 [JavaFX Application Thread] DEBUG AssetLoader          - Loading from cache: /assets/textures/cat6.png
13:53:10.300 [JavaFX Application Thread] DEBUG AssetLoader          - Loading from cache: /assets/textures/cat7.png
13:53:10.317 [JavaFX Application Thread] DEBUG AssetLoader          - Loading from cache: /assets/textures/cat2.png
13:53:10.333 [JavaFX Application Thread] DEBUG AssetLoader          - Loading from cache: /assets/textures/cat3.png
13:53:10.351 [JavaFX Application Thread] DEBUG AssetLoader          - Loading from cache: /assets/textures/cat4.png
13:53:10.368 [JavaFX Application Thread] DEBUG AssetLoader          - Loading from cache: /assets/textures/cat5.png
13:53:10.384 [JavaFX Application Thread] DEBUG AssetLoader          - Loading from cache: /assets/textures/cat6.png
13:53:10.401 [JavaFX Application Thread] DEBUG AssetLoader          - Loading from cache: /assets/textures/cat7.png
13:53:10.417 [JavaFX Application Thread] DEBUG AssetLoader          - Loading from cache: /assets/textures/cat2.png
13:53:10.434 [JavaFX Application Thread] DEBUG AssetLoader          - Loading from cache: /assets/textures/cat3.png
13:53:10.450 [JavaFX Application Thread] DEBUG AssetLoader          - Loading from cache: /assets/textures/cat4.png
13:53:10.467 [JavaFX Application Thread] DEBUG AssetLoader          - Loading from cache: /assets/textures/cat5.png
13:53:10.483 [JavaFX Application Thread] DEBUG AssetLoader          - Loading from cache: /assets/textures/cat6.png
13:53:10.500 [JavaFX Application Thread] DEBUG AssetLoader          - Loading from cache: /assets/textures/cat7.png
13:53:10.517 [JavaFX Application Thread] DEBUG AssetLoader          - Loading from cache: /assets/textures/cat2.png
13:53:10.533 [JavaFX Application Thread] DEBUG AssetLoader          - Loading from cache: /assets/textures/cat3.png
13:53:10.551 [JavaFX Application Thread] DEBUG AssetLoader          - Loading from cache: /assets/textures/cat4.png
13:53:10.567 [JavaFX Application Thread] DEBUG AssetLoader          - Loading from cache: /assets/textures/cat5.png
13:53:10.584 [JavaFX Application Thread] DEBUG AssetLoader          - Loading from cache: /assets/textures/cat6.png
13:53:10.601 [JavaFX Application Thread] DEBUG AssetLoader          - Loading from cache: /assets/textures/cat7.png
13:53:10.618 [JavaFX Application Thread] DEBUG AssetLoader          - Loading from cache: /assets/textures/cat2.png
13:53:10.634 [JavaFX Application Thread] DEBUG AssetLoader          - Loading from cache: /assets/textures/cat3.png
13:53:10.651 [JavaFX Application Thread] DEBUG AssetLoader          - Loading from cache: /assets/textures/cat4.png
13:53:10.667 [JavaFX Application Thread] DEBUG AssetLoader          - Loading from cache: /assets/textures/cat5.png
13:53:10.683 [JavaFX Application Thread] DEBUG AssetLoader          - Loading from cache: /assets/textures/cat6.png
13:53:10.700 [JavaFX Application Thread] DEBUG AssetLoader          - Loading from cache: /assets/textures/cat7.png
13:53:10.718 [JavaFX Application Thread] DEBUG AssetLoader          - Loading from cache: /assets/textures/cat2.png
13:53:10.734 [JavaFX Application Thread] DEBUG AssetLoader          - Loading from cache: /assets/textures/cat3.png
13:53:10.751 [JavaFX Application Thread] DEBUG AssetLoader          - Loading from cache: /assets/textures/cat4.png
13:53:10.752 [JavaFX Application Thread] DEBUG AssetLoader          - Loading from disk: /assets/sounds/explosion.wav
13:53:11.801 [JavaFX Application Thread] DEBUG AssetLoader          - Loading from cache: /assets/textures/cat5.png
13:53:11.818 [JavaFX Application Thread] DEBUG AssetLoader          - Loading from cache: /assets/textures/cat6.png
13:53:11.819 [JavaFX Application Thread] DEBUG AssetLoader          - Loading from cache: /assets/sounds/explosion.wav
13:53:12.917 [JavaFX Application Thread] DEBUG AssetLoader          - Loading from cache: /assets/textures/cat7.png
13:53:12.934 [JavaFX Application Thread] DEBUG AssetLoader          - Loading from cache: /assets/textures/cat2.png
13:53:12.952 [JavaFX Application Thread] DEBUG AssetLoader          - Loading from cache: /assets/textures/cat3.png
13:53:12.968 [JavaFX Application Thread] DEBUG AssetLoader          - Loading from cache: /assets/textures/cat4.png
13:53:12.969 [JavaFX Application Thread] DEBUG AssetLoader          - Loading from cache: /assets/sounds/explosion.wav
13:53:13.984 [JavaFX Application Thread] DEBUG AssetLoader          - Loading from cache: /assets/textures/cat5.png
13:53:14.001 [JavaFX Application Thread] DEBUG AssetLoader          - Loading from cache: /assets/textures/cat6.png
13:53:14.017 [JavaFX Application Thread] DEBUG AssetLoader          - Loading from cache: /assets/textures/cat7.png
13:53:14.018 [JavaFX Application Thread] DEBUG AssetLoader          - Loading from cache: /assets/sounds/explosion.wav
13:53:15.034 [JavaFX Application Thread] DEBUG AssetLoader          - Loading from cache: /assets/textures/cat2.png
13:53:15.051 [JavaFX Application Thread] DEBUG AssetLoader          - Loading from cache: /assets/textures/cat3.png
13:53:15.068 [JavaFX Application Thread] DEBUG AssetLoader          - Loading from cache: /assets/textures/cat4.png
13:53:15.084 [JavaFX Application Thread] DEBUG AssetLoader          - Loading from cache: /assets/textures/cat5.png
13:53:15.102 [JavaFX Application Thread] DEBUG AssetLoader          - Loading from cache: /assets/textures/cat6.png
13:53:15.103 [JavaFX Application Thread] DEBUG AssetLoader          - Loading from cache: /assets/sounds/explosion.wav
13:53:16.118 [JavaFX Application Thread] DEBUG AssetLoader          - Loading from cache: /assets/textures/cat7.png
13:53:16.135 [JavaFX Application Thread] DEBUG AssetLoader          - Loading from cache: /assets/textures/cat2.png
13:53:16.151 [JavaFX Application Thread] DEBUG AssetLoader          - Loading from cache: /assets/textures/cat3.png
13:53:16.168 [JavaFX Application Thread] DEBUG AssetLoader          - Loading from cache: /assets/textures/cat4.png
13:53:16.184 [JavaFX Application Thread] DEBUG AssetLoader          - Loading from cache: /assets/textures/cat5.png
13:53:16.201 [JavaFX Application Thread] DEBUG AssetLoader          - Loading from cache: /assets/textures/cat6.png
13:53:16.218 [JavaFX Application Thread] DEBUG AssetLoader          - Loading from cache: /assets/textures/cat7.png
13:53:16.234 [JavaFX Application Thread] DEBUG AssetLoader          - Loading from cache: /assets/textures/cat2.png
13:53:16.252 [JavaFX Application Thread] DEBUG AssetLoader          - Loading from cache: /assets/textures/cat3.png
13:53:16.268 [JavaFX Application Thread] DEBUG AssetLoader          - Loading from cache: /assets/textures/cat4.png
13:53:16.285 [JavaFX Application Thread] DEBUG AssetLoader          - Loading from cache: /assets/textures/cat5.png
13:53:16.302 [JavaFX Application Thread] DEBUG AssetLoader          - Loading from cache: /assets/textures/cat6.png
13:53:16.318 [JavaFX Application Thread] DEBUG AssetLoader          - Loading from cache: /assets/textures/cat7.png
13:53:16.335 [JavaFX Application Thread] DEBUG AssetLoader          - Loading from cache: /assets/textures/cat2.png
13:53:16.351 [JavaFX Application Thread] DEBUG AssetLoader          - Loading from cache: /assets/textures/cat3.png
13:53:16.368 [JavaFX Application Thread] DEBUG AssetLoader          - Loading from cache: /assets/textures/cat4.png
13:53:16.384 [JavaFX Application Thread] DEBUG AssetLoader          - Loading from cache: /assets/textures/cat5.png
13:53:16.401 [JavaFX Application Thread] DEBUG AssetLoader          - Loading from cache: /assets/textures/cat6.png
13:53:16.417 [JavaFX Application Thread] DEBUG AssetLoader          - Loading from cache: /assets/textures/cat7.png
13:53:16.435 [JavaFX Application Thread] DEBUG AssetLoader          - Loading from cache: /assets/textures/cat2.png
13:53:16.451 [JavaFX Application Thread] DEBUG AssetLoader          - Loading from cache: /assets/textures/cat3.png
13:53:16.467 [JavaFX Application Thread] DEBUG AssetLoader          - Loading from cache: /assets/textures/cat4.png
13:53:16.485 [JavaFX Application Thread] DEBUG AssetLoader          - Loading from cache: /assets/textures/cat5.png
13:53:16.501 [JavaFX Application Thread] DEBUG AssetLoader          - Loading from cache: /assets/textures/cat6.png
13:53:16.518 [JavaFX Application Thread] DEBUG AssetLoader          - Loading from cache: /assets/textures/cat7.png
13:53:16.534 [JavaFX Application Thread] DEBUG AssetLoader          - Loading from cache: /assets/textures/cat2.png
13:53:16.551 [JavaFX Application Thread] DEBUG AssetLoader          - Loading from cache: /assets/textures/cat3.png
13:53:16.568 [JavaFX Application Thread] DEBUG AssetLoader          - Loading from cache: /assets/textures/cat4.png
13:53:16.584 [JavaFX Application Thread] DEBUG AssetLoader          - Loading from cache: /assets/textures/cat5.png
13:53:16.601 [JavaFX Application Thread] DEBUG AssetLoader          - Loading from cache: /assets/textures/cat6.png
13:53:16.618 [JavaFX Application Thread] DEBUG AssetLoader          - Loading from cache: /assets/textures/cat7.png
13:53:16.635 [JavaFX Application Thread] DEBUG AssetLoader          - Loading from cache: /assets/textures/cat2.png
13:53:16.651 [JavaFX Application Thread] DEBUG AssetLoader          - Loading from cache: /assets/textures/cat3.png
13:53:16.668 [JavaFX Application Thread] DEBUG AssetLoader          - Loading from cache: /assets/textures/cat4.png
13:53:16.684 [JavaFX Application Thread] DEBUG AssetLoader          - Loading from cache: /assets/textures/cat5.png
13:53:16.702 [JavaFX Application Thread] DEBUG AssetLoader          - Loading from cache: /assets/textures/cat6.png
13:53:16.718 [JavaFX Application Thread] DEBUG AssetLoader          - Loading from cache: /assets/textures/cat7.png
13:53:16.735 [JavaFX Application Thread] DEBUG AssetLoader          - Loading from cache: /assets/textures/cat2.png
13:53:16.751 [JavaFX Application Thread] DEBUG AssetLoader          - Loading from cache: /assets/textures/cat3.png
13:53:16.768 [JavaFX Application Thread] DEBUG AssetLoader          - Loading from cache: /assets/textures/cat4.png
13:53:16.785 [JavaFX Application Thread] DEBUG AssetLoader          - Loading from cache: /assets/textures/cat5.png
13:53:16.802 [JavaFX Application Thread] DEBUG AssetLoader          - Loading from cache: /assets/textures/cat6.png
13:53:16.818 [JavaFX Application Thread] DEBUG AssetLoader          - Loading from cache: /assets/textures/cat7.png
13:53:16.834 [JavaFX Application Thread] DEBUG AssetLoader          - Loading from cache: /assets/textures/cat2.png
13:53:16.851 [JavaFX Application Thread] DEBUG AssetLoader          - Loading from cache: /assets/textures/cat3.png
13:53:16.868 [JavaFX Application Thread] DEBUG AssetLoader          - Loading from cache: /assets/textures/cat4.png
13:53:16.885 [JavaFX Application Thread] DEBUG AssetLoader          - Loading from cache: /assets/textures/cat5.png
13:53:16.901 [JavaFX Application Thread] DEBUG AssetLoader          - Loading from cache: /assets/textures/cat6.png
13:53:16.918 [JavaFX Application Thread] DEBUG AssetLoader          - Loading from cache: /assets/textures/cat7.png
13:53:16.934 [JavaFX Application Thread] DEBUG AssetLoader          - Loading from cache: /assets/textures/cat2.png
13:53:16.951 [JavaFX Application Thread] DEBUG AssetLoader          - Loading from cache: /assets/textures/cat3.png
13:53:16.968 [JavaFX Application Thread] DEBUG AssetLoader          - Loading from cache: /assets/textures/cat4.png
13:53:16.984 [JavaFX Application Thread] DEBUG AssetLoader          - Loading from cache: /assets/textures/cat5.png
13:53:17.002 [JavaFX Application Thread] DEBUG AssetLoader          - Loading from cache: /assets/textures/cat6.png
13:53:17.018 [JavaFX Application Thread] DEBUG AssetLoader          - Loading from cache: /assets/textures/cat7.png
13:53:17.035 [JavaFX Application Thread] DEBUG AssetLoader          - Loading from cache: /assets/textures/cat2.png
13:53:17.051 [JavaFX Application Thread] DEBUG AssetLoader          - Loading from cache: /assets/textures/cat3.png
13:53:17.068 [JavaFX Application Thread] DEBUG AssetLoader          - Loading from cache: /assets/textures/cat4.png
13:53:17.085 [JavaFX Application Thread] DEBUG AssetLoader          - Loading from cache: /assets/textures/cat5.png
13:53:17.102 [JavaFX Application Thread] DEBUG AssetLoader          - Loading from cache: /assets/textures/cat6.png
13:53:17.118 [JavaFX Application Thread] DEBUG AssetLoader          - Loading from cache: /assets/textures/cat7.png
13:53:17.135 [JavaFX Application Thread] DEBUG AssetLoader          - Loading from cache: /assets/textures/cat2.png
13:53:17.151 [JavaFX Application Thread] DEBUG AssetLoader          - Loading from cache: /assets/textures/cat3.png
13:53:17.168 [JavaFX Application Thread] DEBUG AssetLoader          - Loading from cache: /assets/textures/cat4.png
13:53:17.185 [JavaFX Application Thread] DEBUG AssetLoader          - Loading from cache: /assets/textures/cat5.png
13:53:17.201 [JavaFX Application Thread] DEBUG AssetLoader          - Loading from cache: /assets/textures/cat6.png
13:53:17.218 [JavaFX Application Thread] DEBUG AssetLoader          - Loading from cache: /assets/textures/cat7.png
13:53:17.235 [JavaFX Application Thread] DEBUG AssetLoader          - Loading from cache: /assets/textures/cat2.png
13:53:17.251 [JavaFX Application Thread] DEBUG AssetLoader          - Loading from cache: /assets/textures/cat3.png
13:53:17.268 [JavaFX Application Thread] DEBUG AssetLoader          - Loading from cache: /assets/textures/cat4.png
13:53:17.284 [JavaFX Application Thread] DEBUG AssetLoader          - Loading from cache: /assets/textures/cat5.png
13:53:17.301 [JavaFX Application Thread] DEBUG AssetLoader          - Loading from cache: /assets/textures/cat6.png
13:53:17.318 [JavaFX Application Thread] DEBUG AssetLoader          - Loading from cache: /assets/textures/cat7.png
13:53:17.335 [JavaFX Application Thread] DEBUG AssetLoader          - Loading from cache: /assets/textures/cat2.png
13:53:17.351 [JavaFX Application Thread] DEBUG AssetLoader          - Loading from cache: /assets/textures/cat3.png
13:53:17.368 [JavaFX Application Thread] DEBUG AssetLoader          - Loading from cache: /assets/textures/cat4.png
13:53:17.385 [JavaFX Application Thread] DEBUG AssetLoader          - Loading from cache: /assets/textures/cat5.png
13:53:17.402 [JavaFX Application Thread] DEBUG AssetLoader          - Loading from cache: /assets/textures/cat6.png
13:53:17.418 [JavaFX Application Thread] DEBUG AssetLoader          - Loading from cache: /assets/textures/cat7.png
13:53:17.434 [JavaFX Application Thread] DEBUG AssetLoader          - Loading from cache: /assets/textures/cat2.png
13:53:17.451 [JavaFX Application Thread] DEBUG AssetLoader          - Loading from cache: /assets/textures/cat3.png
13:53:17.468 [JavaFX Application Thread] DEBUG AssetLoader          - Loading from cache: /assets/textures/cat4.png
13:53:17.485 [JavaFX Application Thread] DEBUG AssetLoader          - Loading from cache: /assets/textures/cat5.png
13:53:17.502 [JavaFX Application Thread] DEBUG AssetLoader          - Loading from cache: /assets/textures/cat6.png
13:53:17.518 [JavaFX Application Thread] DEBUG AssetLoader          - Loading from cache: /assets/textures/cat7.png
13:53:17.535 [JavaFX Application Thread] DEBUG AssetLoader          - Loading from cache: /assets/textures/cat2.png
13:53:17.551 [JavaFX Application Thread] DEBUG AssetLoader          - Loading from cache: /assets/textures/cat3.png
13:53:17.568 [JavaFX Application Thread] DEBUG AssetLoader          - Loading from cache: /assets/textures/cat4.png
13:53:17.584 [JavaFX Application Thread] DEBUG AssetLoader          - Loading from cache: /assets/textures/cat5.png
13:53:17.601 [JavaFX Application Thread] DEBUG AssetLoader          - Loading from cache: /assets/textures/cat6.png
13:53:17.618 [JavaFX Application Thread] DEBUG AssetLoader          - Loading from cache: /assets/textures/cat7.png
13:53:17.635 [JavaFX Application Thread] DEBUG AssetLoader          - Loading from cache: /assets/textures/cat2.png
13:53:17.652 [JavaFX Application Thread] DEBUG AssetLoader          - Loading from cache: /assets/textures/cat3.png
13:53:17.668 [JavaFX Application Thread] DEBUG AssetLoader          - Loading from cache: /assets/textures/cat4.png
13:53:17.685 [JavaFX Application Thread] DEBUG AssetLoader          - Loading from cache: /assets/textures/cat5.png
13:53:17.701 [JavaFX Application Thread] DEBUG AssetLoader          - Loading from cache: /assets/textures/cat6.png
13:53:17.718 [JavaFX Application Thread] DEBUG AssetLoader          - Loading from cache: /assets/textures/cat7.png
13:53:17.734 [JavaFX Application Thread] DEBUG AssetLoader          - Loading from cache: /assets/textures/cat2.png
13:53:17.751 [JavaFX Application Thread] DEBUG AssetLoader          - Loading from cache: /assets/textures/cat3.png
13:53:17.768 [JavaFX Application Thread] DEBUG AssetLoader          - Loading from cache: /assets/textures/cat4.png
13:53:17.785 [JavaFX Application Thread] DEBUG AssetLoader          - Loading from cache: /assets/textures/cat5.png
13:53:17.801 [JavaFX Application Thread] DEBUG AssetLoader          - Loading from cache: /assets/textures/cat6.png
13:53:17.817 [JavaFX Application Thread] DEBUG AssetLoader          - Loading from cache: /assets/textures/cat7.png
13:53:17.851 [JavaFX Application Thread] DEBUG AssetLoader          - Loading from cache: /assets/textures/cat2.png
13:53:17.868 [JavaFX Application Thread] DEBUG AssetLoader          - Loading from cache: /assets/textures/cat3.png
13:53:17.884 [JavaFX Application Thread] DEBUG AssetLoader          - Loading from cache: /assets/textures/cat4.png
13:53:17.901 [JavaFX Application Thread] DEBUG AssetLoader          - Loading from cache: /assets/textures/cat5.png
13:53:17.918 [JavaFX Application Thread] DEBUG AssetLoader          - Loading from cache: /assets/textures/cat6.png
13:53:17.935 [JavaFX Application Thread] DEBUG AssetLoader          - Loading from cache: /assets/textures/cat7.png
13:53:17.952 [JavaFX Application Thread] DEBUG AssetLoader          - Loading from cache: /assets/textures/cat2.png
13:53:17.968 [JavaFX Application Thread] DEBUG AssetLoader          - Loading from cache: /assets/textures/cat3.png
13:53:17.985 [JavaFX Application Thread] DEBUG AssetLoader          - Loading from cache: /assets/textures/cat4.png
13:53:18.001 [JavaFX Application Thread] DEBUG AssetLoader          - Loading from cache: /assets/textures/cat5.png
13:53:18.018 [JavaFX Application Thread] DEBUG AssetLoader          - Loading from cache: /assets/textures/cat6.png
13:53:18.034 [JavaFX Application Thread] DEBUG AssetLoader          - Loading from cache: /assets/textures/cat7.png
13:53:18.051 [JavaFX Application Thread] DEBUG AssetLoader          - Loading from cache: /assets/textures/cat2.png
13:53:18.068 [JavaFX Application Thread] DEBUG AssetLoader          - Loading from cache: /assets/textures/cat3.png
13:53:18.085 [JavaFX Application Thread] DEBUG AssetLoader          - Loading from cache: /assets/textures/cat4.png
13:53:18.101 [JavaFX Application Thread] DEBUG AssetLoader          - Loading from cache: /assets/textures/cat5.png
13:53:18.118 [JavaFX Application Thread] DEBUG AssetLoader          - Loading from cache: /assets/textures/cat6.png
13:53:18.135 [JavaFX Application Thread] DEBUG AssetLoader          - Loading from cache: /assets/textures/cat7.png
13:53:18.151 [JavaFX Application Thread] DEBUG AssetLoader          - Loading from cache: /assets/textures/cat2.png
13:53:18.168 [JavaFX Application Thread] DEBUG AssetLoader          - Loading from cache: /assets/textures/cat3.png
13:53:18.184 [JavaFX Application Thread] DEBUG AssetLoader          - Loading from cache: /assets/textures/cat4.png
13:53:18.201 [JavaFX Application Thread] DEBUG AssetLoader          - Loading from cache: /assets/textures/cat5.png
13:53:18.218 [JavaFX Application Thread] DEBUG AssetLoader          - Loading from cache: /assets/textures/cat6.png
13:53:18.235 [JavaFX Application Thread] DEBUG AssetLoader          - Loading from cache: /assets/textures/cat7.png
13:53:18.252 [JavaFX Application Thread] DEBUG AssetLoader          - Loading from cache: /assets/textures/cat2.png
13:53:18.268 [JavaFX Application Thread] DEBUG AssetLoader          - Loading from cache: /assets/textures/cat3.png
13:53:18.285 [JavaFX Application Thread] DEBUG AssetLoader          - Loading from cache: /assets/textures/cat4.png
13:53:18.302 [JavaFX Application Thread] DEBUG AssetLoader          - Loading from cache: /assets/textures/cat5.png
13:53:18.318 [JavaFX Application Thread] DEBUG AssetLoader          - Loading from cache: /assets/textures/cat6.png
13:53:18.334 [JavaFX Application Thread] DEBUG AssetLoader          - Loading from cache: /assets/textures/cat7.png
13:53:18.354 [JavaFX Application Thread] DEBUG AssetLoader          - Loading from cache: /assets/textures/cat2.png
13:53:18.368 [JavaFX Application Thread] DEBUG AssetLoader          - Loading from cache: /assets/textures/cat3.png
13:53:18.385 [JavaFX Application Thread] DEBUG AssetLoader          - Loading from cache: /assets/textures/cat4.png
13:53:18.401 [JavaFX Application Thread] DEBUG AssetLoader          - Loading from cache: /assets/textures/cat5.png
13:53:18.418 [JavaFX Application Thread] DEBUG AssetLoader          - Loading from cache: /assets/textures/cat6.png
13:53:18.438 [JavaFX Application Thread] DEBUG AssetLoader          - Loading from cache: /assets/textures/cat7.png
13:53:18.452 [JavaFX Application Thread] DEBUG AssetLoader          - Loading from cache: /assets/textures/cat2.png
13:53:18.467 [JavaFX Application Thread] DEBUG AssetLoader          - Loading from cache: /assets/textures/cat3.png
13:53:18.484 [JavaFX Application Thread] DEBUG AssetLoader          - Loading from cache: /assets/textures/cat4.png
13:53:18.501 [JavaFX Application Thread] DEBUG AssetLoader          - Loading from cache: /assets/textures/cat5.png
13:53:18.517 [JavaFX Application Thread] DEBUG AssetLoader          - Loading from cache: /assets/textures/cat6.png
13:53:18.534 [JavaFX Application Thread] DEBUG AssetLoader          - Loading from cache: /assets/textures/cat7.png
13:53:18.551 [JavaFX Application Thread] DEBUG AssetLoader          - Loading from cache: /assets/textures/cat2.png
13:53:18.568 [JavaFX Application Thread] DEBUG AssetLoader          - Loading from cache: /assets/textures/cat3.png
13:53:18.584 [JavaFX Application Thread] DEBUG AssetLoader          - Loading from cache: /assets/textures/cat4.png
13:53:18.601 [JavaFX Application Thread] DEBUG AssetLoader          - Loading from cache: /assets/textures/cat5.png
13:53:18.618 [JavaFX Application Thread] DEBUG AssetLoader          - Loading from cache: /assets/textures/cat6.png
13:53:18.634 [JavaFX Application Thread] DEBUG AssetLoader          - Loading from cache: /assets/textures/cat7.png
13:53:18.651 [JavaFX Application Thread] DEBUG AssetLoader          - Loading from cache: /assets/textures/cat2.png
13:53:18.668 [JavaFX Application Thread] DEBUG AssetLoader          - Loading from cache: /assets/textures/cat3.png
13:53:18.685 [JavaFX Application Thread] DEBUG AssetLoader          - Loading from cache: /assets/textures/cat4.png
13:53:18.701 [JavaFX Application Thread] DEBUG AssetLoader          - Loading from cache: /assets/textures/cat5.png
13:53:18.718 [JavaFX Application Thread] DEBUG AssetLoader          - Loading from cache: /assets/textures/cat6.png
13:53:18.735 [JavaFX Application Thread] DEBUG AssetLoader          - Loading from cache: /assets/textures/cat7.png
13:53:18.752 [JavaFX Application Thread] DEBUG AssetLoader          - Loading from cache: /assets/textures/cat2.png
13:53:18.768 [JavaFX Application Thread] DEBUG AssetLoader          - Loading from cache: /assets/textures/cat3.png
13:53:18.785 [JavaFX Application Thread] DEBUG AssetLoader          - Loading from cache: /assets/textures/cat4.png
13:53:18.801 [JavaFX Application Thread] DEBUG AssetLoader          - Loading from cache: /assets/textures/cat5.png
13:53:18.818 [JavaFX Application Thread] DEBUG AssetLoader          - Loading from cache: /assets/textures/cat6.png
13:53:18.834 [JavaFX Application Thread] DEBUG AssetLoader          - Loading from cache: /assets/textures/cat7.png
13:53:18.852 [JavaFX Application Thread] DEBUG AssetLoader          - Loading from cache: /assets/textures/cat2.png
13:53:18.868 [JavaFX Application Thread] DEBUG AssetLoader          - Loading from cache: /assets/textures/cat3.png
13:53:18.885 [JavaFX Application Thread] DEBUG AssetLoader          - Loading from cache: /assets/textures/cat4.png
13:53:18.901 [JavaFX Application Thread] DEBUG AssetLoader          - Loading from cache: /assets/textures/cat5.png
13:53:18.918 [JavaFX Application Thread] DEBUG AssetLoader          - Loading from cache: /assets/textures/cat6.png
13:53:18.934 [JavaFX Application Thread] DEBUG AssetLoader          - Loading from cache: /assets/textures/cat7.png
13:53:18.951 [JavaFX Application Thread] DEBUG AssetLoader          - Loading from cache: /assets/textures/cat2.png
13:53:18.968 [JavaFX Application Thread] DEBUG AssetLoader          - Loading from cache: /assets/textures/cat3.png
13:53:18.985 [JavaFX Application Thread] DEBUG AssetLoader          - Loading from cache: /assets/textures/cat4.png
13:53:19.001 [JavaFX Application Thread] DEBUG AssetLoader          - Loading from cache: /assets/textures/cat5.png
13:53:19.019 [JavaFX Application Thread] DEBUG AssetLoader          - Loading from cache: /assets/textures/cat6.png
13:53:19.035 [JavaFX Application Thread] DEBUG AssetLoader          - Loading from cache: /assets/textures/cat7.png
13:53:19.051 [JavaFX Application Thread] DEBUG AssetLoader          - Loading from cache: /assets/textures/cat2.png
13:53:19.068 [JavaFX Application Thread] DEBUG AssetLoader          - Loading from cache: /assets/textures/cat3.png
13:53:19.084 [JavaFX Application Thread] DEBUG AssetLoader          - Loading from cache: /assets/textures/cat4.png
13:53:19.102 [JavaFX Application Thread] DEBUG AssetLoader          - Loading from cache: /assets/textures/cat5.png
13:53:19.118 [JavaFX Application Thread] DEBUG AssetLoader          - Loading from cache: /assets/textures/cat6.png
13:53:19.135 [JavaFX Application Thread] DEBUG AssetLoader          - Loading from cache: /assets/textures/cat7.png
13:53:19.151 [JavaFX Application Thread] DEBUG AssetLoader          - Loading from cache: /assets/textures/cat2.png
13:53:19.168 [JavaFX Application Thread] DEBUG AssetLoader          - Loading from cache: /assets/textures/cat3.png
13:53:19.185 [JavaFX Application Thread] DEBUG AssetLoader          - Loading from cache: /assets/textures/cat4.png
13:53:19.201 [JavaFX Application Thread] DEBUG AssetLoader          - Loading from cache: /assets/textures/cat5.png
13:53:19.202 [JavaFX Application Thread] DEBUG AssetLoader          - Loading from cache: /assets/sounds/explosion.wav
13:53:20.218 [JavaFX Application Thread] DEBUG AssetLoader          - Loading from cache: /assets/textures/cat6.png
13:53:20.675 [JavaFX Application Thread] DEBUG GameApplication      - Exiting game application
13:53:20.677 [JavaFX Application Thread] DEBUG GameApplication      - Shutting down background threads
13:53:20.678 [JavaFX Application Thread] DEBUG GameApplication      - Exiting FXGL
13:53:20.678 [JavaFX Application Thread] DEBUG FXGL                 - Saving FXGL system data
13:53:20.680 [JavaFX Application Thread] DEBUG IOTask               - Executing task: writeDataTask(system/fxgl.bundle)
13:53:20.683 [JavaFX Application Thread] DEBUG FS                   - Writing to: system/fxgl.bundle
13:53:20.687 [JavaFX Application Thread] DEBUG IOTask               - Task succeeded: writeDataTask(system/fxgl.bundle)
13:53:20.687 [JavaFX Application Thread] DEBUG GameApplication      - Closing logger and exiting JavaFX
