12:31:00.457 [JavaFX Application Thread] DEBUG GameApplication      - Logger initialized
12:31:01.622 [JavaFX Application Thread] DEBUG GameApplication      - Starting FXGL
12:31:01.622 [JavaFX Application Thread] INFO  Version              - FXGL-0.4.0
12:31:01.623 [JavaFX Application Thread] INFO  Version              - Source code and latest versions at: https://github.com/AlmasB/FXGL
12:31:01.623 [JavaFX Application Thread] INFO  Version              -              Join the FXGL chat at: https://gitter.im/AlmasB/FXGL
12:31:01.825 [FXGL Launcher Thread     ] DEBUG FXGL                 - Loading FXGL system data
12:31:01.845 [FXGL Launcher Thread     ] DEBUG IOTask               - Executing task: readDataTask(system/fxgl.bundle)
12:31:01.885 [FXGL Launcher Thread     ] DEBUG FS                   - Reading from: system/fxgl.bundle
12:31:01.911 [FXGL Launcher Thread     ] DEBUG IOTask               - Task succeeded: readDataTask(system/fxgl.bundle)
12:31:01.912 [FXGL Launcher Thread     ] DEBUG Bundle               - Logging bundle: FXGL
12:31:01.913 [FXGL Launcher Thread     ] DEBUG Bundle               - FXGL.offline.timer.version.check=2017-12-20T22:26:57.887
12:31:01.914 [FXGL Launcher Thread     ] DEBUG GameApplication      - FXGL configuration complete
12:31:01.919 [FXGL Launcher Thread     ] INFO  GameApplication      - FXGL configuration took:  0.290 sec
12:31:01.923 [FXGL Launcher Thread     ] DEBUG GameApplication      - Logging game settings
Title: My App
Version: 0.1
Width: 1280
Height: 780
Fullscreen: false
Intro: false
Menus: false
Profiling: false
Single step:false
App Mode: DEVELOPER
Menu Key: ESCAPE
Stage Style: DECORATED
Scene Factory: class com.almasb.fxgl.scene.SceneFactory
Dialog Factory: class com.almasb.fxgl.ui.FXGLDialogFactory
UI Factory: class com.almasb.fxgl.ui.FXGLUIFactory
Notification Service: class com.almasb.fxgl.gameplay.notification.XboxNotificationView
Exception Handler: class com.almasb.fxgl.app.FXGLExceptionHandler
12:31:01.938 [JavaFX Application Thread] DEBUG UpdaterTask          - Checking for updates
12:31:02.094 [JavaFX Application Thread] DEBUG IOTask               - Showing dialog
12:31:02.100 [FXGL Background Thread 1 ] DEBUG IOTask               - Executing task: openStream(https://raw.githubusercontent.com/AlmasB/FXGL/master/pom.xml)
12:31:02.100 [FXGL Background Thread 1 ] DEBUG IOTask               - Executing task: openStream(https://raw.githubusercontent.com/AlmasB/FXGL/master/pom.xml)
12:31:02.541 [JavaFX Application Thread] DEBUG IOTask               - fail(): Dismissing dialog
12:31:02.541 [JavaFX Application Thread] WARN  IOTask               - Task failed: openStream(https://raw.githubusercontent.com/AlmasB/FXGL/master/pom.xml) Error: java.net.UnknownHostException: raw.githubusercontent.com
12:31:02.541 [JavaFX Application Thread] WARN  UpdaterTask          - Failed to find updates: java.net.UnknownHostException: raw.githubusercontent.com
12:31:03.396 [FXGL Launcher Thread     ] DEBUG GameApplication      - Configuring GameApplication
12:31:03.404 [FXGL Launcher Thread     ] DEBUG AppStateMachine      - Initializing application states
12:31:03.417 [FXGL Launcher Thread     ] DEBUG AssetLoader          - Loading from disk: /assets/ui/cursors/fxgl_default.png
12:31:03.454 [FXGL Launcher Thread     ] DEBUG AssetLoader          - Loading from disk: /assets/ui/cursors/fxgl_default.png
12:31:03.463 [FXGL Launcher Thread     ] DEBUG AssetLoader          - Loading from disk: /assets/sounds/core/notification.wav
12:31:03.551 [FXGL Launcher Thread     ] DEBUG AssetLoader          - Loading from disk: /assets/sounds/menu/select.wav
12:31:03.553 [FXGL Launcher Thread     ] DEBUG AssetLoader          - Loading from disk: /assets/sounds/menu/back.wav
12:31:03.554 [FXGL Launcher Thread     ] DEBUG AssetLoader          - Loading from disk: /assets/sounds/menu/press.wav
12:31:03.556 [FXGL Launcher Thread     ] DEBUG AssetLoader          - Loading from disk: /assets/ui/fonts/VarelaRound-Regular.ttf
12:31:03.566 [FXGL Launcher Thread     ] DEBUG AssetLoader          - Loading from disk: /assets/ui/fonts/lucida_console.ttf
12:31:03.571 [FXGL Launcher Thread     ] DEBUG AssetLoader          - Loading from disk: /assets/ui/css/fxgl_dark.css
12:31:03.572 [FXGL Launcher Thread     ] DEBUG AssetLoader          - Loading from disk: /assets/ui/icons/fxgl_icon.png
12:31:03.605 [FXGL Launcher Thread     ] DEBUG AssetLoader          - Loading from disk: /assets/ui/cursors/fxgl_default.png
12:31:03.681 [FXGL Launcher Thread     ] DEBUG FXGL.GameScene       - Game scene initialized: 1280x780
12:31:03.687 [FXGL Launcher Thread     ] DEBUG FXGL.GameWorld       - Game world initialized
12:31:03.829 [FXGL Launcher Thread     ] DEBUG FXGL.PhysicsWorld    - Physics world initialized: appHeight=780, physics.ppm=50.0
12:31:03.858 [FXGL Launcher Thread     ] DEBUG Input                - Registered new binding: Pause - Esc
12:31:03.882 [FXGL Launcher Thread     ] INFO  GameApplication      - Game configuration took:  0.486 sec
12:31:03.884 [JavaFX Application Thread] DEBUG MainWindow           - App size > screen size
12:31:03.885 [JavaFX Application Thread] DEBUG MainWindow           - Target size: 1280.0 x 780.0 @ 1.0
12:31:03.885 [JavaFX Application Thread] DEBUG MainWindow           - New size:    1222.0 x 744.65625 @ 0.9546875
12:31:03.885 [JavaFX Application Thread] DEBUG MainWindow           - Opening main window
12:31:03.955 [JavaFX Application Thread] DEBUG MainWindow           - Root size:  1280.0x780.0
12:31:03.955 [JavaFX Application Thread] DEBUG MainWindow           - Scene size: 1280.0x780.0
12:31:03.955 [JavaFX Application Thread] DEBUG MainWindow           - Stage size: 1280.0x802.0
12:31:03.955 [JavaFX Application Thread] DEBUG GameApplication      - Running preInit()
12:31:04.150 [JavaFX Application Thread] DEBUG AnnotationParser     - @SetAchievementStore: []
12:31:04.152 [JavaFX Application Thread] DEBUG Input                - Registered new binding: Screenshot - P
12:31:04.153 [JavaFX Application Thread] DEBUG Input                - Registered new binding: Dev Options - CTRL+0
12:31:04.153 [JavaFX Application Thread] DEBUG Input                - Registered new binding: Player1 Move Right - D
12:31:04.154 [JavaFX Application Thread] DEBUG Input                - Registered new binding: Player1 Move Left - A
12:31:04.154 [JavaFX Application Thread] DEBUG Input                - Registered new binding: Player1 Move Up - W
12:31:04.154 [JavaFX Application Thread] DEBUG Input                - Registered new binding: Player1 Move Down - S
12:31:04.155 [JavaFX Application Thread] DEBUG Input                - Registered new binding: Player2 Move Up - Up
12:31:04.155 [JavaFX Application Thread] DEBUG Input                - Registered new binding: Player2 Move Down - Down
12:31:04.155 [JavaFX Application Thread] DEBUG Input                - Registered new binding: Player2 Move Right - Right
12:31:04.155 [JavaFX Application Thread] DEBUG Input                - Registered new binding: Player2 Move Left - Left
12:31:04.239 [JavaFX Application Thread] DEBUG GameApplication      - Starting main loop
12:31:04.255 [JavaFX Application Thread] DEBUG StartupState         - STARTUP
12:31:04.256 [JavaFX Application Thread] DEBUG GameApplication      - Starting new game
12:31:04.256 [JavaFX Application Thread] DEBUG Input                - Clearing active input actions
12:31:04.256 [JavaFX Application Thread] DEBUG AppStateMachine      - StartupState -> LoadingState
12:31:04.312 [JavaFX Application Thread] DEBUG InitAppTask          - Parsing annotations
12:31:04.392 [JavaFX Application Thread] DEBUG AnnotationParser     - @SetEntityFactory: []
12:31:04.392 [JavaFX Application Thread] DEBUG AnnotationParser     - @SetEventHandler: []
12:31:04.393 [JavaFX Application Thread] DEBUG AnnotationParser     - @AddCollisionHandler: []
12:31:04.396 [FXGL Background Thread 1 ] DEBUG InitAppTask          - Clearing previous game
12:31:04.397 [FXGL Background Thread 1 ] DEBUG FXGL.GameWorld       - Clearing game world
12:31:04.398 [FXGL Background Thread 1 ] DEBUG FXGL.PhysicsWorld    - Clearing physics world
12:31:04.398 [FXGL Background Thread 1 ] DEBUG FXGL.GameScene       - Clearing game scene
12:31:04.399 [FXGL Background Thread 1 ] DEBUG InitAppTask          - Initializing Assets
12:31:04.402 [FXGL Background Thread 1 ] DEBUG InitAppTask          - Initializing Game
12:31:04.467 [FXGL Background Thread 1 ] DEBUG AssetLoader          - Loading from disk: /assets/textures/cat2.png
12:31:04.484 [FXGL Background Thread 1 ] DEBUG FXGL.GameScene       - Creating render group for layer: TOP(2147483647)
12:31:04.495 [FXGL Background Thread 1 ] DEBUG AssetLoader          - Loading from disk: /assets/textures/jerry.png
12:31:04.511 [JavaFX Application Thread] DEBUG GameApplication      - Exiting game application
12:31:04.512 [JavaFX Application Thread] DEBUG GameApplication      - Shutting down background threads
12:31:04.513 [JavaFX Application Thread] DEBUG GameApplication      - Exiting FXGL
12:31:04.513 [JavaFX Application Thread] DEBUG FXGL                 - Saving FXGL system data
12:31:04.514 [JavaFX Application Thread] DEBUG IOTask               - Executing task: writeDataTask(system/fxgl.bundle)
12:31:04.517 [JavaFX Application Thread] DEBUG FS                   - Writing to: system/fxgl.bundle
12:31:04.523 [JavaFX Application Thread] DEBUG IOTask               - Task succeeded: writeDataTask(system/fxgl.bundle)
12:31:04.523 [JavaFX Application Thread] DEBUG GameApplication      - Closing logger and exiting JavaFX
12:31:04.538 [FXGL Background Thread 1 ] DEBUG InitAppTask          - Initializing Physics
12:31:04.539 [FXGL Background Thread 1 ] DEBUG InitAppTask          - Initializing UI
